[4.061s] Invoking command in '/home/vboxuser/ros2_ws/src/lidar_turtlebot_activity': PYTHONPATH=/home/vboxuser/ros2_ws/build/lidar_turtlebot_activity/prefix_override:/usr/lib/python3/dist-packages/colcon_core/task/python/colcon_distutils_commands:/home/vboxuser/ros2_ws/install/lidar_turtlebot_activity/lib/python3.10/site-packages:${PYTHONPATH} /usr/bin/python3 -W ignore:setup.py install is deprecated -W ignore:easy_install command is deprecated setup.py egg_info --egg-base ../../build/lidar_turtlebot_activity build --build-base /home/vboxuser/ros2_ws/build/lidar_turtlebot_activity/build install --record /home/vboxuser/ros2_ws/build/lidar_turtlebot_activity/install.log --single-version-externally-managed install_data
[5.132s] running egg_info
[5.132s] writing ../../build/lidar_turtlebot_activity/lidar_turtlebot_activity.egg-info/PKG-INFO
[5.133s] writing dependency_links to ../../build/lidar_turtlebot_activity/lidar_turtlebot_activity.egg-info/dependency_links.txt
[5.134s] writing entry points to ../../build/lidar_turtlebot_activity/lidar_turtlebot_activity.egg-info/entry_points.txt
[5.134s] writing requirements to ../../build/lidar_turtlebot_activity/lidar_turtlebot_activity.egg-info/requires.txt
[5.137s] writing top-level names to ../../build/lidar_turtlebot_activity/lidar_turtlebot_activity.egg-info/top_level.txt
[5.137s] reading manifest file '../../build/lidar_turtlebot_activity/lidar_turtlebot_activity.egg-info/SOURCES.txt'
[5.139s] writing manifest file '../../build/lidar_turtlebot_activity/lidar_turtlebot_activity.egg-info/SOURCES.txt'
[5.142s] running build
[5.142s] running build_py
[5.142s] copying lidar_turtlebot_activity/turtlebot_avoidance.py -> /home/vboxuser/ros2_ws/build/lidar_turtlebot_activity/build/lib/lidar_turtlebot_activity
[5.142s] running install
[5.142s] running install_lib
[5.144s] copying /home/vboxuser/ros2_ws/build/lidar_turtlebot_activity/build/lib/lidar_turtlebot_activity/turtlebot_avoidance.py -> /home/vboxuser/ros2_ws/install/lidar_turtlebot_activity/lib/python3.10/site-packages/lidar_turtlebot_activity
[5.145s] byte-compiling /home/vboxuser/ros2_ws/install/lidar_turtlebot_activity/lib/python3.10/site-packages/lidar_turtlebot_activity/turtlebot_avoidance.py to turtlebot_avoidance.cpython-310.pyc
[5.151s] running install_data
[5.165s] running install_egg_info
[5.166s] removing '/home/vboxuser/ros2_ws/install/lidar_turtlebot_activity/lib/python3.10/site-packages/lidar_turtlebot_activity-0.0.0-py3.10.egg-info' (and everything under it)
[5.166s] Copying ../../build/lidar_turtlebot_activity/lidar_turtlebot_activity.egg-info to /home/vboxuser/ros2_ws/install/lidar_turtlebot_activity/lib/python3.10/site-packages/lidar_turtlebot_activity-0.0.0-py3.10.egg-info
[5.166s] running install_scripts
[5.292s] Installing lidar_plotter script to /home/vboxuser/ros2_ws/install/lidar_turtlebot_activity/lib/lidar_turtlebot_activity
[5.293s] Installing turtlebot_avoidance script to /home/vboxuser/ros2_ws/install/lidar_turtlebot_activity/lib/lidar_turtlebot_activity
[5.294s] writing list of installed files to '/home/vboxuser/ros2_ws/build/lidar_turtlebot_activity/install.log'
[5.355s] Invoked command in '/home/vboxuser/ros2_ws/src/lidar_turtlebot_activity' returned '0': PYTHONPATH=/home/vboxuser/ros2_ws/build/lidar_turtlebot_activity/prefix_override:/usr/lib/python3/dist-packages/colcon_core/task/python/colcon_distutils_commands:/home/vboxuser/ros2_ws/install/lidar_turtlebot_activity/lib/python3.10/site-packages:${PYTHONPATH} /usr/bin/python3 -W ignore:setup.py install is deprecated -W ignore:easy_install command is deprecated setup.py egg_info --egg-base ../../build/lidar_turtlebot_activity build --build-base /home/vboxuser/ros2_ws/build/lidar_turtlebot_activity/build install --record /home/vboxuser/ros2_ws/build/lidar_turtlebot_activity/install.log --single-version-externally-managed install_data
