[6.847s] Invoking command in '/home/vboxuser/ros2_ws/src/lidar_turtlebot_activity': PYTHONPATH=/home/vboxuser/ros2_ws/build/lidar_turtlebot_activity/prefix_override:/usr/lib/python3/dist-packages/colcon_core/task/python/colcon_distutils_commands:/home/vboxuser/ros2_ws/install/lidar_turtlebot_activity/lib/python3.10/site-packages:${PYTHONPATH} /usr/bin/python3 -W ignore:setup.py install is deprecated -W ignore:easy_install command is deprecated setup.py egg_info --egg-base ../../build/lidar_turtlebot_activity build --build-base /home/vboxuser/ros2_ws/build/lidar_turtlebot_activity/build install --record /home/vboxuser/ros2_ws/build/lidar_turtlebot_activity/install.log --single-version-externally-managed install_data
[9.105s] running egg_info
[9.105s] creating ../../build/lidar_turtlebot_activity/lidar_turtlebot_activity.egg-info
[9.105s] writing ../../build/lidar_turtlebot_activity/lidar_turtlebot_activity.egg-info/PKG-INFO
[9.105s] writing dependency_links to ../../build/lidar_turtlebot_activity/lidar_turtlebot_activity.egg-info/dependency_links.txt
[9.106s] writing entry points to ../../build/lidar_turtlebot_activity/lidar_turtlebot_activity.egg-info/entry_points.txt
[9.106s] writing requirements to ../../build/lidar_turtlebot_activity/lidar_turtlebot_activity.egg-info/requires.txt
[9.106s] writing top-level names to ../../build/lidar_turtlebot_activity/lidar_turtlebot_activity.egg-info/top_level.txt
[9.106s] writing manifest file '../../build/lidar_turtlebot_activity/lidar_turtlebot_activity.egg-info/SOURCES.txt'
[9.106s] reading manifest file '../../build/lidar_turtlebot_activity/lidar_turtlebot_activity.egg-info/SOURCES.txt'
[9.106s] writing manifest file '../../build/lidar_turtlebot_activity/lidar_turtlebot_activity.egg-info/SOURCES.txt'
[9.106s] running build
[9.106s] running build_py
[9.106s] creating /home/vboxuser/ros2_ws/build/lidar_turtlebot_activity/build
[9.106s] creating /home/vboxuser/ros2_ws/build/lidar_turtlebot_activity/build/lib
[9.106s] creating /home/vboxuser/ros2_ws/build/lidar_turtlebot_activity/build/lib/lidar_turtlebot_activity
[9.106s] copying lidar_turtlebot_activity/turtlebot_avoidance.py -> /home/vboxuser/ros2_ws/build/lidar_turtlebot_activity/build/lib/lidar_turtlebot_activity
[9.106s] copying lidar_turtlebot_activity/lidar_plotter.py -> /home/vboxuser/ros2_ws/build/lidar_turtlebot_activity/build/lib/lidar_turtlebot_activity
[9.107s] copying lidar_turtlebot_activity/__init__.py -> /home/vboxuser/ros2_ws/build/lidar_turtlebot_activity/build/lib/lidar_turtlebot_activity
[9.107s] running install
[9.107s] running install_lib
[9.108s] creating /home/vboxuser/ros2_ws/install/lidar_turtlebot_activity/lib/python3.10/site-packages/lidar_turtlebot_activity
[9.108s] copying /home/vboxuser/ros2_ws/build/lidar_turtlebot_activity/build/lib/lidar_turtlebot_activity/turtlebot_avoidance.py -> /home/vboxuser/ros2_ws/install/lidar_turtlebot_activity/lib/python3.10/site-packages/lidar_turtlebot_activity
[9.108s] copying /home/vboxuser/ros2_ws/build/lidar_turtlebot_activity/build/lib/lidar_turtlebot_activity/lidar_plotter.py -> /home/vboxuser/ros2_ws/install/lidar_turtlebot_activity/lib/python3.10/site-packages/lidar_turtlebot_activity
[9.108s] copying /home/vboxuser/ros2_ws/build/lidar_turtlebot_activity/build/lib/lidar_turtlebot_activity/__init__.py -> /home/vboxuser/ros2_ws/install/lidar_turtlebot_activity/lib/python3.10/site-packages/lidar_turtlebot_activity
[9.108s] byte-compiling /home/vboxuser/ros2_ws/install/lidar_turtlebot_activity/lib/python3.10/site-packages/lidar_turtlebot_activity/turtlebot_avoidance.py to turtlebot_avoidance.cpython-310.pyc
[9.108s] byte-compiling /home/vboxuser/ros2_ws/install/lidar_turtlebot_activity/lib/python3.10/site-packages/lidar_turtlebot_activity/lidar_plotter.py to lidar_plotter.cpython-310.pyc
[9.109s] byte-compiling /home/vboxuser/ros2_ws/install/lidar_turtlebot_activity/lib/python3.10/site-packages/lidar_turtlebot_activity/__init__.py to __init__.cpython-310.pyc
[9.109s] running install_data
[9.109s] creating /home/vboxuser/ros2_ws/install/lidar_turtlebot_activity/share/ament_index
[9.109s] creating /home/vboxuser/ros2_ws/install/lidar_turtlebot_activity/share/ament_index/resource_index
[9.109s] creating /home/vboxuser/ros2_ws/install/lidar_turtlebot_activity/share/ament_index/resource_index/packages
[9.109s] copying resource/lidar_turtlebot_activity -> /home/vboxuser/ros2_ws/install/lidar_turtlebot_activity/share/ament_index/resource_index/packages
[9.109s] copying package.xml -> /home/vboxuser/ros2_ws/install/lidar_turtlebot_activity/share/lidar_turtlebot_activity
[9.109s] running install_egg_info
[9.125s] Copying ../../build/lidar_turtlebot_activity/lidar_turtlebot_activity.egg-info to /home/vboxuser/ros2_ws/install/lidar_turtlebot_activity/lib/python3.10/site-packages/lidar_turtlebot_activity-0.0.0-py3.10.egg-info
[9.125s] running install_scripts
[9.278s] Installing lidar_plotter script to /home/vboxuser/ros2_ws/install/lidar_turtlebot_activity/lib/lidar_turtlebot_activity
[9.278s] Installing turtlebot_avoidance script to /home/vboxuser/ros2_ws/install/lidar_turtlebot_activity/lib/lidar_turtlebot_activity
[9.278s] writing list of installed files to '/home/vboxuser/ros2_ws/build/lidar_turtlebot_activity/install.log'
[9.436s] Invoked command in '/home/vboxuser/ros2_ws/src/lidar_turtlebot_activity' returned '0': PYTHONPATH=/home/vboxuser/ros2_ws/build/lidar_turtlebot_activity/prefix_override:/usr/lib/python3/dist-packages/colcon_core/task/python/colcon_distutils_commands:/home/vboxuser/ros2_ws/install/lidar_turtlebot_activity/lib/python3.10/site-packages:${PYTHONPATH} /usr/bin/python3 -W ignore:setup.py install is deprecated -W ignore:easy_install command is deprecated setup.py egg_info --egg-base ../../build/lidar_turtlebot_activity build --build-base /home/vboxuser/ros2_ws/build/lidar_turtlebot_activity/build install --record /home/vboxuser/ros2_ws/build/lidar_turtlebot_activity/install.log --single-version-externally-managed install_data
