[1.975s] Invoking command in '/home/vboxuser/ros2_ws/src/turtle_sim_pkg': PYTHONPATH=/home/vboxuser/ros2_ws/build/turtle_sim_pkg/prefix_override:/usr/lib/python3/dist-packages/colcon_core/task/python/colcon_distutils_commands:/home/vboxuser/ros2_ws/install/turtle_sim_pkg/lib/python3.10/site-packages:${PYTHONPATH} /usr/bin/python3 -W ignore:setup.py install is deprecated -W ignore:easy_install command is deprecated setup.py egg_info --egg-base ../../build/turtle_sim_pkg build --build-base /home/vboxuser/ros2_ws/build/turtle_sim_pkg/build install --record /home/vboxuser/ros2_ws/build/turtle_sim_pkg/install.log --single-version-externally-managed install_data
[3.091s] running egg_info
[3.091s] writing ../../build/turtle_sim_pkg/turtle_sim_pkg.egg-info/PKG-INFO
[3.092s] writing dependency_links to ../../build/turtle_sim_pkg/turtle_sim_pkg.egg-info/dependency_links.txt
[3.093s] writing entry points to ../../build/turtle_sim_pkg/turtle_sim_pkg.egg-info/entry_points.txt
[3.094s] writing requirements to ../../build/turtle_sim_pkg/turtle_sim_pkg.egg-info/requires.txt
[3.094s] writing top-level names to ../../build/turtle_sim_pkg/turtle_sim_pkg.egg-info/top_level.txt
[3.120s] reading manifest file '../../build/turtle_sim_pkg/turtle_sim_pkg.egg-info/SOURCES.txt'
[3.122s] adding license file 'LICENSE'
[3.126s] writing manifest file '../../build/turtle_sim_pkg/turtle_sim_pkg.egg-info/SOURCES.txt'
[3.126s] running build
[3.126s] running build_py
[3.127s] copying turtle_sim_pkg/go_to_goal.py -> /home/vboxuser/ros2_ws/build/turtle_sim_pkg/build/lib/turtle_sim_pkg
[3.127s] running install
[3.131s] running install_lib
[3.137s] copying /home/vboxuser/ros2_ws/build/turtle_sim_pkg/build/lib/turtle_sim_pkg/go_to_goal.py -> /home/vboxuser/ros2_ws/install/turtle_sim_pkg/lib/python3.10/site-packages/turtle_sim_pkg
[3.139s] byte-compiling /home/vboxuser/ros2_ws/install/turtle_sim_pkg/lib/python3.10/site-packages/turtle_sim_pkg/go_to_goal.py to go_to_goal.cpython-310.pyc
[3.142s] running install_data
[3.142s] running install_egg_info
[3.158s] removing '/home/vboxuser/ros2_ws/install/turtle_sim_pkg/lib/python3.10/site-packages/turtle_sim_pkg-0.0.0-py3.10.egg-info' (and everything under it)
[3.158s] Copying ../../build/turtle_sim_pkg/turtle_sim_pkg.egg-info to /home/vboxuser/ros2_ws/install/turtle_sim_pkg/lib/python3.10/site-packages/turtle_sim_pkg-0.0.0-py3.10.egg-info
[3.167s] running install_scripts
[3.214s] Installing draw_square script to /home/vboxuser/ros2_ws/install/turtle_sim_pkg/lib/turtle_sim_pkg
[3.215s] Installing go_to_goal script to /home/vboxuser/ros2_ws/install/turtle_sim_pkg/lib/turtle_sim_pkg
[3.215s] Installing pose_subscriber script to /home/vboxuser/ros2_ws/install/turtle_sim_pkg/lib/turtle_sim_pkg
[3.216s] writing list of installed files to '/home/vboxuser/ros2_ws/build/turtle_sim_pkg/install.log'
[3.249s] Invoked command in '/home/vboxuser/ros2_ws/src/turtle_sim_pkg' returned '0': PYTHONPATH=/home/vboxuser/ros2_ws/build/turtle_sim_pkg/prefix_override:/usr/lib/python3/dist-packages/colcon_core/task/python/colcon_distutils_commands:/home/vboxuser/ros2_ws/install/turtle_sim_pkg/lib/python3.10/site-packages:${PYTHONPATH} /usr/bin/python3 -W ignore:setup.py install is deprecated -W ignore:easy_install command is deprecated setup.py egg_info --egg-base ../../build/turtle_sim_pkg build --build-base /home/vboxuser/ros2_ws/build/turtle_sim_pkg/build install --record /home/vboxuser/ros2_ws/build/turtle_sim_pkg/install.log --single-version-externally-managed install_data
