[9.292s] Invoking command in '/home/vboxuser/ros2_ws/src/lidar_turtlebot_activity': PYTHONPATH=/home/vboxuser/ros2_ws/build/lidar_turtlebot_activity/prefix_override:/usr/lib/python3/dist-packages/colcon_core/task/python/colcon_distutils_commands:/home/vboxuser/ros2_ws/install/lidar_turtlebot_activity/lib/python3.10/site-packages:${PYTHONPATH} /usr/bin/python3 -W ignore:setup.py install is deprecated -W ignore:easy_install command is deprecated setup.py egg_info --egg-base ../../build/lidar_turtlebot_activity build --build-base /home/vboxuser/ros2_ws/build/lidar_turtlebot_activity/build install --record /home/vboxuser/ros2_ws/build/lidar_turtlebot_activity/install.log --single-version-externally-managed install_data
[10.104s] running egg_info
[10.116s] writing ../../build/lidar_turtlebot_activity/lidar_turtlebot_activity.egg-info/PKG-INFO
[10.119s] writing dependency_links to ../../build/lidar_turtlebot_activity/lidar_turtlebot_activity.egg-info/dependency_links.txt
[10.123s] writing entry points to ../../build/lidar_turtlebot_activity/lidar_turtlebot_activity.egg-info/entry_points.txt
[10.143s] writing requirements to ../../build/lidar_turtlebot_activity/lidar_turtlebot_activity.egg-info/requires.txt
[10.143s] writing top-level names to ../../build/lidar_turtlebot_activity/lidar_turtlebot_activity.egg-info/top_level.txt
[10.144s] reading manifest file '../../build/lidar_turtlebot_activity/lidar_turtlebot_activity.egg-info/SOURCES.txt'
[10.145s] writing manifest file '../../build/lidar_turtlebot_activity/lidar_turtlebot_activity.egg-info/SOURCES.txt'
[10.145s] running build
[10.145s] running build_py
[10.189s] running install
[10.189s] running install_lib
[10.192s] running install_data
[10.192s] running install_egg_info
[10.244s] removing '/home/vboxuser/ros2_ws/install/lidar_turtlebot_activity/lib/python3.10/site-packages/lidar_turtlebot_activity-0.0.0-py3.10.egg-info' (and everything under it)
[10.244s] Copying ../../build/lidar_turtlebot_activity/lidar_turtlebot_activity.egg-info to /home/vboxuser/ros2_ws/install/lidar_turtlebot_activity/lib/python3.10/site-packages/lidar_turtlebot_activity-0.0.0-py3.10.egg-info
[10.253s] running install_scripts
[10.307s] Installing lidar_plotter script to /home/vboxuser/ros2_ws/install/lidar_turtlebot_activity/lib/lidar_turtlebot_activity
[10.308s] Installing turtlebot_avoidance script to /home/vboxuser/ros2_ws/install/lidar_turtlebot_activity/lib/lidar_turtlebot_activity
[10.309s] writing list of installed files to '/home/vboxuser/ros2_ws/build/lidar_turtlebot_activity/install.log'
[10.394s] Invoked command in '/home/vboxuser/ros2_ws/src/lidar_turtlebot_activity' returned '0': PYTHONPATH=/home/vboxuser/ros2_ws/build/lidar_turtlebot_activity/prefix_override:/usr/lib/python3/dist-packages/colcon_core/task/python/colcon_distutils_commands:/home/vboxuser/ros2_ws/install/lidar_turtlebot_activity/lib/python3.10/site-packages:${PYTHONPATH} /usr/bin/python3 -W ignore:setup.py install is deprecated -W ignore:easy_install command is deprecated setup.py egg_info --egg-base ../../build/lidar_turtlebot_activity build --build-base /home/vboxuser/ros2_ws/build/lidar_turtlebot_activity/build install --record /home/vboxuser/ros2_ws/build/lidar_turtlebot_activity/install.log --single-version-externally-managed install_data
