/home/vboxuser/ros2_ws/install/turtle_sim_pkg/lib/python3.10/site-packages/turtle_sim_pkg/go_to_goal.py
/home/vboxuser/ros2_ws/install/turtle_sim_pkg/lib/python3.10/site-packages/turtle_sim_pkg/draw_square.py
/home/vboxuser/ros2_ws/install/turtle_sim_pkg/lib/python3.10/site-packages/turtle_sim_pkg/pose_subscriber.py
/home/vboxuser/ros2_ws/install/turtle_sim_pkg/lib/python3.10/site-packages/turtle_sim_pkg/__init__.py
/home/vboxuser/ros2_ws/install/turtle_sim_pkg/lib/python3.10/site-packages/turtle_sim_pkg/__pycache__/go_to_goal.cpython-310.pyc
/home/vboxuser/ros2_ws/install/turtle_sim_pkg/lib/python3.10/site-packages/turtle_sim_pkg/__pycache__/draw_square.cpython-310.pyc
/home/vboxuser/ros2_ws/install/turtle_sim_pkg/lib/python3.10/site-packages/turtle_sim_pkg/__pycache__/pose_subscriber.cpython-310.pyc
/home/vboxuser/ros2_ws/install/turtle_sim_pkg/lib/python3.10/site-packages/turtle_sim_pkg/__pycache__/__init__.cpython-310.pyc
/home/vboxuser/ros2_ws/install/turtle_sim_pkg/share/ament_index/resource_index/packages/turtle_sim_pkg
/home/vboxuser/ros2_ws/install/turtle_sim_pkg/share/turtle_sim_pkg/package.xml
/home/vboxuser/ros2_ws/install/turtle_sim_pkg/lib/python3.10/site-packages/turtle_sim_pkg-0.0.0-py3.10.egg-info/dependency_links.txt
/home/vboxuser/ros2_ws/install/turtle_sim_pkg/lib/python3.10/site-packages/turtle_sim_pkg-0.0.0-py3.10.egg-info/zip-safe
/home/vboxuser/ros2_ws/install/turtle_sim_pkg/lib/python3.10/site-packages/turtle_sim_pkg-0.0.0-py3.10.egg-info/PKG-INFO
/home/vboxuser/ros2_ws/install/turtle_sim_pkg/lib/python3.10/site-packages/turtle_sim_pkg-0.0.0-py3.10.egg-info/entry_points.txt
/home/vboxuser/ros2_ws/install/turtle_sim_pkg/lib/python3.10/site-packages/turtle_sim_pkg-0.0.0-py3.10.egg-info/top_level.txt
/home/vboxuser/ros2_ws/install/turtle_sim_pkg/lib/python3.10/site-packages/turtle_sim_pkg-0.0.0-py3.10.egg-info/SOURCES.txt
/home/vboxuser/ros2_ws/install/turtle_sim_pkg/lib/python3.10/site-packages/turtle_sim_pkg-0.0.0-py3.10.egg-info/requires.txt
/home/vboxuser/ros2_ws/install/turtle_sim_pkg/lib/turtle_sim_pkg/draw_square
/home/vboxuser/ros2_ws/install/turtle_sim_pkg/lib/turtle_sim_pkg/go_to_goal
/home/vboxuser/ros2_ws/install/turtle_sim_pkg/lib/turtle_sim_pkg/pose_subscriber
