[6.514s] Invoking command in '/home/vboxuser/ros2_ws/src/turtle_control': PYTHONPATH=/home/vboxuser/ros2_ws/build/turtle_control/prefix_override:/usr/lib/python3/dist-packages/colcon_core/task/python/colcon_distutils_commands:/home/vboxuser/ros2_ws/install/turtle_control/lib/python3.10/site-packages:${PYTHONPATH} /usr/bin/python3 -W ignore:setup.py install is deprecated -W ignore:easy_install command is deprecated setup.py egg_info --egg-base ../../build/turtle_control build --build-base /home/vboxuser/ros2_ws/build/turtle_control/build install --record /home/vboxuser/ros2_ws/build/turtle_control/install.log --single-version-externally-managed install_data
[8.875s] running egg_info
[8.877s] writing ../../build/turtle_control/turtle_control.egg-info/PKG-INFO
[8.900s] writing dependency_links to ../../build/turtle_control/turtle_control.egg-info/dependency_links.txt
[8.901s] writing entry points to ../../build/turtle_control/turtle_control.egg-info/entry_points.txt
[8.907s] writing requirements to ../../build/turtle_control/turtle_control.egg-info/requires.txt
[8.907s] writing top-level names to ../../build/turtle_control/turtle_control.egg-info/top_level.txt
[8.915s] reading manifest file '../../build/turtle_control/turtle_control.egg-info/SOURCES.txt'
[8.915s] writing manifest file '../../build/turtle_control/turtle_control.egg-info/SOURCES.txt'
[8.915s] running build
[8.915s] running build_py
[8.915s] copying turtle_control/controlador_hibrido.py -> /home/vboxuser/ros2_ws/build/turtle_control/build/lib/turtle_control
[8.915s] running install
[8.924s] running install_lib
[8.924s] copying /home/vboxuser/ros2_ws/build/turtle_control/build/lib/turtle_control/controlador_hibrido.py -> /home/vboxuser/ros2_ws/install/turtle_control/lib/python3.10/site-packages/turtle_control
[8.934s] byte-compiling /home/vboxuser/ros2_ws/install/turtle_control/lib/python3.10/site-packages/turtle_control/controlador_hibrido.py to controlador_hibrido.cpython-310.pyc
[8.978s] running install_data
[8.978s] running install_egg_info
[8.979s] removing '/home/vboxuser/ros2_ws/install/turtle_control/lib/python3.10/site-packages/turtle_control-0.0.0-py3.10.egg-info' (and everything under it)
[8.979s] Copying ../../build/turtle_control/turtle_control.egg-info to /home/vboxuser/ros2_ws/install/turtle_control/lib/python3.10/site-packages/turtle_control-0.0.0-py3.10.egg-info
[9.028s] running install_scripts
[9.303s] Installing hybrid_control script to /home/vboxuser/ros2_ws/install/turtle_control/lib/turtle_control
[9.303s] writing list of installed files to '/home/vboxuser/ros2_ws/build/turtle_control/install.log'
[9.534s] Invoked command in '/home/vboxuser/ros2_ws/src/turtle_control' returned '0': PYTHONPATH=/home/vboxuser/ros2_ws/build/turtle_control/prefix_override:/usr/lib/python3/dist-packages/colcon_core/task/python/colcon_distutils_commands:/home/vboxuser/ros2_ws/install/turtle_control/lib/python3.10/site-packages:${PYTHONPATH} /usr/bin/python3 -W ignore:setup.py install is deprecated -W ignore:easy_install command is deprecated setup.py egg_info --egg-base ../../build/turtle_control build --build-base /home/vboxuser/ros2_ws/build/turtle_control/build install --record /home/vboxuser/ros2_ws/build/turtle_control/install.log --single-version-externally-managed install_data
