[1.390s] DEBUG:colcon:Command line arguments: ['/usr/bin/colcon', 'build']
[1.391s] DEBUG:colcon:Parsed command line arguments: Namespace(log_base=None, log_level=None, verb_name='build', build_base='build', install_base='install', merge_install=False, symlink_install=False, test_result_base=None, continue_on_error=False, executor='parallel', parallel_workers=2, event_handlers=None, ignore_user_meta=False, metas=['./colcon.meta'], base_paths=['.'], packages_ignore=None, packages_ignore_regex=None, paths=None, packages_up_to=None, packages_up_to_regex=None, packages_above=None, packages_above_and_dependencies=None, packages_above_depth=None, packages_select_by_dep=None, packages_skip_by_dep=None, packages_skip_up_to=None, packages_select_build_failed=False, packages_skip_build_finished=False, packages_select_test_failures=False, packages_skip_test_passed=False, packages_select=None, packages_skip=None, packages_select_regex=None, packages_skip_regex=None, packages_start=None, packages_end=None, allow_overriding=[], cmake_args=None, cmake_target=None, cmake_target_skip_unavailable=False, cmake_clean_cache=False, cmake_clean_first=False, cmake_force_configure=False, ament_cmake_args=None, catkin_cmake_args=None, catkin_skip_building_tests=False, mixin_files=None, mixin=None, verb_parser=<colcon_mixin.mixin.mixin_argument.MixinArgumentDecorator object at 0x70923a65a0e0>, verb_extension=<colcon_core.verb.build.BuildVerb object at 0x70923a659ae0>, main=<bound method BuildVerb.main of <colcon_core.verb.build.BuildVerb object at 0x70923a659ae0>>, mixin_verb=('build',))
[3.809s] Level 1:colcon.colcon_core.package_discovery:discover_packages(colcon_meta) check parameters
[3.810s] Level 1:colcon.colcon_core.package_discovery:discover_packages(recursive) check parameters
[3.810s] Level 1:colcon.colcon_core.package_discovery:discover_packages(ignore) check parameters
[3.810s] Level 1:colcon.colcon_core.package_discovery:discover_packages(path) check parameters
[3.810s] Level 1:colcon.colcon_core.package_discovery:discover_packages(colcon_meta) discover
[3.810s] Level 1:colcon.colcon_core.package_discovery:discover_packages(recursive) discover
[3.810s] INFO:colcon.colcon_core.package_discovery:Crawling recursively for packages in '/home/vboxuser/ros2_ws'
[3.810s] Level 1:colcon.colcon_core.package_identification:_identify(.) by extensions ['ignore', 'ignore_ament_install']
[3.811s] Level 1:colcon.colcon_core.package_identification:_identify(.) by extension 'ignore'
[3.811s] Level 1:colcon.colcon_core.package_identification:_identify(.) by extension 'ignore_ament_install'
[3.811s] Level 1:colcon.colcon_core.package_identification:_identify(.) by extensions ['colcon_pkg']
[3.811s] Level 1:colcon.colcon_core.package_identification:_identify(.) by extension 'colcon_pkg'
[3.811s] Level 1:colcon.colcon_core.package_identification:_identify(.) by extensions ['colcon_meta']
[3.811s] Level 1:colcon.colcon_core.package_identification:_identify(.) by extension 'colcon_meta'
[3.811s] Level 1:colcon.colcon_core.package_identification:_identify(.) by extensions ['ros']
[3.811s] Level 1:colcon.colcon_core.package_identification:_identify(.) by extension 'ros'
[3.973s] Level 1:colcon.colcon_core.package_identification:_identify(.) by extensions ['cmake', 'python']
[3.973s] Level 1:colcon.colcon_core.package_identification:_identify(.) by extension 'cmake'
[3.973s] Level 1:colcon.colcon_core.package_identification:_identify(.) by extension 'python'
[3.973s] Level 1:colcon.colcon_core.package_identification:_identify(.) by extensions ['python_setup_py']
[3.973s] Level 1:colcon.colcon_core.package_identification:_identify(.) by extension 'python_setup_py'
[3.973s] Level 1:colcon.colcon_core.package_identification:_identify(build) by extensions ['ignore', 'ignore_ament_install']
[3.973s] Level 1:colcon.colcon_core.package_identification:_identify(build) by extension 'ignore'
[3.973s] Level 1:colcon.colcon_core.package_identification:_identify(build) ignored
[3.973s] Level 1:colcon.colcon_core.package_identification:_identify(install) by extensions ['ignore', 'ignore_ament_install']
[3.974s] Level 1:colcon.colcon_core.package_identification:_identify(install) by extension 'ignore'
[3.974s] Level 1:colcon.colcon_core.package_identification:_identify(install) ignored
[3.974s] Level 1:colcon.colcon_core.package_identification:_identify(log) by extensions ['ignore', 'ignore_ament_install']
[3.974s] Level 1:colcon.colcon_core.package_identification:_identify(log) by extension 'ignore'
[3.974s] Level 1:colcon.colcon_core.package_identification:_identify(log) ignored
[3.974s] Level 1:colcon.colcon_core.package_identification:_identify(src) by extensions ['ignore', 'ignore_ament_install']
[3.974s] Level 1:colcon.colcon_core.package_identification:_identify(src) by extension 'ignore'
[3.974s] Level 1:colcon.colcon_core.package_identification:_identify(src) by extension 'ignore_ament_install'
[3.974s] Level 1:colcon.colcon_core.package_identification:_identify(src) by extensions ['colcon_pkg']
[3.974s] Level 1:colcon.colcon_core.package_identification:_identify(src) by extension 'colcon_pkg'
[3.974s] Level 1:colcon.colcon_core.package_identification:_identify(src) by extensions ['colcon_meta']
[3.974s] Level 1:colcon.colcon_core.package_identification:_identify(src) by extension 'colcon_meta'
[3.974s] Level 1:colcon.colcon_core.package_identification:_identify(src) by extensions ['ros']
[3.974s] Level 1:colcon.colcon_core.package_identification:_identify(src) by extension 'ros'
[3.974s] Level 1:colcon.colcon_core.package_identification:_identify(src) by extensions ['cmake', 'python']
[3.975s] Level 1:colcon.colcon_core.package_identification:_identify(src) by extension 'cmake'
[3.975s] Level 1:colcon.colcon_core.package_identification:_identify(src) by extension 'python'
[3.975s] Level 1:colcon.colcon_core.package_identification:_identify(src) by extensions ['python_setup_py']
[3.975s] Level 1:colcon.colcon_core.package_identification:_identify(src) by extension 'python_setup_py'
[3.975s] Level 1:colcon.colcon_core.package_identification:_identify(src/lidar_turtlebot_activity) by extensions ['ignore', 'ignore_ament_install']
[3.975s] Level 1:colcon.colcon_core.package_identification:_identify(src/lidar_turtlebot_activity) by extension 'ignore'
[3.975s] Level 1:colcon.colcon_core.package_identification:_identify(src/lidar_turtlebot_activity) by extension 'ignore_ament_install'
[3.975s] Level 1:colcon.colcon_core.package_identification:_identify(src/lidar_turtlebot_activity) by extensions ['colcon_pkg']
[3.975s] Level 1:colcon.colcon_core.package_identification:_identify(src/lidar_turtlebot_activity) by extension 'colcon_pkg'
[3.975s] Level 1:colcon.colcon_core.package_identification:_identify(src/lidar_turtlebot_activity) by extensions ['colcon_meta']
[3.975s] Level 1:colcon.colcon_core.package_identification:_identify(src/lidar_turtlebot_activity) by extension 'colcon_meta'
[3.975s] Level 1:colcon.colcon_core.package_identification:_identify(src/lidar_turtlebot_activity) by extensions ['ros']
[3.975s] Level 1:colcon.colcon_core.package_identification:_identify(src/lidar_turtlebot_activity) by extension 'ros'
[4.005s] DEBUG:colcon.colcon_core.package_identification:Package 'src/lidar_turtlebot_activity' with type 'ros.ament_python' and name 'lidar_turtlebot_activity'
[4.014s] Level 1:colcon.colcon_core.package_identification:_identify(src/turtle_sim_pkg) by extensions ['ignore', 'ignore_ament_install']
[4.014s] Level 1:colcon.colcon_core.package_identification:_identify(src/turtle_sim_pkg) by extension 'ignore'
[4.015s] Level 1:colcon.colcon_core.package_identification:_identify(src/turtle_sim_pkg) by extension 'ignore_ament_install'
[4.015s] Level 1:colcon.colcon_core.package_identification:_identify(src/turtle_sim_pkg) by extensions ['colcon_pkg']
[4.015s] Level 1:colcon.colcon_core.package_identification:_identify(src/turtle_sim_pkg) by extension 'colcon_pkg'
[4.015s] Level 1:colcon.colcon_core.package_identification:_identify(src/turtle_sim_pkg) by extensions ['colcon_meta']
[4.015s] Level 1:colcon.colcon_core.package_identification:_identify(src/turtle_sim_pkg) by extension 'colcon_meta'
[4.015s] Level 1:colcon.colcon_core.package_identification:_identify(src/turtle_sim_pkg) by extensions ['ros']
[4.015s] Level 1:colcon.colcon_core.package_identification:_identify(src/turtle_sim_pkg) by extension 'ros'
[4.024s] DEBUG:colcon.colcon_core.package_identification:Package 'src/turtle_sim_pkg' with type 'ros.ament_python' and name 'turtle_sim_pkg'
[4.024s] Level 1:colcon.colcon_core.package_discovery:discover_packages(recursive) using defaults
[4.024s] Level 1:colcon.colcon_core.package_discovery:discover_packages(ignore) discover
[4.024s] Level 1:colcon.colcon_core.package_discovery:discover_packages(ignore) using defaults
[4.024s] Level 1:colcon.colcon_core.package_discovery:discover_packages(path) discover
[4.024s] Level 1:colcon.colcon_core.package_discovery:discover_packages(path) using defaults
[4.310s] Level 1:colcon.colcon_core.package_discovery:discover_packages(prefix_path) check parameters
[4.311s] Level 1:colcon.colcon_core.package_discovery:discover_packages(prefix_path) discover
[4.341s] DEBUG:colcon.colcon_installed_package_information.package_discovery:Found 1 installed packages in /home/vboxuser/ros2_ws/install
[4.345s] DEBUG:colcon.colcon_installed_package_information.package_discovery:Found 326 installed packages in /opt/ros/humble
[4.349s] Level 1:colcon.colcon_core.package_discovery:discover_packages(prefix_path) using defaults
[4.519s] Level 5:colcon.colcon_core.verb:set package 'lidar_turtlebot_activity' build argument 'cmake_args' from command line to 'None'
[4.519s] Level 5:colcon.colcon_core.verb:set package 'lidar_turtlebot_activity' build argument 'cmake_target' from command line to 'None'
[4.519s] Level 5:colcon.colcon_core.verb:set package 'lidar_turtlebot_activity' build argument 'cmake_target_skip_unavailable' from command line to 'False'
[4.519s] Level 5:colcon.colcon_core.verb:set package 'lidar_turtlebot_activity' build argument 'cmake_clean_cache' from command line to 'False'
[4.519s] Level 5:colcon.colcon_core.verb:set package 'lidar_turtlebot_activity' build argument 'cmake_clean_first' from command line to 'False'
[4.519s] Level 5:colcon.colcon_core.verb:set package 'lidar_turtlebot_activity' build argument 'cmake_force_configure' from command line to 'False'
[4.519s] Level 5:colcon.colcon_core.verb:set package 'lidar_turtlebot_activity' build argument 'ament_cmake_args' from command line to 'None'
[4.519s] Level 5:colcon.colcon_core.verb:set package 'lidar_turtlebot_activity' build argument 'catkin_cmake_args' from command line to 'None'
[4.519s] Level 5:colcon.colcon_core.verb:set package 'lidar_turtlebot_activity' build argument 'catkin_skip_building_tests' from command line to 'False'
[4.519s] DEBUG:colcon.colcon_core.verb:Building package 'lidar_turtlebot_activity' with the following arguments: {'ament_cmake_args': None, 'build_base': '/home/vboxuser/ros2_ws/build/lidar_turtlebot_activity', 'catkin_cmake_args': None, 'catkin_skip_building_tests': False, 'cmake_args': None, 'cmake_clean_cache': False, 'cmake_clean_first': False, 'cmake_force_configure': False, 'cmake_target': None, 'cmake_target_skip_unavailable': False, 'install_base': '/home/vboxuser/ros2_ws/install/lidar_turtlebot_activity', 'merge_install': False, 'path': '/home/vboxuser/ros2_ws/src/lidar_turtlebot_activity', 'symlink_install': False, 'test_result_base': None}
[4.520s] Level 5:colcon.colcon_core.verb:set package 'turtle_sim_pkg' build argument 'cmake_args' from command line to 'None'
[4.520s] Level 5:colcon.colcon_core.verb:set package 'turtle_sim_pkg' build argument 'cmake_target' from command line to 'None'
[4.520s] Level 5:colcon.colcon_core.verb:set package 'turtle_sim_pkg' build argument 'cmake_target_skip_unavailable' from command line to 'False'
[4.520s] Level 5:colcon.colcon_core.verb:set package 'turtle_sim_pkg' build argument 'cmake_clean_cache' from command line to 'False'
[4.520s] Level 5:colcon.colcon_core.verb:set package 'turtle_sim_pkg' build argument 'cmake_clean_first' from command line to 'False'
[4.520s] Level 5:colcon.colcon_core.verb:set package 'turtle_sim_pkg' build argument 'cmake_force_configure' from command line to 'False'
[4.520s] Level 5:colcon.colcon_core.verb:set package 'turtle_sim_pkg' build argument 'ament_cmake_args' from command line to 'None'
[4.520s] Level 5:colcon.colcon_core.verb:set package 'turtle_sim_pkg' build argument 'catkin_cmake_args' from command line to 'None'
[4.520s] Level 5:colcon.colcon_core.verb:set package 'turtle_sim_pkg' build argument 'catkin_skip_building_tests' from command line to 'False'
[4.520s] DEBUG:colcon.colcon_core.verb:Building package 'turtle_sim_pkg' with the following arguments: {'ament_cmake_args': None, 'build_base': '/home/vboxuser/ros2_ws/build/turtle_sim_pkg', 'catkin_cmake_args': None, 'catkin_skip_building_tests': False, 'cmake_args': None, 'cmake_clean_cache': False, 'cmake_clean_first': False, 'cmake_force_configure': False, 'cmake_target': None, 'cmake_target_skip_unavailable': False, 'install_base': '/home/vboxuser/ros2_ws/install/turtle_sim_pkg', 'merge_install': False, 'path': '/home/vboxuser/ros2_ws/src/turtle_sim_pkg', 'symlink_install': False, 'test_result_base': None}
[4.520s] INFO:colcon.colcon_core.executor:Executing jobs using 'parallel' executor
[4.527s] DEBUG:colcon.colcon_parallel_executor.executor.parallel:run_until_complete
[4.527s] INFO:colcon.colcon_ros.task.ament_python.build:Building ROS package in '/home/vboxuser/ros2_ws/src/lidar_turtlebot_activity' with build type 'ament_python'
[4.528s] Level 1:colcon.colcon_core.shell:create_environment_hook('lidar_turtlebot_activity', 'ament_prefix_path')
[4.546s] INFO:colcon.colcon_core.plugin_system:Skipping extension 'colcon_core.shell.bat': Not used on non-Windows systems
[4.547s] INFO:colcon.colcon_core.shell:Creating environment hook '/home/vboxuser/ros2_ws/install/lidar_turtlebot_activity/share/lidar_turtlebot_activity/hook/ament_prefix_path.ps1'
[4.549s] INFO:colcon.colcon_core.shell:Creating environment descriptor '/home/vboxuser/ros2_ws/install/lidar_turtlebot_activity/share/lidar_turtlebot_activity/hook/ament_prefix_path.dsv'
[4.551s] INFO:colcon.colcon_core.shell:Creating environment hook '/home/vboxuser/ros2_ws/install/lidar_turtlebot_activity/share/lidar_turtlebot_activity/hook/ament_prefix_path.sh'
[4.553s] INFO:colcon.colcon_core.shell:Skip shell extension 'powershell' for command environment: Not usable outside of PowerShell
[4.554s] DEBUG:colcon.colcon_core.shell:Skip shell extension 'dsv' for command environment
[4.578s] INFO:colcon.colcon_ros.task.ament_python.build:Building ROS package in '/home/vboxuser/ros2_ws/src/turtle_sim_pkg' with build type 'ament_python'
[4.579s] Level 1:colcon.colcon_core.shell:create_environment_hook('turtle_sim_pkg', 'ament_prefix_path')
[4.586s] INFO:colcon.colcon_core.shell:Creating environment hook '/home/vboxuser/ros2_ws/install/turtle_sim_pkg/share/turtle_sim_pkg/hook/ament_prefix_path.ps1'
[4.609s] INFO:colcon.colcon_core.shell:Creating environment descriptor '/home/vboxuser/ros2_ws/install/turtle_sim_pkg/share/turtle_sim_pkg/hook/ament_prefix_path.dsv'
[4.615s] INFO:colcon.colcon_core.shell:Creating environment hook '/home/vboxuser/ros2_ws/install/turtle_sim_pkg/share/turtle_sim_pkg/hook/ament_prefix_path.sh'
[4.636s] INFO:colcon.colcon_core.shell:Skip shell extension 'powershell' for command environment: Not usable outside of PowerShell
[4.637s] DEBUG:colcon.colcon_core.shell:Skip shell extension 'dsv' for command environment
[5.760s] INFO:colcon.colcon_core.task.python.build:Building Python package in '/home/vboxuser/ros2_ws/src/lidar_turtlebot_activity'
[5.761s] INFO:colcon.colcon_core.shell:Skip shell extension 'powershell' for command environment: Not usable outside of PowerShell
[5.761s] DEBUG:colcon.colcon_core.shell:Skip shell extension 'dsv' for command environment
[6.481s] INFO:colcon.colcon_core.task.python.build:Building Python package in '/home/vboxuser/ros2_ws/src/turtle_sim_pkg'
[6.482s] INFO:colcon.colcon_core.shell:Skip shell extension 'powershell' for command environment: Not usable outside of PowerShell
[6.483s] DEBUG:colcon.colcon_core.shell:Skip shell extension 'dsv' for command environment
[11.019s] DEBUG:colcon.colcon_core.event_handler.log_command:Invoking command in '/home/vboxuser/ros2_ws/src/turtle_sim_pkg': PYTHONPATH=/home/vboxuser/ros2_ws/build/turtle_sim_pkg/prefix_override:/usr/lib/python3/dist-packages/colcon_core/task/python/colcon_distutils_commands:/home/vboxuser/ros2_ws/install/turtle_sim_pkg/lib/python3.10/site-packages:${PYTHONPATH} /usr/bin/python3 -W ignore:setup.py install is deprecated -W ignore:easy_install command is deprecated setup.py egg_info --egg-base ../../build/turtle_sim_pkg build --build-base /home/vboxuser/ros2_ws/build/turtle_sim_pkg/build install --record /home/vboxuser/ros2_ws/build/turtle_sim_pkg/install.log --single-version-externally-managed install_data
[11.090s] DEBUG:colcon.colcon_core.event_handler.log_command:Invoking command in '/home/vboxuser/ros2_ws/src/lidar_turtlebot_activity': PYTHONPATH=/home/vboxuser/ros2_ws/build/lidar_turtlebot_activity/prefix_override:/usr/lib/python3/dist-packages/colcon_core/task/python/colcon_distutils_commands:/home/vboxuser/ros2_ws/install/lidar_turtlebot_activity/lib/python3.10/site-packages:${PYTHONPATH} /usr/bin/python3 -W ignore:setup.py install is deprecated -W ignore:easy_install command is deprecated setup.py egg_info --egg-base ../../build/lidar_turtlebot_activity build --build-base /home/vboxuser/ros2_ws/build/lidar_turtlebot_activity/build install --record /home/vboxuser/ros2_ws/build/lidar_turtlebot_activity/install.log --single-version-externally-managed install_data
[12.764s] DEBUG:colcon.colcon_core.event_handler.log_command:Invoked command in '/home/vboxuser/ros2_ws/src/turtle_sim_pkg' returned '0': PYTHONPATH=/home/vboxuser/ros2_ws/build/turtle_sim_pkg/prefix_override:/usr/lib/python3/dist-packages/colcon_core/task/python/colcon_distutils_commands:/home/vboxuser/ros2_ws/install/turtle_sim_pkg/lib/python3.10/site-packages:${PYTHONPATH} /usr/bin/python3 -W ignore:setup.py install is deprecated -W ignore:easy_install command is deprecated setup.py egg_info --egg-base ../../build/turtle_sim_pkg build --build-base /home/vboxuser/ros2_ws/build/turtle_sim_pkg/build install --record /home/vboxuser/ros2_ws/build/turtle_sim_pkg/install.log --single-version-externally-managed install_data
[12.828s] Level 1:colcon.colcon_core.environment:checking '/home/vboxuser/ros2_ws/install/turtle_sim_pkg' for CMake module files
[12.837s] Level 1:colcon.colcon_core.environment:checking '/home/vboxuser/ros2_ws/install/turtle_sim_pkg' for CMake config files
[12.844s] Level 1:colcon.colcon_core.environment:checking '/home/vboxuser/ros2_ws/install/turtle_sim_pkg/lib'
[12.844s] Level 1:colcon.colcon_core.environment:checking '/home/vboxuser/ros2_ws/install/turtle_sim_pkg/bin'
[12.844s] Level 1:colcon.colcon_core.environment:checking '/home/vboxuser/ros2_ws/install/turtle_sim_pkg/lib/pkgconfig/turtle_sim_pkg.pc'
[12.845s] Level 1:colcon.colcon_core.environment:checking '/home/vboxuser/ros2_ws/install/turtle_sim_pkg/lib/python3.10/site-packages'
[12.845s] Level 1:colcon.colcon_core.shell:create_environment_hook('turtle_sim_pkg', 'pythonpath')
[12.845s] INFO:colcon.colcon_core.shell:Creating environment hook '/home/vboxuser/ros2_ws/install/turtle_sim_pkg/share/turtle_sim_pkg/hook/pythonpath.ps1'
[12.848s] INFO:colcon.colcon_core.shell:Creating environment descriptor '/home/vboxuser/ros2_ws/install/turtle_sim_pkg/share/turtle_sim_pkg/hook/pythonpath.dsv'
[12.850s] INFO:colcon.colcon_core.shell:Creating environment hook '/home/vboxuser/ros2_ws/install/turtle_sim_pkg/share/turtle_sim_pkg/hook/pythonpath.sh'
[12.853s] Level 1:colcon.colcon_core.environment:checking '/home/vboxuser/ros2_ws/install/turtle_sim_pkg/bin'
[12.854s] Level 1:colcon.colcon_core.environment:create_environment_scripts_only(turtle_sim_pkg)
[12.855s] INFO:colcon.colcon_core.shell:Creating package script '/home/vboxuser/ros2_ws/install/turtle_sim_pkg/share/turtle_sim_pkg/package.ps1'
[12.858s] INFO:colcon.colcon_core.shell:Creating package descriptor '/home/vboxuser/ros2_ws/install/turtle_sim_pkg/share/turtle_sim_pkg/package.dsv'
[12.861s] INFO:colcon.colcon_core.shell:Creating package script '/home/vboxuser/ros2_ws/install/turtle_sim_pkg/share/turtle_sim_pkg/package.sh'
[12.865s] INFO:colcon.colcon_core.shell:Creating package script '/home/vboxuser/ros2_ws/install/turtle_sim_pkg/share/turtle_sim_pkg/package.bash'
[12.868s] INFO:colcon.colcon_core.shell:Creating package script '/home/vboxuser/ros2_ws/install/turtle_sim_pkg/share/turtle_sim_pkg/package.zsh'
[12.873s] Level 1:colcon.colcon_core.environment:create_file_with_runtime_dependencies(/home/vboxuser/ros2_ws/install/turtle_sim_pkg/share/colcon-core/packages/turtle_sim_pkg)
[12.879s] Level 1:colcon.colcon_core.environment:checking '/home/vboxuser/ros2_ws/install/lidar_turtlebot_activity' for CMake module files
[12.884s] Level 1:colcon.colcon_core.environment:checking '/home/vboxuser/ros2_ws/install/lidar_turtlebot_activity' for CMake config files
[12.885s] Level 1:colcon.colcon_core.environment:checking '/home/vboxuser/ros2_ws/install/lidar_turtlebot_activity/lib'
[12.885s] Level 1:colcon.colcon_core.environment:checking '/home/vboxuser/ros2_ws/install/lidar_turtlebot_activity/bin'
[12.885s] Level 1:colcon.colcon_core.environment:checking '/home/vboxuser/ros2_ws/install/lidar_turtlebot_activity/lib/pkgconfig/lidar_turtlebot_activity.pc'
[12.886s] Level 1:colcon.colcon_core.environment:checking '/home/vboxuser/ros2_ws/install/lidar_turtlebot_activity/lib/python3.10/site-packages'
[12.886s] Level 1:colcon.colcon_core.shell:create_environment_hook('lidar_turtlebot_activity', 'pythonpath')
[12.887s] INFO:colcon.colcon_core.shell:Creating environment hook '/home/vboxuser/ros2_ws/install/lidar_turtlebot_activity/share/lidar_turtlebot_activity/hook/pythonpath.ps1'
[12.890s] INFO:colcon.colcon_core.shell:Creating environment descriptor '/home/vboxuser/ros2_ws/install/lidar_turtlebot_activity/share/lidar_turtlebot_activity/hook/pythonpath.dsv'
[12.891s] INFO:colcon.colcon_core.shell:Creating environment hook '/home/vboxuser/ros2_ws/install/lidar_turtlebot_activity/share/lidar_turtlebot_activity/hook/pythonpath.sh'
[12.892s] Level 1:colcon.colcon_core.environment:checking '/home/vboxuser/ros2_ws/install/lidar_turtlebot_activity/bin'
[12.892s] Level 1:colcon.colcon_core.environment:create_environment_scripts_only(lidar_turtlebot_activity)
[12.892s] INFO:colcon.colcon_core.shell:Creating package script '/home/vboxuser/ros2_ws/install/lidar_turtlebot_activity/share/lidar_turtlebot_activity/package.ps1'
[12.893s] INFO:colcon.colcon_core.shell:Creating package descriptor '/home/vboxuser/ros2_ws/install/lidar_turtlebot_activity/share/lidar_turtlebot_activity/package.dsv'
[12.893s] INFO:colcon.colcon_core.shell:Creating package script '/home/vboxuser/ros2_ws/install/lidar_turtlebot_activity/share/lidar_turtlebot_activity/package.sh'
[12.895s] DEBUG:colcon.colcon_core.event_handler.log_command:Invoked command in '/home/vboxuser/ros2_ws/src/lidar_turtlebot_activity' returned '0': PYTHONPATH=/home/vboxuser/ros2_ws/build/lidar_turtlebot_activity/prefix_override:/usr/lib/python3/dist-packages/colcon_core/task/python/colcon_distutils_commands:/home/vboxuser/ros2_ws/install/lidar_turtlebot_activity/lib/python3.10/site-packages:${PYTHONPATH} /usr/bin/python3 -W ignore:setup.py install is deprecated -W ignore:easy_install command is deprecated setup.py egg_info --egg-base ../../build/lidar_turtlebot_activity build --build-base /home/vboxuser/ros2_ws/build/lidar_turtlebot_activity/build install --record /home/vboxuser/ros2_ws/build/lidar_turtlebot_activity/install.log --single-version-externally-managed install_data
[12.895s] INFO:colcon.colcon_core.shell:Creating package script '/home/vboxuser/ros2_ws/install/lidar_turtlebot_activity/share/lidar_turtlebot_activity/package.bash'
[12.895s] INFO:colcon.colcon_core.shell:Creating package script '/home/vboxuser/ros2_ws/install/lidar_turtlebot_activity/share/lidar_turtlebot_activity/package.zsh'
[12.896s] Level 1:colcon.colcon_core.environment:create_file_with_runtime_dependencies(/home/vboxuser/ros2_ws/install/lidar_turtlebot_activity/share/colcon-core/packages/lidar_turtlebot_activity)
[12.898s] DEBUG:colcon.colcon_parallel_executor.executor.parallel:closing loop
[12.898s] DEBUG:colcon.colcon_parallel_executor.executor.parallel:loop closed
[12.898s] DEBUG:colcon.colcon_parallel_executor.executor.parallel:run_until_complete finished with '0'
[12.898s] DEBUG:colcon.colcon_core.event_reactor:joining thread
[12.986s] INFO:colcon.colcon_core.plugin_system:Skipping extension 'colcon_notification.desktop_notification.terminal_notifier': Not used on non-Darwin systems
[12.986s] INFO:colcon.colcon_core.plugin_system:Skipping extension 'colcon_notification.desktop_notification.win32': Not used on non-Windows systems
[12.986s] INFO:colcon.colcon_notification.desktop_notification:Sending desktop notification using 'notify2'
[13.164s] DEBUG:colcon.colcon_core.event_reactor:joined thread
[13.164s] INFO:colcon.colcon_core.shell:Creating prefix script '/home/vboxuser/ros2_ws/install/local_setup.ps1'
[13.167s] INFO:colcon.colcon_core.shell:Creating prefix util module '/home/vboxuser/ros2_ws/install/_local_setup_util_ps1.py'
[13.171s] INFO:colcon.colcon_core.shell:Creating prefix chain script '/home/vboxuser/ros2_ws/install/setup.ps1'
[13.174s] INFO:colcon.colcon_core.shell:Creating prefix script '/home/vboxuser/ros2_ws/install/local_setup.sh'
[13.178s] INFO:colcon.colcon_core.shell:Creating prefix util module '/home/vboxuser/ros2_ws/install/_local_setup_util_sh.py'
[13.179s] INFO:colcon.colcon_core.shell:Creating prefix chain script '/home/vboxuser/ros2_ws/install/setup.sh'
[13.184s] INFO:colcon.colcon_core.shell:Creating prefix script '/home/vboxuser/ros2_ws/install/local_setup.bash'
[13.187s] INFO:colcon.colcon_core.shell:Creating prefix chain script '/home/vboxuser/ros2_ws/install/setup.bash'
[13.195s] INFO:colcon.colcon_core.shell:Creating prefix script '/home/vboxuser/ros2_ws/install/local_setup.zsh'
[13.197s] INFO:colcon.colcon_core.shell:Creating prefix chain script '/home/vboxuser/ros2_ws/install/setup.zsh'
