[3.683s] Invoking command in '/home/vboxuser/ros2_ws/src/turtle_sim_pkg': PYTHONPATH=/home/vboxuser/ros2_ws/build/turtle_sim_pkg/prefix_override:/usr/lib/python3/dist-packages/colcon_core/task/python/colcon_distutils_commands:/home/vboxuser/ros2_ws/install/turtle_sim_pkg/lib/python3.10/site-packages:${PYTHONPATH} /usr/bin/python3 -W ignore:setup.py install is deprecated -W ignore:easy_install command is deprecated setup.py egg_info --egg-base ../../build/turtle_sim_pkg build --build-base /home/vboxuser/ros2_ws/build/turtle_sim_pkg/build install --record /home/vboxuser/ros2_ws/build/turtle_sim_pkg/install.log --single-version-externally-managed install_data
[4.678s] running egg_info
[4.681s] writing ../../build/turtle_sim_pkg/turtle_sim_pkg.egg-info/PKG-INFO
[4.682s] writing dependency_links to ../../build/turtle_sim_pkg/turtle_sim_pkg.egg-info/dependency_links.txt
[4.685s] writing entry points to ../../build/turtle_sim_pkg/turtle_sim_pkg.egg-info/entry_points.txt
[4.685s] writing requirements to ../../build/turtle_sim_pkg/turtle_sim_pkg.egg-info/requires.txt
[4.686s] writing top-level names to ../../build/turtle_sim_pkg/turtle_sim_pkg.egg-info/top_level.txt
[4.707s] reading manifest file '../../build/turtle_sim_pkg/turtle_sim_pkg.egg-info/SOURCES.txt'
[4.708s] adding license file 'LICENSE'
[4.712s] writing manifest file '../../build/turtle_sim_pkg/turtle_sim_pkg.egg-info/SOURCES.txt'
[4.726s] running build
[4.727s] running build_py
[4.756s] running install
[4.757s] running install_lib
[4.761s] running install_data
[4.761s] running install_egg_info
[4.761s] removing '/home/vboxuser/ros2_ws/install/turtle_sim_pkg/lib/python3.10/site-packages/turtle_sim_pkg-0.0.0-py3.10.egg-info' (and everything under it)
[4.761s] Copying ../../build/turtle_sim_pkg/turtle_sim_pkg.egg-info to /home/vboxuser/ros2_ws/install/turtle_sim_pkg/lib/python3.10/site-packages/turtle_sim_pkg-0.0.0-py3.10.egg-info
[4.762s] running install_scripts
[4.836s] Installing draw_square script to /home/vboxuser/ros2_ws/install/turtle_sim_pkg/lib/turtle_sim_pkg
[4.837s] Installing go_to_goal script to /home/vboxuser/ros2_ws/install/turtle_sim_pkg/lib/turtle_sim_pkg
[4.837s] Installing pose_subscriber script to /home/vboxuser/ros2_ws/install/turtle_sim_pkg/lib/turtle_sim_pkg
[4.839s] writing list of installed files to '/home/vboxuser/ros2_ws/build/turtle_sim_pkg/install.log'
[4.943s] Invoked command in '/home/vboxuser/ros2_ws/src/turtle_sim_pkg' returned '0': PYTHONPATH=/home/vboxuser/ros2_ws/build/turtle_sim_pkg/prefix_override:/usr/lib/python3/dist-packages/colcon_core/task/python/colcon_distutils_commands:/home/vboxuser/ros2_ws/install/turtle_sim_pkg/lib/python3.10/site-packages:${PYTHONPATH} /usr/bin/python3 -W ignore:setup.py install is deprecated -W ignore:easy_install command is deprecated setup.py egg_info --egg-base ../../build/turtle_sim_pkg build --build-base /home/vboxuser/ros2_ws/build/turtle_sim_pkg/build install --record /home/vboxuser/ros2_ws/build/turtle_sim_pkg/install.log --single-version-externally-managed install_data
