[6.885s] Invoking command in '/home/vboxuser/ros2_ws/src/turtle_control': PYTHONPATH=/home/vboxuser/ros2_ws/build/turtle_control/prefix_override:/usr/lib/python3/dist-packages/colcon_core/task/python/colcon_distutils_commands:/home/vboxuser/ros2_ws/install/turtle_control/lib/python3.10/site-packages:${PYTHONPATH} /usr/bin/python3 -W ignore:setup.py install is deprecated -W ignore:easy_install command is deprecated setup.py egg_info --egg-base ../../build/turtle_control build --build-base /home/vboxuser/ros2_ws/build/turtle_control/build install --record /home/vboxuser/ros2_ws/build/turtle_control/install.log --single-version-externally-managed install_data
[9.153s] running egg_info
[9.153s] creating ../../build/turtle_control/turtle_control.egg-info
[9.153s] writing ../../build/turtle_control/turtle_control.egg-info/PKG-INFO
[9.153s] writing dependency_links to ../../build/turtle_control/turtle_control.egg-info/dependency_links.txt
[9.153s] writing entry points to ../../build/turtle_control/turtle_control.egg-info/entry_points.txt
[9.153s] writing requirements to ../../build/turtle_control/turtle_control.egg-info/requires.txt
[9.154s] writing top-level names to ../../build/turtle_control/turtle_control.egg-info/top_level.txt
[9.154s] writing manifest file '../../build/turtle_control/turtle_control.egg-info/SOURCES.txt'
[9.154s] reading manifest file '../../build/turtle_control/turtle_control.egg-info/SOURCES.txt'
[9.195s] writing manifest file '../../build/turtle_control/turtle_control.egg-info/SOURCES.txt'
[9.195s] running build
[9.195s] running build_py
[9.195s] creating /home/vboxuser/ros2_ws/build/turtle_control/build
[9.195s] creating /home/vboxuser/ros2_ws/build/turtle_control/build/lib
[9.196s] creating /home/vboxuser/ros2_ws/build/turtle_control/build/lib/turtle_control
[9.196s] copying turtle_control/controlador_hibrido.py -> /home/vboxuser/ros2_ws/build/turtle_control/build/lib/turtle_control
[9.196s] copying turtle_control/__init__.py -> /home/vboxuser/ros2_ws/build/turtle_control/build/lib/turtle_control
[9.196s] running install
[9.196s] running install_lib
[9.196s] creating /home/vboxuser/ros2_ws/install/turtle_control/lib/python3.10/site-packages/turtle_control
[9.196s] copying /home/vboxuser/ros2_ws/build/turtle_control/build/lib/turtle_control/controlador_hibrido.py -> /home/vboxuser/ros2_ws/install/turtle_control/lib/python3.10/site-packages/turtle_control
[9.196s] copying /home/vboxuser/ros2_ws/build/turtle_control/build/lib/turtle_control/__init__.py -> /home/vboxuser/ros2_ws/install/turtle_control/lib/python3.10/site-packages/turtle_control
[9.196s] byte-compiling /home/vboxuser/ros2_ws/install/turtle_control/lib/python3.10/site-packages/turtle_control/controlador_hibrido.py to controlador_hibrido.cpython-310.pyc
[9.196s] byte-compiling /home/vboxuser/ros2_ws/install/turtle_control/lib/python3.10/site-packages/turtle_control/__init__.py to __init__.cpython-310.pyc
[9.197s] running install_data
[9.197s] creating /home/vboxuser/ros2_ws/install/turtle_control/share/ament_index
[9.197s] creating /home/vboxuser/ros2_ws/install/turtle_control/share/ament_index/resource_index
[9.197s] creating /home/vboxuser/ros2_ws/install/turtle_control/share/ament_index/resource_index/packages
[9.197s] copying resource/turtle_control -> /home/vboxuser/ros2_ws/install/turtle_control/share/ament_index/resource_index/packages
[9.197s] copying package.xml -> /home/vboxuser/ros2_ws/install/turtle_control/share/turtle_control
[9.198s] running install_egg_info
[9.246s] Copying ../../build/turtle_control/turtle_control.egg-info to /home/vboxuser/ros2_ws/install/turtle_control/lib/python3.10/site-packages/turtle_control-0.0.0-py3.10.egg-info
[9.293s] running install_scripts
[9.463s] Installing hybrid_control script to /home/vboxuser/ros2_ws/install/turtle_control/lib/turtle_control
[9.470s] writing list of installed files to '/home/vboxuser/ros2_ws/build/turtle_control/install.log'
[10.855s] Invoked command in '/home/vboxuser/ros2_ws/src/turtle_control' returned '0': PYTHONPATH=/home/vboxuser/ros2_ws/build/turtle_control/prefix_override:/usr/lib/python3/dist-packages/colcon_core/task/python/colcon_distutils_commands:/home/vboxuser/ros2_ws/install/turtle_control/lib/python3.10/site-packages:${PYTHONPATH} /usr/bin/python3 -W ignore:setup.py install is deprecated -W ignore:easy_install command is deprecated setup.py egg_info --egg-base ../../build/turtle_control build --build-base /home/vboxuser/ros2_ws/build/turtle_control/build install --record /home/vboxuser/ros2_ws/build/turtle_control/install.log --single-version-externally-managed install_data
