[0.202s] DEBUG:colcon:Command line arguments: ['/usr/bin/colcon', 'build']
[0.202s] DEBUG:colcon:Parsed command line arguments: Namespace(log_base=None, log_level=None, verb_name='build', build_base='build', install_base='install', merge_install=False, symlink_install=False, test_result_base=None, continue_on_error=False, executor='parallel', parallel_workers=2, event_handlers=None, ignore_user_meta=False, metas=['./colcon.meta'], base_paths=['.'], packages_ignore=None, packages_ignore_regex=None, paths=None, packages_up_to=None, packages_up_to_regex=None, packages_above=None, packages_above_and_dependencies=None, packages_above_depth=None, packages_select_by_dep=None, packages_skip_by_dep=None, packages_skip_up_to=None, packages_select_build_failed=False, packages_skip_build_finished=False, packages_select_test_failures=False, packages_skip_test_passed=False, packages_select=None, packages_skip=None, packages_select_regex=None, packages_skip_regex=None, packages_start=None, packages_end=None, allow_overriding=[], cmake_args=None, cmake_target=None, cmake_target_skip_unavailable=False, cmake_clean_cache=False, cmake_clean_first=False, cmake_force_configure=False, ament_cmake_args=None, catkin_cmake_args=None, catkin_skip_building_tests=False, mixin_files=None, mixin=None, verb_parser=<colcon_mixin.mixin.mixin_argument.MixinArgumentDecorator object at 0x72c2a96520e0>, verb_extension=<colcon_core.verb.build.BuildVerb object at 0x72c2a9651ae0>, main=<bound method BuildVerb.main of <colcon_core.verb.build.BuildVerb object at 0x72c2a9651ae0>>, mixin_verb=('build',))
[0.581s] Level 1:colcon.colcon_core.package_discovery:discover_packages(colcon_meta) check parameters
[0.582s] Level 1:colcon.colcon_core.package_discovery:discover_packages(recursive) check parameters
[0.582s] Level 1:colcon.colcon_core.package_discovery:discover_packages(ignore) check parameters
[0.582s] Level 1:colcon.colcon_core.package_discovery:discover_packages(path) check parameters
[0.582s] Level 1:colcon.colcon_core.package_discovery:discover_packages(colcon_meta) discover
[0.582s] Level 1:colcon.colcon_core.package_discovery:discover_packages(recursive) discover
[0.582s] INFO:colcon.colcon_core.package_discovery:Crawling recursively for packages in '/home/vboxuser/ros2_ws'
[0.582s] Level 1:colcon.colcon_core.package_identification:_identify(.) by extensions ['ignore', 'ignore_ament_install']
[0.583s] Level 1:colcon.colcon_core.package_identification:_identify(.) by extension 'ignore'
[0.583s] Level 1:colcon.colcon_core.package_identification:_identify(.) by extension 'ignore_ament_install'
[0.583s] Level 1:colcon.colcon_core.package_identification:_identify(.) by extensions ['colcon_pkg']
[0.583s] Level 1:colcon.colcon_core.package_identification:_identify(.) by extension 'colcon_pkg'
[0.583s] Level 1:colcon.colcon_core.package_identification:_identify(.) by extensions ['colcon_meta']
[0.583s] Level 1:colcon.colcon_core.package_identification:_identify(.) by extension 'colcon_meta'
[0.583s] Level 1:colcon.colcon_core.package_identification:_identify(.) by extensions ['ros']
[0.583s] Level 1:colcon.colcon_core.package_identification:_identify(.) by extension 'ros'
[0.614s] Level 1:colcon.colcon_core.package_identification:_identify(.) by extensions ['cmake', 'python']
[0.614s] Level 1:colcon.colcon_core.package_identification:_identify(.) by extension 'cmake'
[0.614s] Level 1:colcon.colcon_core.package_identification:_identify(.) by extension 'python'
[0.614s] Level 1:colcon.colcon_core.package_identification:_identify(.) by extensions ['python_setup_py']
[0.614s] Level 1:colcon.colcon_core.package_identification:_identify(.) by extension 'python_setup_py'
[0.614s] Level 1:colcon.colcon_core.package_identification:_identify(build) by extensions ['ignore', 'ignore_ament_install']
[0.614s] Level 1:colcon.colcon_core.package_identification:_identify(build) by extension 'ignore'
[0.614s] Level 1:colcon.colcon_core.package_identification:_identify(build) ignored
[0.614s] Level 1:colcon.colcon_core.package_identification:_identify(install) by extensions ['ignore', 'ignore_ament_install']
[0.615s] Level 1:colcon.colcon_core.package_identification:_identify(install) by extension 'ignore'
[0.615s] Level 1:colcon.colcon_core.package_identification:_identify(install) ignored
[0.615s] Level 1:colcon.colcon_core.package_identification:_identify(log) by extensions ['ignore', 'ignore_ament_install']
[0.615s] Level 1:colcon.colcon_core.package_identification:_identify(log) by extension 'ignore'
[0.615s] Level 1:colcon.colcon_core.package_identification:_identify(log) ignored
[0.615s] Level 1:colcon.colcon_core.package_identification:_identify(src) by extensions ['ignore', 'ignore_ament_install']
[0.616s] Level 1:colcon.colcon_core.package_identification:_identify(src) by extension 'ignore'
[0.616s] Level 1:colcon.colcon_core.package_identification:_identify(src) by extension 'ignore_ament_install'
[0.616s] Level 1:colcon.colcon_core.package_identification:_identify(src) by extensions ['colcon_pkg']
[0.616s] Level 1:colcon.colcon_core.package_identification:_identify(src) by extension 'colcon_pkg'
[0.616s] Level 1:colcon.colcon_core.package_identification:_identify(src) by extensions ['colcon_meta']
[0.616s] Level 1:colcon.colcon_core.package_identification:_identify(src) by extension 'colcon_meta'
[0.616s] Level 1:colcon.colcon_core.package_identification:_identify(src) by extensions ['ros']
[0.616s] Level 1:colcon.colcon_core.package_identification:_identify(src) by extension 'ros'
[0.616s] Level 1:colcon.colcon_core.package_identification:_identify(src) by extensions ['cmake', 'python']
[0.616s] Level 1:colcon.colcon_core.package_identification:_identify(src) by extension 'cmake'
[0.616s] Level 1:colcon.colcon_core.package_identification:_identify(src) by extension 'python'
[0.616s] Level 1:colcon.colcon_core.package_identification:_identify(src) by extensions ['python_setup_py']
[0.616s] Level 1:colcon.colcon_core.package_identification:_identify(src) by extension 'python_setup_py'
[0.616s] Level 1:colcon.colcon_core.package_identification:_identify(src/lidar_turtlebot_activity) by extensions ['ignore', 'ignore_ament_install']
[0.616s] Level 1:colcon.colcon_core.package_identification:_identify(src/lidar_turtlebot_activity) by extension 'ignore'
[0.616s] Level 1:colcon.colcon_core.package_identification:_identify(src/lidar_turtlebot_activity) by extension 'ignore_ament_install'
[0.617s] Level 1:colcon.colcon_core.package_identification:_identify(src/lidar_turtlebot_activity) by extensions ['colcon_pkg']
[0.617s] Level 1:colcon.colcon_core.package_identification:_identify(src/lidar_turtlebot_activity) by extension 'colcon_pkg'
[0.617s] Level 1:colcon.colcon_core.package_identification:_identify(src/lidar_turtlebot_activity) by extensions ['colcon_meta']
[0.617s] Level 1:colcon.colcon_core.package_identification:_identify(src/lidar_turtlebot_activity) by extension 'colcon_meta'
[0.617s] Level 1:colcon.colcon_core.package_identification:_identify(src/lidar_turtlebot_activity) by extensions ['ros']
[0.617s] Level 1:colcon.colcon_core.package_identification:_identify(src/lidar_turtlebot_activity) by extension 'ros'
[0.622s] DEBUG:colcon.colcon_core.package_identification:Package 'src/lidar_turtlebot_activity' with type 'ros.ament_python' and name 'lidar_turtlebot_activity'
[0.622s] Level 1:colcon.colcon_core.package_identification:_identify(src/turtle_sim_pkg) by extensions ['ignore', 'ignore_ament_install']
[0.622s] Level 1:colcon.colcon_core.package_identification:_identify(src/turtle_sim_pkg) by extension 'ignore'
[0.622s] Level 1:colcon.colcon_core.package_identification:_identify(src/turtle_sim_pkg) by extension 'ignore_ament_install'
[0.622s] Level 1:colcon.colcon_core.package_identification:_identify(src/turtle_sim_pkg) by extensions ['colcon_pkg']
[0.622s] Level 1:colcon.colcon_core.package_identification:_identify(src/turtle_sim_pkg) by extension 'colcon_pkg'
[0.622s] Level 1:colcon.colcon_core.package_identification:_identify(src/turtle_sim_pkg) by extensions ['colcon_meta']
[0.622s] Level 1:colcon.colcon_core.package_identification:_identify(src/turtle_sim_pkg) by extension 'colcon_meta'
[0.622s] Level 1:colcon.colcon_core.package_identification:_identify(src/turtle_sim_pkg) by extensions ['ros']
[0.622s] Level 1:colcon.colcon_core.package_identification:_identify(src/turtle_sim_pkg) by extension 'ros'
[0.623s] DEBUG:colcon.colcon_core.package_identification:Package 'src/turtle_sim_pkg' with type 'ros.ament_python' and name 'turtle_sim_pkg'
[0.623s] Level 1:colcon.colcon_core.package_discovery:discover_packages(recursive) using defaults
[0.623s] Level 1:colcon.colcon_core.package_discovery:discover_packages(ignore) discover
[0.623s] Level 1:colcon.colcon_core.package_discovery:discover_packages(ignore) using defaults
[0.624s] Level 1:colcon.colcon_core.package_discovery:discover_packages(path) discover
[0.624s] Level 1:colcon.colcon_core.package_discovery:discover_packages(path) using defaults
[0.698s] Level 1:colcon.colcon_core.package_discovery:discover_packages(prefix_path) check parameters
[0.698s] Level 1:colcon.colcon_core.package_discovery:discover_packages(prefix_path) discover
[0.701s] DEBUG:colcon.colcon_installed_package_information.package_discovery:Found 2 installed packages in /home/vboxuser/ros2_ws/install
[0.704s] DEBUG:colcon.colcon_installed_package_information.package_discovery:Found 326 installed packages in /opt/ros/humble
[0.708s] Level 1:colcon.colcon_core.package_discovery:discover_packages(prefix_path) using defaults
[0.804s] Level 5:colcon.colcon_core.verb:set package 'lidar_turtlebot_activity' build argument 'cmake_args' from command line to 'None'
[0.804s] Level 5:colcon.colcon_core.verb:set package 'lidar_turtlebot_activity' build argument 'cmake_target' from command line to 'None'
[0.804s] Level 5:colcon.colcon_core.verb:set package 'lidar_turtlebot_activity' build argument 'cmake_target_skip_unavailable' from command line to 'False'
[0.804s] Level 5:colcon.colcon_core.verb:set package 'lidar_turtlebot_activity' build argument 'cmake_clean_cache' from command line to 'False'
[0.804s] Level 5:colcon.colcon_core.verb:set package 'lidar_turtlebot_activity' build argument 'cmake_clean_first' from command line to 'False'
[0.804s] Level 5:colcon.colcon_core.verb:set package 'lidar_turtlebot_activity' build argument 'cmake_force_configure' from command line to 'False'
[0.804s] Level 5:colcon.colcon_core.verb:set package 'lidar_turtlebot_activity' build argument 'ament_cmake_args' from command line to 'None'
[0.804s] Level 5:colcon.colcon_core.verb:set package 'lidar_turtlebot_activity' build argument 'catkin_cmake_args' from command line to 'None'
[0.804s] Level 5:colcon.colcon_core.verb:set package 'lidar_turtlebot_activity' build argument 'catkin_skip_building_tests' from command line to 'False'
[0.804s] DEBUG:colcon.colcon_core.verb:Building package 'lidar_turtlebot_activity' with the following arguments: {'ament_cmake_args': None, 'build_base': '/home/vboxuser/ros2_ws/build/lidar_turtlebot_activity', 'catkin_cmake_args': None, 'catkin_skip_building_tests': False, 'cmake_args': None, 'cmake_clean_cache': False, 'cmake_clean_first': False, 'cmake_force_configure': False, 'cmake_target': None, 'cmake_target_skip_unavailable': False, 'install_base': '/home/vboxuser/ros2_ws/install/lidar_turtlebot_activity', 'merge_install': False, 'path': '/home/vboxuser/ros2_ws/src/lidar_turtlebot_activity', 'symlink_install': False, 'test_result_base': None}
[0.805s] Level 5:colcon.colcon_core.verb:set package 'turtle_sim_pkg' build argument 'cmake_args' from command line to 'None'
[0.805s] Level 5:colcon.colcon_core.verb:set package 'turtle_sim_pkg' build argument 'cmake_target' from command line to 'None'
[0.805s] Level 5:colcon.colcon_core.verb:set package 'turtle_sim_pkg' build argument 'cmake_target_skip_unavailable' from command line to 'False'
[0.805s] Level 5:colcon.colcon_core.verb:set package 'turtle_sim_pkg' build argument 'cmake_clean_cache' from command line to 'False'
[0.805s] Level 5:colcon.colcon_core.verb:set package 'turtle_sim_pkg' build argument 'cmake_clean_first' from command line to 'False'
[0.805s] Level 5:colcon.colcon_core.verb:set package 'turtle_sim_pkg' build argument 'cmake_force_configure' from command line to 'False'
[0.805s] Level 5:colcon.colcon_core.verb:set package 'turtle_sim_pkg' build argument 'ament_cmake_args' from command line to 'None'
[0.805s] Level 5:colcon.colcon_core.verb:set package 'turtle_sim_pkg' build argument 'catkin_cmake_args' from command line to 'None'
[0.805s] Level 5:colcon.colcon_core.verb:set package 'turtle_sim_pkg' build argument 'catkin_skip_building_tests' from command line to 'False'
[0.805s] DEBUG:colcon.colcon_core.verb:Building package 'turtle_sim_pkg' with the following arguments: {'ament_cmake_args': None, 'build_base': '/home/vboxuser/ros2_ws/build/turtle_sim_pkg', 'catkin_cmake_args': None, 'catkin_skip_building_tests': False, 'cmake_args': None, 'cmake_clean_cache': False, 'cmake_clean_first': False, 'cmake_force_configure': False, 'cmake_target': None, 'cmake_target_skip_unavailable': False, 'install_base': '/home/vboxuser/ros2_ws/install/turtle_sim_pkg', 'merge_install': False, 'path': '/home/vboxuser/ros2_ws/src/turtle_sim_pkg', 'symlink_install': False, 'test_result_base': None}
[0.806s] INFO:colcon.colcon_core.executor:Executing jobs using 'parallel' executor
[0.811s] DEBUG:colcon.colcon_parallel_executor.executor.parallel:run_until_complete
[0.812s] INFO:colcon.colcon_ros.task.ament_python.build:Building ROS package in '/home/vboxuser/ros2_ws/src/lidar_turtlebot_activity' with build type 'ament_python'
[0.814s] Level 1:colcon.colcon_core.shell:create_environment_hook('lidar_turtlebot_activity', 'ament_prefix_path')
[0.819s] INFO:colcon.colcon_core.plugin_system:Skipping extension 'colcon_core.shell.bat': Not used on non-Windows systems
[0.819s] INFO:colcon.colcon_core.shell:Creating environment hook '/home/vboxuser/ros2_ws/install/lidar_turtlebot_activity/share/lidar_turtlebot_activity/hook/ament_prefix_path.ps1'
[0.820s] INFO:colcon.colcon_core.shell:Creating environment descriptor '/home/vboxuser/ros2_ws/install/lidar_turtlebot_activity/share/lidar_turtlebot_activity/hook/ament_prefix_path.dsv'
[0.822s] INFO:colcon.colcon_core.shell:Creating environment hook '/home/vboxuser/ros2_ws/install/lidar_turtlebot_activity/share/lidar_turtlebot_activity/hook/ament_prefix_path.sh'
[0.824s] INFO:colcon.colcon_core.shell:Skip shell extension 'powershell' for command environment: Not usable outside of PowerShell
[0.824s] DEBUG:colcon.colcon_core.shell:Skip shell extension 'dsv' for command environment
[0.834s] INFO:colcon.colcon_ros.task.ament_python.build:Building ROS package in '/home/vboxuser/ros2_ws/src/turtle_sim_pkg' with build type 'ament_python'
[0.834s] Level 1:colcon.colcon_core.shell:create_environment_hook('turtle_sim_pkg', 'ament_prefix_path')
[0.835s] INFO:colcon.colcon_core.shell:Creating environment hook '/home/vboxuser/ros2_ws/install/turtle_sim_pkg/share/turtle_sim_pkg/hook/ament_prefix_path.ps1'
[0.836s] INFO:colcon.colcon_core.shell:Creating environment descriptor '/home/vboxuser/ros2_ws/install/turtle_sim_pkg/share/turtle_sim_pkg/hook/ament_prefix_path.dsv'
[0.850s] INFO:colcon.colcon_core.shell:Creating environment hook '/home/vboxuser/ros2_ws/install/turtle_sim_pkg/share/turtle_sim_pkg/hook/ament_prefix_path.sh'
[0.852s] INFO:colcon.colcon_core.shell:Skip shell extension 'powershell' for command environment: Not usable outside of PowerShell
[0.852s] DEBUG:colcon.colcon_core.shell:Skip shell extension 'dsv' for command environment
[2.471s] INFO:colcon.colcon_core.task.python.build:Building Python package in '/home/vboxuser/ros2_ws/src/lidar_turtlebot_activity'
[2.472s] INFO:colcon.colcon_core.shell:Skip shell extension 'powershell' for command environment: Not usable outside of PowerShell
[2.472s] DEBUG:colcon.colcon_core.shell:Skip shell extension 'dsv' for command environment
[3.280s] INFO:colcon.colcon_core.task.python.build:Building Python package in '/home/vboxuser/ros2_ws/src/turtle_sim_pkg'
[3.281s] INFO:colcon.colcon_core.shell:Skip shell extension 'powershell' for command environment: Not usable outside of PowerShell
[3.281s] DEBUG:colcon.colcon_core.shell:Skip shell extension 'dsv' for command environment
[4.611s] DEBUG:colcon.colcon_core.event_handler.log_command:Invoking command in '/home/vboxuser/ros2_ws/src/turtle_sim_pkg': PYTHONPATH=/home/vboxuser/ros2_ws/build/turtle_sim_pkg/prefix_override:/usr/lib/python3/dist-packages/colcon_core/task/python/colcon_distutils_commands:/home/vboxuser/ros2_ws/install/turtle_sim_pkg/lib/python3.10/site-packages:${PYTHONPATH} /usr/bin/python3 -W ignore:setup.py install is deprecated -W ignore:easy_install command is deprecated setup.py egg_info --egg-base ../../build/turtle_sim_pkg build --build-base /home/vboxuser/ros2_ws/build/turtle_sim_pkg/build install --record /home/vboxuser/ros2_ws/build/turtle_sim_pkg/install.log --single-version-externally-managed install_data
[4.877s] DEBUG:colcon.colcon_core.event_handler.log_command:Invoking command in '/home/vboxuser/ros2_ws/src/lidar_turtlebot_activity': PYTHONPATH=/home/vboxuser/ros2_ws/build/lidar_turtlebot_activity/prefix_override:/usr/lib/python3/dist-packages/colcon_core/task/python/colcon_distutils_commands:/home/vboxuser/ros2_ws/install/lidar_turtlebot_activity/lib/python3.10/site-packages:${PYTHONPATH} /usr/bin/python3 -W ignore:setup.py install is deprecated -W ignore:easy_install command is deprecated setup.py egg_info --egg-base ../../build/lidar_turtlebot_activity build --build-base /home/vboxuser/ros2_ws/build/lidar_turtlebot_activity/build install --record /home/vboxuser/ros2_ws/build/lidar_turtlebot_activity/install.log --single-version-externally-managed install_data
[5.685s] DEBUG:colcon.colcon_core.event_handler.log_command:Invoked command in '/home/vboxuser/ros2_ws/src/turtle_sim_pkg' returned '0': PYTHONPATH=/home/vboxuser/ros2_ws/build/turtle_sim_pkg/prefix_override:/usr/lib/python3/dist-packages/colcon_core/task/python/colcon_distutils_commands:/home/vboxuser/ros2_ws/install/turtle_sim_pkg/lib/python3.10/site-packages:${PYTHONPATH} /usr/bin/python3 -W ignore:setup.py install is deprecated -W ignore:easy_install command is deprecated setup.py egg_info --egg-base ../../build/turtle_sim_pkg build --build-base /home/vboxuser/ros2_ws/build/turtle_sim_pkg/build install --record /home/vboxuser/ros2_ws/build/turtle_sim_pkg/install.log --single-version-externally-managed install_data
[5.690s] Level 1:colcon.colcon_core.environment:checking '/home/vboxuser/ros2_ws/install/turtle_sim_pkg' for CMake module files
[5.694s] Level 1:colcon.colcon_core.environment:checking '/home/vboxuser/ros2_ws/install/turtle_sim_pkg' for CMake config files
[5.695s] Level 1:colcon.colcon_core.environment:checking '/home/vboxuser/ros2_ws/install/turtle_sim_pkg/lib'
[5.696s] Level 1:colcon.colcon_core.environment:checking '/home/vboxuser/ros2_ws/install/turtle_sim_pkg/bin'
[5.696s] Level 1:colcon.colcon_core.environment:checking '/home/vboxuser/ros2_ws/install/turtle_sim_pkg/lib/pkgconfig/turtle_sim_pkg.pc'
[5.697s] Level 1:colcon.colcon_core.environment:checking '/home/vboxuser/ros2_ws/install/turtle_sim_pkg/lib/python3.10/site-packages'
[5.698s] Level 1:colcon.colcon_core.shell:create_environment_hook('turtle_sim_pkg', 'pythonpath')
[5.700s] INFO:colcon.colcon_core.shell:Creating environment hook '/home/vboxuser/ros2_ws/install/turtle_sim_pkg/share/turtle_sim_pkg/hook/pythonpath.ps1'
[5.702s] INFO:colcon.colcon_core.shell:Creating environment descriptor '/home/vboxuser/ros2_ws/install/turtle_sim_pkg/share/turtle_sim_pkg/hook/pythonpath.dsv'
[5.703s] INFO:colcon.colcon_core.shell:Creating environment hook '/home/vboxuser/ros2_ws/install/turtle_sim_pkg/share/turtle_sim_pkg/hook/pythonpath.sh'
[5.705s] Level 1:colcon.colcon_core.environment:checking '/home/vboxuser/ros2_ws/install/turtle_sim_pkg/bin'
[5.705s] Level 1:colcon.colcon_core.environment:create_environment_scripts_only(turtle_sim_pkg)
[5.706s] INFO:colcon.colcon_core.shell:Creating package script '/home/vboxuser/ros2_ws/install/turtle_sim_pkg/share/turtle_sim_pkg/package.ps1'
[5.713s] INFO:colcon.colcon_core.shell:Creating package descriptor '/home/vboxuser/ros2_ws/install/turtle_sim_pkg/share/turtle_sim_pkg/package.dsv'
[5.714s] INFO:colcon.colcon_core.shell:Creating package script '/home/vboxuser/ros2_ws/install/turtle_sim_pkg/share/turtle_sim_pkg/package.sh'
[5.716s] INFO:colcon.colcon_core.shell:Creating package script '/home/vboxuser/ros2_ws/install/turtle_sim_pkg/share/turtle_sim_pkg/package.bash'
[5.719s] INFO:colcon.colcon_core.shell:Creating package script '/home/vboxuser/ros2_ws/install/turtle_sim_pkg/share/turtle_sim_pkg/package.zsh'
[5.720s] Level 1:colcon.colcon_core.environment:create_file_with_runtime_dependencies(/home/vboxuser/ros2_ws/install/turtle_sim_pkg/share/colcon-core/packages/turtle_sim_pkg)
[6.169s] Level 1:colcon.colcon_core.environment:checking '/home/vboxuser/ros2_ws/install/lidar_turtlebot_activity' for CMake module files
[6.172s] DEBUG:colcon.colcon_core.event_handler.log_command:Invoked command in '/home/vboxuser/ros2_ws/src/lidar_turtlebot_activity' returned '0': PYTHONPATH=/home/vboxuser/ros2_ws/build/lidar_turtlebot_activity/prefix_override:/usr/lib/python3/dist-packages/colcon_core/task/python/colcon_distutils_commands:/home/vboxuser/ros2_ws/install/lidar_turtlebot_activity/lib/python3.10/site-packages:${PYTHONPATH} /usr/bin/python3 -W ignore:setup.py install is deprecated -W ignore:easy_install command is deprecated setup.py egg_info --egg-base ../../build/lidar_turtlebot_activity build --build-base /home/vboxuser/ros2_ws/build/lidar_turtlebot_activity/build install --record /home/vboxuser/ros2_ws/build/lidar_turtlebot_activity/install.log --single-version-externally-managed install_data
[6.181s] Level 1:colcon.colcon_core.environment:checking '/home/vboxuser/ros2_ws/install/lidar_turtlebot_activity' for CMake config files
[6.189s] Level 1:colcon.colcon_core.environment:checking '/home/vboxuser/ros2_ws/install/lidar_turtlebot_activity/lib'
[6.189s] Level 1:colcon.colcon_core.environment:checking '/home/vboxuser/ros2_ws/install/lidar_turtlebot_activity/bin'
[6.189s] Level 1:colcon.colcon_core.environment:checking '/home/vboxuser/ros2_ws/install/lidar_turtlebot_activity/lib/pkgconfig/lidar_turtlebot_activity.pc'
[6.191s] Level 1:colcon.colcon_core.environment:checking '/home/vboxuser/ros2_ws/install/lidar_turtlebot_activity/lib/python3.10/site-packages'
[6.191s] Level 1:colcon.colcon_core.shell:create_environment_hook('lidar_turtlebot_activity', 'pythonpath')
[6.191s] INFO:colcon.colcon_core.shell:Creating environment hook '/home/vboxuser/ros2_ws/install/lidar_turtlebot_activity/share/lidar_turtlebot_activity/hook/pythonpath.ps1'
[6.193s] INFO:colcon.colcon_core.shell:Creating environment descriptor '/home/vboxuser/ros2_ws/install/lidar_turtlebot_activity/share/lidar_turtlebot_activity/hook/pythonpath.dsv'
[6.194s] INFO:colcon.colcon_core.shell:Creating environment hook '/home/vboxuser/ros2_ws/install/lidar_turtlebot_activity/share/lidar_turtlebot_activity/hook/pythonpath.sh'
[6.199s] Level 1:colcon.colcon_core.environment:checking '/home/vboxuser/ros2_ws/install/lidar_turtlebot_activity/bin'
[6.199s] Level 1:colcon.colcon_core.environment:create_environment_scripts_only(lidar_turtlebot_activity)
[6.200s] INFO:colcon.colcon_core.shell:Creating package script '/home/vboxuser/ros2_ws/install/lidar_turtlebot_activity/share/lidar_turtlebot_activity/package.ps1'
[6.206s] INFO:colcon.colcon_core.shell:Creating package descriptor '/home/vboxuser/ros2_ws/install/lidar_turtlebot_activity/share/lidar_turtlebot_activity/package.dsv'
[6.210s] INFO:colcon.colcon_core.shell:Creating package script '/home/vboxuser/ros2_ws/install/lidar_turtlebot_activity/share/lidar_turtlebot_activity/package.sh'
[6.214s] INFO:colcon.colcon_core.shell:Creating package script '/home/vboxuser/ros2_ws/install/lidar_turtlebot_activity/share/lidar_turtlebot_activity/package.bash'
[6.216s] INFO:colcon.colcon_core.shell:Creating package script '/home/vboxuser/ros2_ws/install/lidar_turtlebot_activity/share/lidar_turtlebot_activity/package.zsh'
[6.221s] Level 1:colcon.colcon_core.environment:create_file_with_runtime_dependencies(/home/vboxuser/ros2_ws/install/lidar_turtlebot_activity/share/colcon-core/packages/lidar_turtlebot_activity)
[6.227s] DEBUG:colcon.colcon_parallel_executor.executor.parallel:closing loop
[6.229s] DEBUG:colcon.colcon_parallel_executor.executor.parallel:loop closed
[6.231s] DEBUG:colcon.colcon_parallel_executor.executor.parallel:run_until_complete finished with '0'
[6.232s] DEBUG:colcon.colcon_core.event_reactor:joining thread
[6.247s] INFO:colcon.colcon_core.plugin_system:Skipping extension 'colcon_notification.desktop_notification.terminal_notifier': Not used on non-Darwin systems
[6.247s] INFO:colcon.colcon_core.plugin_system:Skipping extension 'colcon_notification.desktop_notification.win32': Not used on non-Windows systems
[6.247s] INFO:colcon.colcon_notification.desktop_notification:Sending desktop notification using 'notify2'
[6.348s] DEBUG:colcon.colcon_core.event_reactor:joined thread
[6.348s] INFO:colcon.colcon_core.shell:Creating prefix script '/home/vboxuser/ros2_ws/install/local_setup.ps1'
[6.351s] INFO:colcon.colcon_core.shell:Creating prefix util module '/home/vboxuser/ros2_ws/install/_local_setup_util_ps1.py'
[6.366s] INFO:colcon.colcon_core.shell:Creating prefix chain script '/home/vboxuser/ros2_ws/install/setup.ps1'
[6.368s] INFO:colcon.colcon_core.shell:Creating prefix script '/home/vboxuser/ros2_ws/install/local_setup.sh'
[6.369s] INFO:colcon.colcon_core.shell:Creating prefix util module '/home/vboxuser/ros2_ws/install/_local_setup_util_sh.py'
[6.370s] INFO:colcon.colcon_core.shell:Creating prefix chain script '/home/vboxuser/ros2_ws/install/setup.sh'
[6.372s] INFO:colcon.colcon_core.shell:Creating prefix script '/home/vboxuser/ros2_ws/install/local_setup.bash'
[6.374s] INFO:colcon.colcon_core.shell:Creating prefix chain script '/home/vboxuser/ros2_ws/install/setup.bash'
[6.376s] INFO:colcon.colcon_core.shell:Creating prefix script '/home/vboxuser/ros2_ws/install/local_setup.zsh'
[6.383s] INFO:colcon.colcon_core.shell:Creating prefix chain script '/home/vboxuser/ros2_ws/install/setup.zsh'
