[9.390s] Invoking command in '/home/vboxuser/ros2_ws/src/turtle_control': PYTHONPATH=/home/vboxuser/ros2_ws/build/turtle_control/prefix_override:/usr/lib/python3/dist-packages/colcon_core/task/python/colcon_distutils_commands:/home/vboxuser/ros2_ws/install/turtle_control/lib/python3.10/site-packages:${PYTHONPATH} /usr/bin/python3 -W ignore:setup.py install is deprecated -W ignore:easy_install command is deprecated setup.py egg_info --egg-base ../../build/turtle_control build --build-base /home/vboxuser/ros2_ws/build/turtle_control/build install --record /home/vboxuser/ros2_ws/build/turtle_control/install.log --single-version-externally-managed install_data
[12.099s] running egg_info
[12.099s] writing ../../build/turtle_control/turtle_control.egg-info/PKG-INFO
[12.099s] writing dependency_links to ../../build/turtle_control/turtle_control.egg-info/dependency_links.txt
[12.099s] writing entry points to ../../build/turtle_control/turtle_control.egg-info/entry_points.txt
[12.100s] writing requirements to ../../build/turtle_control/turtle_control.egg-info/requires.txt
[12.100s] writing top-level names to ../../build/turtle_control/turtle_control.egg-info/top_level.txt
[12.114s] reading manifest file '../../build/turtle_control/turtle_control.egg-info/SOURCES.txt'
[12.184s] writing manifest file '../../build/turtle_control/turtle_control.egg-info/SOURCES.txt'
[12.205s] running build
[12.205s] running build_py
[12.205s] copying turtle_control/controlador_hibrido.py -> /home/vboxuser/ros2_ws/build/turtle_control/build/lib/turtle_control
[12.205s] running install
[12.215s] running install_lib
[12.255s] copying /home/vboxuser/ros2_ws/build/turtle_control/build/lib/turtle_control/controlador_hibrido.py -> /home/vboxuser/ros2_ws/install/turtle_control/lib/python3.10/site-packages/turtle_control
[12.300s] byte-compiling /home/vboxuser/ros2_ws/install/turtle_control/lib/python3.10/site-packages/turtle_control/controlador_hibrido.py to controlador_hibrido.cpython-310.pyc
[12.330s] running install_data
[12.331s] running install_egg_info
[12.331s] removing '/home/vboxuser/ros2_ws/install/turtle_control/lib/python3.10/site-packages/turtle_control-0.0.0-py3.10.egg-info' (and everything under it)
[12.331s] Copying ../../build/turtle_control/turtle_control.egg-info to /home/vboxuser/ros2_ws/install/turtle_control/lib/python3.10/site-packages/turtle_control-0.0.0-py3.10.egg-info
[12.331s] running install_scripts
[12.473s] Installing hybrid_control script to /home/vboxuser/ros2_ws/install/turtle_control/lib/turtle_control
[12.502s] writing list of installed files to '/home/vboxuser/ros2_ws/build/turtle_control/install.log'
[12.680s] Invoked command in '/home/vboxuser/ros2_ws/src/turtle_control' returned '0': PYTHONPATH=/home/vboxuser/ros2_ws/build/turtle_control/prefix_override:/usr/lib/python3/dist-packages/colcon_core/task/python/colcon_distutils_commands:/home/vboxuser/ros2_ws/install/turtle_control/lib/python3.10/site-packages:${PYTHONPATH} /usr/bin/python3 -W ignore:setup.py install is deprecated -W ignore:easy_install command is deprecated setup.py egg_info --egg-base ../../build/turtle_control build --build-base /home/vboxuser/ros2_ws/build/turtle_control/build install --record /home/vboxuser/ros2_ws/build/turtle_control/install.log --single-version-externally-managed install_data
