[6.313s] Invoking command in '/home/vboxuser/ros2_ws/src/lidar_turtlebot_activity': PYTHONPATH=/home/vboxuser/ros2_ws/build/lidar_turtlebot_activity/prefix_override:/usr/lib/python3/dist-packages/colcon_core/task/python/colcon_distutils_commands:/home/vboxuser/ros2_ws/install/lidar_turtlebot_activity/lib/python3.10/site-packages:${PYTHONPATH} /usr/bin/python3 -W ignore:setup.py install is deprecated -W ignore:easy_install command is deprecated setup.py egg_info --egg-base ../../build/lidar_turtlebot_activity build --build-base /home/vboxuser/ros2_ws/build/lidar_turtlebot_activity/build install --record /home/vboxuser/ros2_ws/build/lidar_turtlebot_activity/install.log --single-version-externally-managed install_data
[9.358s] running egg_info
[9.382s] writing ../../build/lidar_turtlebot_activity/lidar_turtlebot_activity.egg-info/PKG-INFO
[9.382s] writing dependency_links to ../../build/lidar_turtlebot_activity/lidar_turtlebot_activity.egg-info/dependency_links.txt
[9.382s] writing entry points to ../../build/lidar_turtlebot_activity/lidar_turtlebot_activity.egg-info/entry_points.txt
[9.382s] writing requirements to ../../build/lidar_turtlebot_activity/lidar_turtlebot_activity.egg-info/requires.txt
[9.382s] writing top-level names to ../../build/lidar_turtlebot_activity/lidar_turtlebot_activity.egg-info/top_level.txt
[9.382s] reading manifest file '../../build/lidar_turtlebot_activity/lidar_turtlebot_activity.egg-info/SOURCES.txt'
[9.387s] writing manifest file '../../build/lidar_turtlebot_activity/lidar_turtlebot_activity.egg-info/SOURCES.txt'
[9.387s] running build
[9.387s] running build_py
[9.401s] running install
[9.401s] running install_lib
[9.403s] running install_data
[9.404s] running install_egg_info
[9.425s] removing '/home/vboxuser/ros2_ws/install/lidar_turtlebot_activity/lib/python3.10/site-packages/lidar_turtlebot_activity-0.0.0-py3.10.egg-info' (and everything under it)
[9.448s] Copying ../../build/lidar_turtlebot_activity/lidar_turtlebot_activity.egg-info to /home/vboxuser/ros2_ws/install/lidar_turtlebot_activity/lib/python3.10/site-packages/lidar_turtlebot_activity-0.0.0-py3.10.egg-info
[9.448s] running install_scripts
[9.863s] Installing lidar_plotter script to /home/vboxuser/ros2_ws/install/lidar_turtlebot_activity/lib/lidar_turtlebot_activity
[9.869s] Installing turtlebot_avoidance script to /home/vboxuser/ros2_ws/install/lidar_turtlebot_activity/lib/lidar_turtlebot_activity
[9.869s] writing list of installed files to '/home/vboxuser/ros2_ws/build/lidar_turtlebot_activity/install.log'
[10.219s] Invoked command in '/home/vboxuser/ros2_ws/src/lidar_turtlebot_activity' returned '0': PYTHONPATH=/home/vboxuser/ros2_ws/build/lidar_turtlebot_activity/prefix_override:/usr/lib/python3/dist-packages/colcon_core/task/python/colcon_distutils_commands:/home/vboxuser/ros2_ws/install/lidar_turtlebot_activity/lib/python3.10/site-packages:${PYTHONPATH} /usr/bin/python3 -W ignore:setup.py install is deprecated -W ignore:easy_install command is deprecated setup.py egg_info --egg-base ../../build/lidar_turtlebot_activity build --build-base /home/vboxuser/ros2_ws/build/lidar_turtlebot_activity/build install --record /home/vboxuser/ros2_ws/build/lidar_turtlebot_activity/install.log --single-version-externally-managed install_data
