[2.094s] DEBUG:colcon:Command line arguments: ['/usr/bin/colcon', 'build']
[2.094s] DEBUG:colcon:Parsed command line arguments: Namespace(log_base=None, log_level=None, verb_name='build', build_base='build', install_base='install', merge_install=False, symlink_install=False, test_result_base=None, continue_on_error=False, executor='parallel', parallel_workers=2, event_handlers=None, ignore_user_meta=False, metas=['./colcon.meta'], base_paths=['.'], packages_ignore=None, packages_ignore_regex=None, paths=None, packages_up_to=None, packages_up_to_regex=None, packages_above=None, packages_above_and_dependencies=None, packages_above_depth=None, packages_select_by_dep=None, packages_skip_by_dep=None, packages_skip_up_to=None, packages_select_build_failed=False, packages_skip_build_finished=False, packages_select_test_failures=False, packages_skip_test_passed=False, packages_select=None, packages_skip=None, packages_select_regex=None, packages_skip_regex=None, packages_start=None, packages_end=None, allow_overriding=[], cmake_args=None, cmake_target=None, cmake_target_skip_unavailable=False, cmake_clean_cache=False, cmake_clean_first=False, cmake_force_configure=False, ament_cmake_args=None, catkin_cmake_args=None, catkin_skip_building_tests=False, mixin_files=None, mixin=None, verb_parser=<colcon_mixin.mixin.mixin_argument.MixinArgumentDecorator object at 0x779f1e4517e0>, verb_extension=<colcon_core.verb.build.BuildVerb object at 0x779f1e4511e0>, main=<bound method BuildVerb.main of <colcon_core.verb.build.BuildVerb object at 0x779f1e4511e0>>, mixin_verb=('build',))
[3.246s] Level 1:colcon.colcon_core.package_discovery:discover_packages(colcon_meta) check parameters
[3.246s] Level 1:colcon.colcon_core.package_discovery:discover_packages(recursive) check parameters
[3.246s] Level 1:colcon.colcon_core.package_discovery:discover_packages(ignore) check parameters
[3.246s] Level 1:colcon.colcon_core.package_discovery:discover_packages(path) check parameters
[3.246s] Level 1:colcon.colcon_core.package_discovery:discover_packages(colcon_meta) discover
[3.246s] Level 1:colcon.colcon_core.package_discovery:discover_packages(recursive) discover
[3.246s] INFO:colcon.colcon_core.package_discovery:Crawling recursively for packages in '/home/vboxuser/ros2_ws'
[3.246s] Level 1:colcon.colcon_core.package_identification:_identify(.) by extensions ['ignore', 'ignore_ament_install']
[3.247s] Level 1:colcon.colcon_core.package_identification:_identify(.) by extension 'ignore'
[3.247s] Level 1:colcon.colcon_core.package_identification:_identify(.) by extension 'ignore_ament_install'
[3.247s] Level 1:colcon.colcon_core.package_identification:_identify(.) by extensions ['colcon_pkg']
[3.247s] Level 1:colcon.colcon_core.package_identification:_identify(.) by extension 'colcon_pkg'
[3.247s] Level 1:colcon.colcon_core.package_identification:_identify(.) by extensions ['colcon_meta']
[3.247s] Level 1:colcon.colcon_core.package_identification:_identify(.) by extension 'colcon_meta'
[3.248s] Level 1:colcon.colcon_core.package_identification:_identify(.) by extensions ['ros']
[3.248s] Level 1:colcon.colcon_core.package_identification:_identify(.) by extension 'ros'
[3.293s] Level 1:colcon.colcon_core.package_identification:_identify(.) by extensions ['cmake', 'python']
[3.294s] Level 1:colcon.colcon_core.package_identification:_identify(.) by extension 'cmake'
[3.294s] Level 1:colcon.colcon_core.package_identification:_identify(.) by extension 'python'
[3.295s] Level 1:colcon.colcon_core.package_identification:_identify(.) by extensions ['python_setup_py']
[3.295s] Level 1:colcon.colcon_core.package_identification:_identify(.) by extension 'python_setup_py'
[3.295s] Level 1:colcon.colcon_core.package_identification:_identify(build) by extensions ['ignore', 'ignore_ament_install']
[3.295s] Level 1:colcon.colcon_core.package_identification:_identify(build) by extension 'ignore'
[3.295s] Level 1:colcon.colcon_core.package_identification:_identify(build) ignored
[3.295s] Level 1:colcon.colcon_core.package_identification:_identify(install) by extensions ['ignore', 'ignore_ament_install']
[3.295s] Level 1:colcon.colcon_core.package_identification:_identify(install) by extension 'ignore'
[3.296s] Level 1:colcon.colcon_core.package_identification:_identify(install) ignored
[3.296s] Level 1:colcon.colcon_core.package_identification:_identify(log) by extensions ['ignore', 'ignore_ament_install']
[3.296s] Level 1:colcon.colcon_core.package_identification:_identify(log) by extension 'ignore'
[3.296s] Level 1:colcon.colcon_core.package_identification:_identify(log) ignored
[3.296s] Level 1:colcon.colcon_core.package_identification:_identify(src) by extensions ['ignore', 'ignore_ament_install']
[3.296s] Level 1:colcon.colcon_core.package_identification:_identify(src) by extension 'ignore'
[3.296s] Level 1:colcon.colcon_core.package_identification:_identify(src) by extension 'ignore_ament_install'
[3.297s] Level 1:colcon.colcon_core.package_identification:_identify(src) by extensions ['colcon_pkg']
[3.297s] Level 1:colcon.colcon_core.package_identification:_identify(src) by extension 'colcon_pkg'
[3.297s] Level 1:colcon.colcon_core.package_identification:_identify(src) by extensions ['colcon_meta']
[3.298s] Level 1:colcon.colcon_core.package_identification:_identify(src) by extension 'colcon_meta'
[3.298s] Level 1:colcon.colcon_core.package_identification:_identify(src) by extensions ['ros']
[3.298s] Level 1:colcon.colcon_core.package_identification:_identify(src) by extension 'ros'
[3.298s] Level 1:colcon.colcon_core.package_identification:_identify(src) by extensions ['cmake', 'python']
[3.298s] Level 1:colcon.colcon_core.package_identification:_identify(src) by extension 'cmake'
[3.299s] Level 1:colcon.colcon_core.package_identification:_identify(src) by extension 'python'
[3.299s] Level 1:colcon.colcon_core.package_identification:_identify(src) by extensions ['python_setup_py']
[3.299s] Level 1:colcon.colcon_core.package_identification:_identify(src) by extension 'python_setup_py'
[3.299s] Level 1:colcon.colcon_core.package_identification:_identify(src/turtle_sim_pkg) by extensions ['ignore', 'ignore_ament_install']
[3.299s] Level 1:colcon.colcon_core.package_identification:_identify(src/turtle_sim_pkg) by extension 'ignore'
[3.299s] Level 1:colcon.colcon_core.package_identification:_identify(src/turtle_sim_pkg) by extension 'ignore_ament_install'
[3.300s] Level 1:colcon.colcon_core.package_identification:_identify(src/turtle_sim_pkg) by extensions ['colcon_pkg']
[3.300s] Level 1:colcon.colcon_core.package_identification:_identify(src/turtle_sim_pkg) by extension 'colcon_pkg'
[3.300s] Level 1:colcon.colcon_core.package_identification:_identify(src/turtle_sim_pkg) by extensions ['colcon_meta']
[3.300s] Level 1:colcon.colcon_core.package_identification:_identify(src/turtle_sim_pkg) by extension 'colcon_meta'
[3.300s] Level 1:colcon.colcon_core.package_identification:_identify(src/turtle_sim_pkg) by extensions ['ros']
[3.300s] Level 1:colcon.colcon_core.package_identification:_identify(src/turtle_sim_pkg) by extension 'ros'
[3.327s] DEBUG:colcon.colcon_core.package_identification:Package 'src/turtle_sim_pkg' with type 'ros.ament_python' and name 'turtle_sim_pkg'
[3.327s] Level 1:colcon.colcon_core.package_discovery:discover_packages(recursive) using defaults
[3.327s] Level 1:colcon.colcon_core.package_discovery:discover_packages(ignore) discover
[3.327s] Level 1:colcon.colcon_core.package_discovery:discover_packages(ignore) using defaults
[3.327s] Level 1:colcon.colcon_core.package_discovery:discover_packages(path) discover
[3.327s] Level 1:colcon.colcon_core.package_discovery:discover_packages(path) using defaults
[3.477s] Level 1:colcon.colcon_core.package_discovery:discover_packages(prefix_path) check parameters
[3.477s] Level 1:colcon.colcon_core.package_discovery:discover_packages(prefix_path) discover
[3.486s] DEBUG:colcon.colcon_installed_package_information.package_discovery:Found 1 installed packages in /home/vboxuser/ros2_ws/install
[3.488s] DEBUG:colcon.colcon_installed_package_information.package_discovery:Found 271 installed packages in /opt/ros/humble
[3.492s] Level 1:colcon.colcon_core.package_discovery:discover_packages(prefix_path) using defaults
[3.584s] Level 5:colcon.colcon_core.verb:set package 'turtle_sim_pkg' build argument 'cmake_args' from command line to 'None'
[3.584s] Level 5:colcon.colcon_core.verb:set package 'turtle_sim_pkg' build argument 'cmake_target' from command line to 'None'
[3.585s] Level 5:colcon.colcon_core.verb:set package 'turtle_sim_pkg' build argument 'cmake_target_skip_unavailable' from command line to 'False'
[3.585s] Level 5:colcon.colcon_core.verb:set package 'turtle_sim_pkg' build argument 'cmake_clean_cache' from command line to 'False'
[3.585s] Level 5:colcon.colcon_core.verb:set package 'turtle_sim_pkg' build argument 'cmake_clean_first' from command line to 'False'
[3.585s] Level 5:colcon.colcon_core.verb:set package 'turtle_sim_pkg' build argument 'cmake_force_configure' from command line to 'False'
[3.585s] Level 5:colcon.colcon_core.verb:set package 'turtle_sim_pkg' build argument 'ament_cmake_args' from command line to 'None'
[3.585s] Level 5:colcon.colcon_core.verb:set package 'turtle_sim_pkg' build argument 'catkin_cmake_args' from command line to 'None'
[3.585s] Level 5:colcon.colcon_core.verb:set package 'turtle_sim_pkg' build argument 'catkin_skip_building_tests' from command line to 'False'
[3.585s] DEBUG:colcon.colcon_core.verb:Building package 'turtle_sim_pkg' with the following arguments: {'ament_cmake_args': None, 'build_base': '/home/vboxuser/ros2_ws/build/turtle_sim_pkg', 'catkin_cmake_args': None, 'catkin_skip_building_tests': False, 'cmake_args': None, 'cmake_clean_cache': False, 'cmake_clean_first': False, 'cmake_force_configure': False, 'cmake_target': None, 'cmake_target_skip_unavailable': False, 'install_base': '/home/vboxuser/ros2_ws/install/turtle_sim_pkg', 'merge_install': False, 'path': '/home/vboxuser/ros2_ws/src/turtle_sim_pkg', 'symlink_install': False, 'test_result_base': None}
[3.585s] INFO:colcon.colcon_core.executor:Executing jobs using 'parallel' executor
[3.587s] DEBUG:colcon.colcon_parallel_executor.executor.parallel:run_until_complete
[3.589s] INFO:colcon.colcon_ros.task.ament_python.build:Building ROS package in '/home/vboxuser/ros2_ws/src/turtle_sim_pkg' with build type 'ament_python'
[3.589s] Level 1:colcon.colcon_core.shell:create_environment_hook('turtle_sim_pkg', 'ament_prefix_path')
[3.619s] INFO:colcon.colcon_core.plugin_system:Skipping extension 'colcon_core.shell.bat': Not used on non-Windows systems
[3.620s] INFO:colcon.colcon_core.shell:Creating environment hook '/home/vboxuser/ros2_ws/install/turtle_sim_pkg/share/turtle_sim_pkg/hook/ament_prefix_path.ps1'
[3.630s] INFO:colcon.colcon_core.shell:Creating environment descriptor '/home/vboxuser/ros2_ws/install/turtle_sim_pkg/share/turtle_sim_pkg/hook/ament_prefix_path.dsv'
[3.639s] INFO:colcon.colcon_core.shell:Creating environment hook '/home/vboxuser/ros2_ws/install/turtle_sim_pkg/share/turtle_sim_pkg/hook/ament_prefix_path.sh'
[3.658s] INFO:colcon.colcon_core.shell:Skip shell extension 'powershell' for command environment: Not usable outside of PowerShell
[3.658s] DEBUG:colcon.colcon_core.shell:Skip shell extension 'dsv' for command environment
[4.524s] INFO:colcon.colcon_core.task.python.build:Building Python package in '/home/vboxuser/ros2_ws/src/turtle_sim_pkg'
[4.525s] INFO:colcon.colcon_core.shell:Skip shell extension 'powershell' for command environment: Not usable outside of PowerShell
[4.525s] DEBUG:colcon.colcon_core.shell:Skip shell extension 'dsv' for command environment
[6.137s] DEBUG:colcon.colcon_core.event_handler.log_command:Invoking command in '/home/vboxuser/ros2_ws/src/turtle_sim_pkg': PYTHONPATH=/home/vboxuser/ros2_ws/build/turtle_sim_pkg/prefix_override:/usr/lib/python3/dist-packages/colcon_core/task/python/colcon_distutils_commands:/home/vboxuser/ros2_ws/install/turtle_sim_pkg/lib/python3.10/site-packages:${PYTHONPATH} /usr/bin/python3 -W ignore:setup.py install is deprecated -W ignore:easy_install command is deprecated setup.py egg_info --egg-base ../../build/turtle_sim_pkg build --build-base /home/vboxuser/ros2_ws/build/turtle_sim_pkg/build install --record /home/vboxuser/ros2_ws/build/turtle_sim_pkg/install.log --single-version-externally-managed install_data
[7.373s] DEBUG:colcon.colcon_core.event_handler.log_command:Invoked command in '/home/vboxuser/ros2_ws/src/turtle_sim_pkg' returned '0': PYTHONPATH=/home/vboxuser/ros2_ws/build/turtle_sim_pkg/prefix_override:/usr/lib/python3/dist-packages/colcon_core/task/python/colcon_distutils_commands:/home/vboxuser/ros2_ws/install/turtle_sim_pkg/lib/python3.10/site-packages:${PYTHONPATH} /usr/bin/python3 -W ignore:setup.py install is deprecated -W ignore:easy_install command is deprecated setup.py egg_info --egg-base ../../build/turtle_sim_pkg build --build-base /home/vboxuser/ros2_ws/build/turtle_sim_pkg/build install --record /home/vboxuser/ros2_ws/build/turtle_sim_pkg/install.log --single-version-externally-managed install_data
[7.404s] Level 1:colcon.colcon_core.environment:checking '/home/vboxuser/ros2_ws/install/turtle_sim_pkg' for CMake module files
[7.405s] Level 1:colcon.colcon_core.environment:checking '/home/vboxuser/ros2_ws/install/turtle_sim_pkg' for CMake config files
[7.406s] Level 1:colcon.colcon_core.environment:checking '/home/vboxuser/ros2_ws/install/turtle_sim_pkg/lib'
[7.406s] Level 1:colcon.colcon_core.environment:checking '/home/vboxuser/ros2_ws/install/turtle_sim_pkg/bin'
[7.406s] Level 1:colcon.colcon_core.environment:checking '/home/vboxuser/ros2_ws/install/turtle_sim_pkg/lib/pkgconfig/turtle_sim_pkg.pc'
[7.406s] Level 1:colcon.colcon_core.environment:checking '/home/vboxuser/ros2_ws/install/turtle_sim_pkg/lib/python3.10/site-packages'
[7.406s] Level 1:colcon.colcon_core.shell:create_environment_hook('turtle_sim_pkg', 'pythonpath')
[7.407s] INFO:colcon.colcon_core.shell:Creating environment hook '/home/vboxuser/ros2_ws/install/turtle_sim_pkg/share/turtle_sim_pkg/hook/pythonpath.ps1'
[7.408s] INFO:colcon.colcon_core.shell:Creating environment descriptor '/home/vboxuser/ros2_ws/install/turtle_sim_pkg/share/turtle_sim_pkg/hook/pythonpath.dsv'
[7.410s] INFO:colcon.colcon_core.shell:Creating environment hook '/home/vboxuser/ros2_ws/install/turtle_sim_pkg/share/turtle_sim_pkg/hook/pythonpath.sh'
[7.412s] Level 1:colcon.colcon_core.environment:checking '/home/vboxuser/ros2_ws/install/turtle_sim_pkg/bin'
[7.412s] Level 1:colcon.colcon_core.environment:create_environment_scripts_only(turtle_sim_pkg)
[7.413s] INFO:colcon.colcon_core.shell:Creating package script '/home/vboxuser/ros2_ws/install/turtle_sim_pkg/share/turtle_sim_pkg/package.ps1'
[7.415s] INFO:colcon.colcon_core.shell:Creating package descriptor '/home/vboxuser/ros2_ws/install/turtle_sim_pkg/share/turtle_sim_pkg/package.dsv'
[7.419s] INFO:colcon.colcon_core.shell:Creating package script '/home/vboxuser/ros2_ws/install/turtle_sim_pkg/share/turtle_sim_pkg/package.sh'
[7.423s] INFO:colcon.colcon_core.shell:Creating package script '/home/vboxuser/ros2_ws/install/turtle_sim_pkg/share/turtle_sim_pkg/package.bash'
[7.428s] INFO:colcon.colcon_core.shell:Creating package script '/home/vboxuser/ros2_ws/install/turtle_sim_pkg/share/turtle_sim_pkg/package.zsh'
[7.434s] Level 1:colcon.colcon_core.environment:create_file_with_runtime_dependencies(/home/vboxuser/ros2_ws/install/turtle_sim_pkg/share/colcon-core/packages/turtle_sim_pkg)
[7.435s] DEBUG:colcon.colcon_parallel_executor.executor.parallel:closing loop
[7.435s] DEBUG:colcon.colcon_parallel_executor.executor.parallel:loop closed
[7.436s] DEBUG:colcon.colcon_parallel_executor.executor.parallel:run_until_complete finished with '0'
[7.436s] DEBUG:colcon.colcon_core.event_reactor:joining thread
[7.564s] INFO:colcon.colcon_core.plugin_system:Skipping extension 'colcon_notification.desktop_notification.terminal_notifier': Not used on non-Darwin systems
[7.565s] INFO:colcon.colcon_core.plugin_system:Skipping extension 'colcon_notification.desktop_notification.win32': Not used on non-Windows systems
[7.565s] INFO:colcon.colcon_notification.desktop_notification:Sending desktop notification using 'notify2'
[7.756s] DEBUG:colcon.colcon_core.event_reactor:joined thread
[7.758s] INFO:colcon.colcon_core.shell:Creating prefix script '/home/vboxuser/ros2_ws/install/local_setup.ps1'
[7.765s] INFO:colcon.colcon_core.shell:Creating prefix util module '/home/vboxuser/ros2_ws/install/_local_setup_util_ps1.py'
[7.783s] INFO:colcon.colcon_core.shell:Creating prefix chain script '/home/vboxuser/ros2_ws/install/setup.ps1'
[7.796s] INFO:colcon.colcon_core.shell:Creating prefix script '/home/vboxuser/ros2_ws/install/local_setup.sh'
[7.807s] INFO:colcon.colcon_core.shell:Creating prefix util module '/home/vboxuser/ros2_ws/install/_local_setup_util_sh.py'
[7.809s] INFO:colcon.colcon_core.shell:Creating prefix chain script '/home/vboxuser/ros2_ws/install/setup.sh'
[7.822s] INFO:colcon.colcon_core.shell:Creating prefix script '/home/vboxuser/ros2_ws/install/local_setup.bash'
[7.832s] INFO:colcon.colcon_core.shell:Creating prefix chain script '/home/vboxuser/ros2_ws/install/setup.bash'
[7.841s] INFO:colcon.colcon_core.shell:Creating prefix script '/home/vboxuser/ros2_ws/install/local_setup.zsh'
[7.845s] INFO:colcon.colcon_core.shell:Creating prefix chain script '/home/vboxuser/ros2_ws/install/setup.zsh'
