running egg_info
writing ../../build/waypoint_navigator/waypoint_navigator.egg-info/PKG-INFO
writing dependency_links to ../../build/waypoint_navigator/waypoint_navigator.egg-info/dependency_links.txt
writing entry points to ../../build/waypoint_navigator/waypoint_navigator.egg-info/entry_points.txt
writing requirements to ../../build/waypoint_navigator/waypoint_navigator.egg-info/requires.txt
writing top-level names to ../../build/waypoint_navigator/waypoint_navigator.egg-info/top_level.txt
reading manifest file '../../build/waypoint_navigator/waypoint_navigator.egg-info/SOURCES.txt'
writing manifest file '../../build/waypoint_navigator/waypoint_navigator.egg-info/SOURCES.txt'
running build
running build_py
copying waypoint_navigator/waypoint_navigator_node.py -> /home/vboxuser/ros2_ws/build/waypoint_navigator/build/lib/waypoint_navigator
running install
running install_lib
copying /home/vboxuser/ros2_ws/build/waypoint_navigator/build/lib/waypoint_navigator/waypoint_navigator_node.py -> /home/vboxuser/ros2_ws/install/waypoint_navigator/lib/python3.10/site-packages/waypoint_navigator
byte-compiling /home/vboxuser/ros2_ws/install/waypoint_navigator/lib/python3.10/site-packages/waypoint_navigator/waypoint_navigator_node.py to waypoint_navigator_node.cpython-310.pyc
running install_data
running install_egg_info
removing '/home/vboxuser/ros2_ws/install/waypoint_navigator/lib/python3.10/site-packages/waypoint_navigator-0.0.0-py3.10.egg-info' (and everything under it)
Copying ../../build/waypoint_navigator/waypoint_navigator.egg-info to /home/vboxuser/ros2_ws/install/waypoint_navigator/lib/python3.10/site-packages/waypoint_navigator-0.0.0-py3.10.egg-info
running install_scripts
Installing waypoint_navigator_node script to /home/vboxuser/ros2_ws/install/waypoint_navigator/lib/waypoint_navigator
writing list of installed files to '/home/vboxuser/ros2_ws/build/waypoint_navigator/install.log'
