[5.274s] Invoking command in '/home/vboxuser/ros2_ws/src/waypoint_navigator': PYTHONPATH=/home/vboxuser/ros2_ws/build/waypoint_navigator/prefix_override:/usr/lib/python3/dist-packages/colcon_core/task/python/colcon_distutils_commands:/home/vboxuser/ros2_ws/install/waypoint_navigator/lib/python3.10/site-packages:${PYTHONPATH} /usr/bin/python3 -W ignore:setup.py install is deprecated -W ignore:easy_install command is deprecated setup.py egg_info --egg-base ../../build/waypoint_navigator build --build-base /home/vboxuser/ros2_ws/build/waypoint_navigator/build install --record /home/vboxuser/ros2_ws/build/waypoint_navigator/install.log --single-version-externally-managed install_data
[6.955s] running egg_info
[6.955s] writing ../../build/waypoint_navigator/waypoint_navigator.egg-info/PKG-INFO
[6.955s] writing dependency_links to ../../build/waypoint_navigator/waypoint_navigator.egg-info/dependency_links.txt
[6.983s] writing entry points to ../../build/waypoint_navigator/waypoint_navigator.egg-info/entry_points.txt
[6.998s] writing requirements to ../../build/waypoint_navigator/waypoint_navigator.egg-info/requires.txt
[6.999s] writing top-level names to ../../build/waypoint_navigator/waypoint_navigator.egg-info/top_level.txt
[6.999s] reading manifest file '../../build/waypoint_navigator/waypoint_navigator.egg-info/SOURCES.txt'
[7.016s] writing manifest file '../../build/waypoint_navigator/waypoint_navigator.egg-info/SOURCES.txt'
[7.080s] running build
[7.081s] running build_py
[7.081s] copying waypoint_navigator/waypoint_navigator_node.py -> /home/vboxuser/ros2_ws/build/waypoint_navigator/build/lib/waypoint_navigator
[7.119s] running install
[7.119s] running install_lib
[7.119s] copying /home/vboxuser/ros2_ws/build/waypoint_navigator/build/lib/waypoint_navigator/waypoint_navigator_node.py -> /home/vboxuser/ros2_ws/install/waypoint_navigator/lib/python3.10/site-packages/waypoint_navigator
[7.119s] byte-compiling /home/vboxuser/ros2_ws/install/waypoint_navigator/lib/python3.10/site-packages/waypoint_navigator/waypoint_navigator_node.py to waypoint_navigator_node.cpython-310.pyc
[7.119s] running install_data
[7.119s] running install_egg_info
[7.119s] removing '/home/vboxuser/ros2_ws/install/waypoint_navigator/lib/python3.10/site-packages/waypoint_navigator-0.0.0-py3.10.egg-info' (and everything under it)
[7.127s] Copying ../../build/waypoint_navigator/waypoint_navigator.egg-info to /home/vboxuser/ros2_ws/install/waypoint_navigator/lib/python3.10/site-packages/waypoint_navigator-0.0.0-py3.10.egg-info
[7.127s] running install_scripts
[7.206s] Installing waypoint_navigator_node script to /home/vboxuser/ros2_ws/install/waypoint_navigator/lib/waypoint_navigator
[7.245s] writing list of installed files to '/home/vboxuser/ros2_ws/build/waypoint_navigator/install.log'
[7.366s] Invoked command in '/home/vboxuser/ros2_ws/src/waypoint_navigator' returned '0': PYTHONPATH=/home/vboxuser/ros2_ws/build/waypoint_navigator/prefix_override:/usr/lib/python3/dist-packages/colcon_core/task/python/colcon_distutils_commands:/home/vboxuser/ros2_ws/install/waypoint_navigator/lib/python3.10/site-packages:${PYTHONPATH} /usr/bin/python3 -W ignore:setup.py install is deprecated -W ignore:easy_install command is deprecated setup.py egg_info --egg-base ../../build/waypoint_navigator build --build-base /home/vboxuser/ros2_ws/build/waypoint_navigator/build install --record /home/vboxuser/ros2_ws/build/waypoint_navigator/install.log --single-version-externally-managed install_data
