[2.152s] DEBUG:colcon:Command line arguments: ['/usr/bin/colcon', 'build']
[2.152s] DEBUG:colcon:Parsed command line arguments: Namespace(log_base=None, log_level=None, verb_name='build', build_base='build', install_base='install', merge_install=False, symlink_install=False, test_result_base=None, continue_on_error=False, executor='parallel', parallel_workers=2, event_handlers=None, ignore_user_meta=False, metas=['./colcon.meta'], base_paths=['.'], packages_ignore=None, packages_ignore_regex=None, paths=None, packages_up_to=None, packages_up_to_regex=None, packages_above=None, packages_above_and_dependencies=None, packages_above_depth=None, packages_select_by_dep=None, packages_skip_by_dep=None, packages_skip_up_to=None, packages_select_build_failed=False, packages_skip_build_finished=False, packages_select_test_failures=False, packages_skip_test_passed=False, packages_select=None, packages_skip=None, packages_select_regex=None, packages_skip_regex=None, packages_start=None, packages_end=None, allow_overriding=[], cmake_args=None, cmake_target=None, cmake_target_skip_unavailable=False, cmake_clean_cache=False, cmake_clean_first=False, cmake_force_configure=False, ament_cmake_args=None, catkin_cmake_args=None, catkin_skip_building_tests=False, mixin_files=None, mixin=None, verb_parser=<colcon_mixin.mixin.mixin_argument.MixinArgumentDecorator object at 0x77255c752cb0>, verb_extension=<colcon_core.verb.build.BuildVerb object at 0x77255c7526b0>, main=<bound method BuildVerb.main of <colcon_core.verb.build.BuildVerb object at 0x77255c7526b0>>, mixin_verb=('build',))
[3.217s] Level 1:colcon.colcon_core.package_discovery:discover_packages(colcon_meta) check parameters
[3.217s] Level 1:colcon.colcon_core.package_discovery:discover_packages(recursive) check parameters
[3.217s] Level 1:colcon.colcon_core.package_discovery:discover_packages(ignore) check parameters
[3.217s] Level 1:colcon.colcon_core.package_discovery:discover_packages(path) check parameters
[3.217s] Level 1:colcon.colcon_core.package_discovery:discover_packages(colcon_meta) discover
[3.217s] Level 1:colcon.colcon_core.package_discovery:discover_packages(recursive) discover
[3.218s] INFO:colcon.colcon_core.package_discovery:Crawling recursively for packages in '/home/vboxuser/ros2_ws'
[3.218s] Level 1:colcon.colcon_core.package_identification:_identify(.) by extensions ['ignore', 'ignore_ament_install']
[3.218s] Level 1:colcon.colcon_core.package_identification:_identify(.) by extension 'ignore'
[3.218s] Level 1:colcon.colcon_core.package_identification:_identify(.) by extension 'ignore_ament_install'
[3.218s] Level 1:colcon.colcon_core.package_identification:_identify(.) by extensions ['colcon_pkg']
[3.218s] Level 1:colcon.colcon_core.package_identification:_identify(.) by extension 'colcon_pkg'
[3.218s] Level 1:colcon.colcon_core.package_identification:_identify(.) by extensions ['colcon_meta']
[3.218s] Level 1:colcon.colcon_core.package_identification:_identify(.) by extension 'colcon_meta'
[3.218s] Level 1:colcon.colcon_core.package_identification:_identify(.) by extensions ['ros']
[3.218s] Level 1:colcon.colcon_core.package_identification:_identify(.) by extension 'ros'
[3.268s] Level 1:colcon.colcon_core.package_identification:_identify(.) by extensions ['cmake', 'python']
[3.276s] Level 1:colcon.colcon_core.package_identification:_identify(.) by extension 'cmake'
[3.315s] Level 1:colcon.colcon_core.package_identification:_identify(.) by extension 'python'
[3.315s] Level 1:colcon.colcon_core.package_identification:_identify(.) by extensions ['python_setup_py']
[3.315s] Level 1:colcon.colcon_core.package_identification:_identify(.) by extension 'python_setup_py'
[3.315s] Level 1:colcon.colcon_core.package_identification:_identify(build) by extensions ['ignore', 'ignore_ament_install']
[3.316s] Level 1:colcon.colcon_core.package_identification:_identify(build) by extension 'ignore'
[3.316s] Level 1:colcon.colcon_core.package_identification:_identify(build) ignored
[3.316s] Level 1:colcon.colcon_core.package_identification:_identify(install) by extensions ['ignore', 'ignore_ament_install']
[3.316s] Level 1:colcon.colcon_core.package_identification:_identify(install) by extension 'ignore'
[3.316s] Level 1:colcon.colcon_core.package_identification:_identify(install) ignored
[3.317s] Level 1:colcon.colcon_core.package_identification:_identify(log) by extensions ['ignore', 'ignore_ament_install']
[3.317s] Level 1:colcon.colcon_core.package_identification:_identify(log) by extension 'ignore'
[3.317s] Level 1:colcon.colcon_core.package_identification:_identify(log) ignored
[3.317s] Level 1:colcon.colcon_core.package_identification:_identify(src) by extensions ['ignore', 'ignore_ament_install']
[3.317s] Level 1:colcon.colcon_core.package_identification:_identify(src) by extension 'ignore'
[3.317s] Level 1:colcon.colcon_core.package_identification:_identify(src) by extension 'ignore_ament_install'
[3.317s] Level 1:colcon.colcon_core.package_identification:_identify(src) by extensions ['colcon_pkg']
[3.317s] Level 1:colcon.colcon_core.package_identification:_identify(src) by extension 'colcon_pkg'
[3.318s] Level 1:colcon.colcon_core.package_identification:_identify(src) by extensions ['colcon_meta']
[3.318s] Level 1:colcon.colcon_core.package_identification:_identify(src) by extension 'colcon_meta'
[3.318s] Level 1:colcon.colcon_core.package_identification:_identify(src) by extensions ['ros']
[3.318s] Level 1:colcon.colcon_core.package_identification:_identify(src) by extension 'ros'
[3.318s] Level 1:colcon.colcon_core.package_identification:_identify(src) by extensions ['cmake', 'python']
[3.318s] Level 1:colcon.colcon_core.package_identification:_identify(src) by extension 'cmake'
[3.318s] Level 1:colcon.colcon_core.package_identification:_identify(src) by extension 'python'
[3.318s] Level 1:colcon.colcon_core.package_identification:_identify(src) by extensions ['python_setup_py']
[3.319s] Level 1:colcon.colcon_core.package_identification:_identify(src) by extension 'python_setup_py'
[3.326s] Level 1:colcon.colcon_core.package_identification:_identify(src/lidar_turtlebot_activity) by extensions ['ignore', 'ignore_ament_install']
[3.326s] Level 1:colcon.colcon_core.package_identification:_identify(src/lidar_turtlebot_activity) by extension 'ignore'
[3.327s] Level 1:colcon.colcon_core.package_identification:_identify(src/lidar_turtlebot_activity) by extension 'ignore_ament_install'
[3.327s] Level 1:colcon.colcon_core.package_identification:_identify(src/lidar_turtlebot_activity) by extensions ['colcon_pkg']
[3.328s] Level 1:colcon.colcon_core.package_identification:_identify(src/lidar_turtlebot_activity) by extension 'colcon_pkg'
[3.328s] Level 1:colcon.colcon_core.package_identification:_identify(src/lidar_turtlebot_activity) by extensions ['colcon_meta']
[3.328s] Level 1:colcon.colcon_core.package_identification:_identify(src/lidar_turtlebot_activity) by extension 'colcon_meta'
[3.328s] Level 1:colcon.colcon_core.package_identification:_identify(src/lidar_turtlebot_activity) by extensions ['ros']
[3.328s] Level 1:colcon.colcon_core.package_identification:_identify(src/lidar_turtlebot_activity) by extension 'ros'
[3.347s] DEBUG:colcon.colcon_core.package_identification:Package 'src/lidar_turtlebot_activity' with type 'ros.ament_python' and name 'lidar_turtlebot_activity'
[3.348s] Level 1:colcon.colcon_core.package_identification:_identify(src/turtle_control) by extensions ['ignore', 'ignore_ament_install']
[3.348s] Level 1:colcon.colcon_core.package_identification:_identify(src/turtle_control) by extension 'ignore'
[3.348s] Level 1:colcon.colcon_core.package_identification:_identify(src/turtle_control) by extension 'ignore_ament_install'
[3.348s] Level 1:colcon.colcon_core.package_identification:_identify(src/turtle_control) by extensions ['colcon_pkg']
[3.348s] Level 1:colcon.colcon_core.package_identification:_identify(src/turtle_control) by extension 'colcon_pkg'
[3.348s] Level 1:colcon.colcon_core.package_identification:_identify(src/turtle_control) by extensions ['colcon_meta']
[3.349s] Level 1:colcon.colcon_core.package_identification:_identify(src/turtle_control) by extension 'colcon_meta'
[3.349s] Level 1:colcon.colcon_core.package_identification:_identify(src/turtle_control) by extensions ['ros']
[3.349s] Level 1:colcon.colcon_core.package_identification:_identify(src/turtle_control) by extension 'ros'
[3.351s] DEBUG:colcon.colcon_core.package_identification:Package 'src/turtle_control' with type 'ros.ament_python' and name 'turtle_control'
[3.353s] Level 1:colcon.colcon_core.package_identification:_identify(src/turtle_sim_pkg) by extensions ['ignore', 'ignore_ament_install']
[3.353s] Level 1:colcon.colcon_core.package_identification:_identify(src/turtle_sim_pkg) by extension 'ignore'
[3.353s] Level 1:colcon.colcon_core.package_identification:_identify(src/turtle_sim_pkg) by extension 'ignore_ament_install'
[3.354s] Level 1:colcon.colcon_core.package_identification:_identify(src/turtle_sim_pkg) by extensions ['colcon_pkg']
[3.354s] Level 1:colcon.colcon_core.package_identification:_identify(src/turtle_sim_pkg) by extension 'colcon_pkg'
[3.354s] Level 1:colcon.colcon_core.package_identification:_identify(src/turtle_sim_pkg) by extensions ['colcon_meta']
[3.354s] Level 1:colcon.colcon_core.package_identification:_identify(src/turtle_sim_pkg) by extension 'colcon_meta'
[3.354s] Level 1:colcon.colcon_core.package_identification:_identify(src/turtle_sim_pkg) by extensions ['ros']
[3.354s] Level 1:colcon.colcon_core.package_identification:_identify(src/turtle_sim_pkg) by extension 'ros'
[3.356s] DEBUG:colcon.colcon_core.package_identification:Package 'src/turtle_sim_pkg' with type 'ros.ament_python' and name 'turtle_sim_pkg'
[3.356s] Level 1:colcon.colcon_core.package_identification:_identify(src/waypoint_navigator) by extensions ['ignore', 'ignore_ament_install']
[3.357s] Level 1:colcon.colcon_core.package_identification:_identify(src/waypoint_navigator) by extension 'ignore'
[3.357s] Level 1:colcon.colcon_core.package_identification:_identify(src/waypoint_navigator) by extension 'ignore_ament_install'
[3.357s] Level 1:colcon.colcon_core.package_identification:_identify(src/waypoint_navigator) by extensions ['colcon_pkg']
[3.357s] Level 1:colcon.colcon_core.package_identification:_identify(src/waypoint_navigator) by extension 'colcon_pkg'
[3.357s] Level 1:colcon.colcon_core.package_identification:_identify(src/waypoint_navigator) by extensions ['colcon_meta']
[3.357s] Level 1:colcon.colcon_core.package_identification:_identify(src/waypoint_navigator) by extension 'colcon_meta'
[3.358s] Level 1:colcon.colcon_core.package_identification:_identify(src/waypoint_navigator) by extensions ['ros']
[3.358s] Level 1:colcon.colcon_core.package_identification:_identify(src/waypoint_navigator) by extension 'ros'
[3.360s] DEBUG:colcon.colcon_core.package_identification:Package 'src/waypoint_navigator' with type 'ros.ament_python' and name 'waypoint_navigator'
[3.360s] Level 1:colcon.colcon_core.package_discovery:discover_packages(recursive) using defaults
[3.360s] Level 1:colcon.colcon_core.package_discovery:discover_packages(ignore) discover
[3.360s] Level 1:colcon.colcon_core.package_discovery:discover_packages(ignore) using defaults
[3.360s] Level 1:colcon.colcon_core.package_discovery:discover_packages(path) discover
[3.360s] Level 1:colcon.colcon_core.package_discovery:discover_packages(path) using defaults
[3.470s] Level 1:colcon.colcon_core.package_discovery:discover_packages(prefix_path) check parameters
[3.470s] Level 1:colcon.colcon_core.package_discovery:discover_packages(prefix_path) discover
[3.484s] DEBUG:colcon.colcon_installed_package_information.package_discovery:Found 3 installed packages in /home/vboxuser/ros2_ws/install
[3.486s] DEBUG:colcon.colcon_installed_package_information.package_discovery:Found 326 installed packages in /opt/ros/humble
[3.491s] Level 1:colcon.colcon_core.package_discovery:discover_packages(prefix_path) using defaults
[3.599s] Level 5:colcon.colcon_core.verb:set package 'lidar_turtlebot_activity' build argument 'cmake_args' from command line to 'None'
[3.600s] Level 5:colcon.colcon_core.verb:set package 'lidar_turtlebot_activity' build argument 'cmake_target' from command line to 'None'
[3.600s] Level 5:colcon.colcon_core.verb:set package 'lidar_turtlebot_activity' build argument 'cmake_target_skip_unavailable' from command line to 'False'
[3.600s] Level 5:colcon.colcon_core.verb:set package 'lidar_turtlebot_activity' build argument 'cmake_clean_cache' from command line to 'False'
[3.600s] Level 5:colcon.colcon_core.verb:set package 'lidar_turtlebot_activity' build argument 'cmake_clean_first' from command line to 'False'
[3.600s] Level 5:colcon.colcon_core.verb:set package 'lidar_turtlebot_activity' build argument 'cmake_force_configure' from command line to 'False'
[3.600s] Level 5:colcon.colcon_core.verb:set package 'lidar_turtlebot_activity' build argument 'ament_cmake_args' from command line to 'None'
[3.600s] Level 5:colcon.colcon_core.verb:set package 'lidar_turtlebot_activity' build argument 'catkin_cmake_args' from command line to 'None'
[3.600s] Level 5:colcon.colcon_core.verb:set package 'lidar_turtlebot_activity' build argument 'catkin_skip_building_tests' from command line to 'False'
[3.600s] DEBUG:colcon.colcon_core.verb:Building package 'lidar_turtlebot_activity' with the following arguments: {'ament_cmake_args': None, 'build_base': '/home/vboxuser/ros2_ws/build/lidar_turtlebot_activity', 'catkin_cmake_args': None, 'catkin_skip_building_tests': False, 'cmake_args': None, 'cmake_clean_cache': False, 'cmake_clean_first': False, 'cmake_force_configure': False, 'cmake_target': None, 'cmake_target_skip_unavailable': False, 'install_base': '/home/vboxuser/ros2_ws/install/lidar_turtlebot_activity', 'merge_install': False, 'path': '/home/vboxuser/ros2_ws/src/lidar_turtlebot_activity', 'symlink_install': False, 'test_result_base': None}
[3.601s] Level 5:colcon.colcon_core.verb:set package 'turtle_control' build argument 'cmake_args' from command line to 'None'
[3.601s] Level 5:colcon.colcon_core.verb:set package 'turtle_control' build argument 'cmake_target' from command line to 'None'
[3.601s] Level 5:colcon.colcon_core.verb:set package 'turtle_control' build argument 'cmake_target_skip_unavailable' from command line to 'False'
[3.601s] Level 5:colcon.colcon_core.verb:set package 'turtle_control' build argument 'cmake_clean_cache' from command line to 'False'
[3.601s] Level 5:colcon.colcon_core.verb:set package 'turtle_control' build argument 'cmake_clean_first' from command line to 'False'
[3.601s] Level 5:colcon.colcon_core.verb:set package 'turtle_control' build argument 'cmake_force_configure' from command line to 'False'
[3.601s] Level 5:colcon.colcon_core.verb:set package 'turtle_control' build argument 'ament_cmake_args' from command line to 'None'
[3.601s] Level 5:colcon.colcon_core.verb:set package 'turtle_control' build argument 'catkin_cmake_args' from command line to 'None'
[3.601s] Level 5:colcon.colcon_core.verb:set package 'turtle_control' build argument 'catkin_skip_building_tests' from command line to 'False'
[3.601s] DEBUG:colcon.colcon_core.verb:Building package 'turtle_control' with the following arguments: {'ament_cmake_args': None, 'build_base': '/home/vboxuser/ros2_ws/build/turtle_control', 'catkin_cmake_args': None, 'catkin_skip_building_tests': False, 'cmake_args': None, 'cmake_clean_cache': False, 'cmake_clean_first': False, 'cmake_force_configure': False, 'cmake_target': None, 'cmake_target_skip_unavailable': False, 'install_base': '/home/vboxuser/ros2_ws/install/turtle_control', 'merge_install': False, 'path': '/home/vboxuser/ros2_ws/src/turtle_control', 'symlink_install': False, 'test_result_base': None}
[3.602s] Level 5:colcon.colcon_core.verb:set package 'turtle_sim_pkg' build argument 'cmake_args' from command line to 'None'
[3.602s] Level 5:colcon.colcon_core.verb:set package 'turtle_sim_pkg' build argument 'cmake_target' from command line to 'None'
[3.602s] Level 5:colcon.colcon_core.verb:set package 'turtle_sim_pkg' build argument 'cmake_target_skip_unavailable' from command line to 'False'
[3.602s] Level 5:colcon.colcon_core.verb:set package 'turtle_sim_pkg' build argument 'cmake_clean_cache' from command line to 'False'
[3.602s] Level 5:colcon.colcon_core.verb:set package 'turtle_sim_pkg' build argument 'cmake_clean_first' from command line to 'False'
[3.602s] Level 5:colcon.colcon_core.verb:set package 'turtle_sim_pkg' build argument 'cmake_force_configure' from command line to 'False'
[3.602s] Level 5:colcon.colcon_core.verb:set package 'turtle_sim_pkg' build argument 'ament_cmake_args' from command line to 'None'
[3.602s] Level 5:colcon.colcon_core.verb:set package 'turtle_sim_pkg' build argument 'catkin_cmake_args' from command line to 'None'
[3.602s] Level 5:colcon.colcon_core.verb:set package 'turtle_sim_pkg' build argument 'catkin_skip_building_tests' from command line to 'False'
[3.602s] DEBUG:colcon.colcon_core.verb:Building package 'turtle_sim_pkg' with the following arguments: {'ament_cmake_args': None, 'build_base': '/home/vboxuser/ros2_ws/build/turtle_sim_pkg', 'catkin_cmake_args': None, 'catkin_skip_building_tests': False, 'cmake_args': None, 'cmake_clean_cache': False, 'cmake_clean_first': False, 'cmake_force_configure': False, 'cmake_target': None, 'cmake_target_skip_unavailable': False, 'install_base': '/home/vboxuser/ros2_ws/install/turtle_sim_pkg', 'merge_install': False, 'path': '/home/vboxuser/ros2_ws/src/turtle_sim_pkg', 'symlink_install': False, 'test_result_base': None}
[3.603s] Level 5:colcon.colcon_core.verb:set package 'waypoint_navigator' build argument 'cmake_args' from command line to 'None'
[3.603s] Level 5:colcon.colcon_core.verb:set package 'waypoint_navigator' build argument 'cmake_target' from command line to 'None'
[3.603s] Level 5:colcon.colcon_core.verb:set package 'waypoint_navigator' build argument 'cmake_target_skip_unavailable' from command line to 'False'
[3.603s] Level 5:colcon.colcon_core.verb:set package 'waypoint_navigator' build argument 'cmake_clean_cache' from command line to 'False'
[3.603s] Level 5:colcon.colcon_core.verb:set package 'waypoint_navigator' build argument 'cmake_clean_first' from command line to 'False'
[3.603s] Level 5:colcon.colcon_core.verb:set package 'waypoint_navigator' build argument 'cmake_force_configure' from command line to 'False'
[3.603s] Level 5:colcon.colcon_core.verb:set package 'waypoint_navigator' build argument 'ament_cmake_args' from command line to 'None'
[3.603s] Level 5:colcon.colcon_core.verb:set package 'waypoint_navigator' build argument 'catkin_cmake_args' from command line to 'None'
[3.603s] Level 5:colcon.colcon_core.verb:set package 'waypoint_navigator' build argument 'catkin_skip_building_tests' from command line to 'False'
[3.603s] DEBUG:colcon.colcon_core.verb:Building package 'waypoint_navigator' with the following arguments: {'ament_cmake_args': None, 'build_base': '/home/vboxuser/ros2_ws/build/waypoint_navigator', 'catkin_cmake_args': None, 'catkin_skip_building_tests': False, 'cmake_args': None, 'cmake_clean_cache': False, 'cmake_clean_first': False, 'cmake_force_configure': False, 'cmake_target': None, 'cmake_target_skip_unavailable': False, 'install_base': '/home/vboxuser/ros2_ws/install/waypoint_navigator', 'merge_install': False, 'path': '/home/vboxuser/ros2_ws/src/waypoint_navigator', 'symlink_install': False, 'test_result_base': None}
[3.604s] INFO:colcon.colcon_core.executor:Executing jobs using 'parallel' executor
[3.606s] DEBUG:colcon.colcon_parallel_executor.executor.parallel:run_until_complete
[3.607s] INFO:colcon.colcon_ros.task.ament_python.build:Building ROS package in '/home/vboxuser/ros2_ws/src/lidar_turtlebot_activity' with build type 'ament_python'
[3.608s] Level 1:colcon.colcon_core.shell:create_environment_hook('lidar_turtlebot_activity', 'ament_prefix_path')
[3.634s] INFO:colcon.colcon_core.plugin_system:Skipping extension 'colcon_core.shell.bat': Not used on non-Windows systems
[3.635s] INFO:colcon.colcon_core.shell:Creating environment hook '/home/vboxuser/ros2_ws/install/lidar_turtlebot_activity/share/lidar_turtlebot_activity/hook/ament_prefix_path.ps1'
[3.656s] INFO:colcon.colcon_core.shell:Creating environment descriptor '/home/vboxuser/ros2_ws/install/lidar_turtlebot_activity/share/lidar_turtlebot_activity/hook/ament_prefix_path.dsv'
[3.658s] INFO:colcon.colcon_core.shell:Creating environment hook '/home/vboxuser/ros2_ws/install/lidar_turtlebot_activity/share/lidar_turtlebot_activity/hook/ament_prefix_path.sh'
[3.661s] INFO:colcon.colcon_core.shell:Skip shell extension 'powershell' for command environment: Not usable outside of PowerShell
[3.661s] DEBUG:colcon.colcon_core.shell:Skip shell extension 'dsv' for command environment
[3.687s] INFO:colcon.colcon_ros.task.ament_python.build:Building ROS package in '/home/vboxuser/ros2_ws/src/turtle_control' with build type 'ament_python'
[3.689s] Level 1:colcon.colcon_core.shell:create_environment_hook('turtle_control', 'ament_prefix_path')
[3.690s] INFO:colcon.colcon_core.shell:Creating environment hook '/home/vboxuser/ros2_ws/install/turtle_control/share/turtle_control/hook/ament_prefix_path.ps1'
[3.692s] INFO:colcon.colcon_core.shell:Creating environment descriptor '/home/vboxuser/ros2_ws/install/turtle_control/share/turtle_control/hook/ament_prefix_path.dsv'
[3.694s] INFO:colcon.colcon_core.shell:Creating environment hook '/home/vboxuser/ros2_ws/install/turtle_control/share/turtle_control/hook/ament_prefix_path.sh'
[3.697s] INFO:colcon.colcon_core.shell:Skip shell extension 'powershell' for command environment: Not usable outside of PowerShell
[3.697s] DEBUG:colcon.colcon_core.shell:Skip shell extension 'dsv' for command environment
[4.954s] INFO:colcon.colcon_core.task.python.build:Building Python package in '/home/vboxuser/ros2_ws/src/lidar_turtlebot_activity'
[4.955s] INFO:colcon.colcon_core.shell:Skip shell extension 'powershell' for command environment: Not usable outside of PowerShell
[4.955s] DEBUG:colcon.colcon_core.shell:Skip shell extension 'dsv' for command environment
[5.874s] INFO:colcon.colcon_core.task.python.build:Building Python package in '/home/vboxuser/ros2_ws/src/turtle_control'
[5.874s] INFO:colcon.colcon_core.shell:Skip shell extension 'powershell' for command environment: Not usable outside of PowerShell
[5.875s] DEBUG:colcon.colcon_core.shell:Skip shell extension 'dsv' for command environment
[10.307s] DEBUG:colcon.colcon_core.event_handler.log_command:Invoking command in '/home/vboxuser/ros2_ws/src/turtle_control': PYTHONPATH=/home/vboxuser/ros2_ws/build/turtle_control/prefix_override:/usr/lib/python3/dist-packages/colcon_core/task/python/colcon_distutils_commands:/home/vboxuser/ros2_ws/install/turtle_control/lib/python3.10/site-packages:${PYTHONPATH} /usr/bin/python3 -W ignore:setup.py install is deprecated -W ignore:easy_install command is deprecated setup.py egg_info --egg-base ../../build/turtle_control build --build-base /home/vboxuser/ros2_ws/build/turtle_control/build install --record /home/vboxuser/ros2_ws/build/turtle_control/install.log --single-version-externally-managed install_data
[10.329s] DEBUG:colcon.colcon_core.event_handler.log_command:Invoking command in '/home/vboxuser/ros2_ws/src/lidar_turtlebot_activity': PYTHONPATH=/home/vboxuser/ros2_ws/build/lidar_turtlebot_activity/prefix_override:/usr/lib/python3/dist-packages/colcon_core/task/python/colcon_distutils_commands:/home/vboxuser/ros2_ws/install/lidar_turtlebot_activity/lib/python3.10/site-packages:${PYTHONPATH} /usr/bin/python3 -W ignore:setup.py install is deprecated -W ignore:easy_install command is deprecated setup.py egg_info --egg-base ../../build/lidar_turtlebot_activity build --build-base /home/vboxuser/ros2_ws/build/lidar_turtlebot_activity/build install --record /home/vboxuser/ros2_ws/build/lidar_turtlebot_activity/install.log --single-version-externally-managed install_data
[11.310s] DEBUG:colcon.colcon_core.event_handler.log_command:Invoked command in '/home/vboxuser/ros2_ws/src/turtle_control' returned '0': PYTHONPATH=/home/vboxuser/ros2_ws/build/turtle_control/prefix_override:/usr/lib/python3/dist-packages/colcon_core/task/python/colcon_distutils_commands:/home/vboxuser/ros2_ws/install/turtle_control/lib/python3.10/site-packages:${PYTHONPATH} /usr/bin/python3 -W ignore:setup.py install is deprecated -W ignore:easy_install command is deprecated setup.py egg_info --egg-base ../../build/turtle_control build --build-base /home/vboxuser/ros2_ws/build/turtle_control/build install --record /home/vboxuser/ros2_ws/build/turtle_control/install.log --single-version-externally-managed install_data
[11.406s] Level 1:colcon.colcon_core.environment:checking '/home/vboxuser/ros2_ws/install/turtle_control' for CMake module files
[11.408s] Level 1:colcon.colcon_core.environment:checking '/home/vboxuser/ros2_ws/install/turtle_control' for CMake config files
[11.410s] Level 1:colcon.colcon_core.environment:checking '/home/vboxuser/ros2_ws/install/turtle_control/lib'
[11.410s] Level 1:colcon.colcon_core.environment:checking '/home/vboxuser/ros2_ws/install/turtle_control/bin'
[11.410s] Level 1:colcon.colcon_core.environment:checking '/home/vboxuser/ros2_ws/install/turtle_control/lib/pkgconfig/turtle_control.pc'
[11.410s] Level 1:colcon.colcon_core.environment:checking '/home/vboxuser/ros2_ws/install/turtle_control/lib/python3.10/site-packages'
[11.410s] Level 1:colcon.colcon_core.shell:create_environment_hook('turtle_control', 'pythonpath')
[11.411s] INFO:colcon.colcon_core.shell:Creating environment hook '/home/vboxuser/ros2_ws/install/turtle_control/share/turtle_control/hook/pythonpath.ps1'
[11.411s] INFO:colcon.colcon_core.shell:Creating environment descriptor '/home/vboxuser/ros2_ws/install/turtle_control/share/turtle_control/hook/pythonpath.dsv'
[11.412s] INFO:colcon.colcon_core.shell:Creating environment hook '/home/vboxuser/ros2_ws/install/turtle_control/share/turtle_control/hook/pythonpath.sh'
[11.414s] Level 1:colcon.colcon_core.environment:checking '/home/vboxuser/ros2_ws/install/turtle_control/bin'
[11.414s] Level 1:colcon.colcon_core.environment:create_environment_scripts_only(turtle_control)
[11.415s] INFO:colcon.colcon_core.shell:Creating package script '/home/vboxuser/ros2_ws/install/turtle_control/share/turtle_control/package.ps1'
[11.419s] INFO:colcon.colcon_core.shell:Creating package descriptor '/home/vboxuser/ros2_ws/install/turtle_control/share/turtle_control/package.dsv'
[11.421s] INFO:colcon.colcon_core.shell:Creating package script '/home/vboxuser/ros2_ws/install/turtle_control/share/turtle_control/package.sh'
[11.425s] INFO:colcon.colcon_core.shell:Creating package script '/home/vboxuser/ros2_ws/install/turtle_control/share/turtle_control/package.bash'
[11.429s] INFO:colcon.colcon_core.shell:Creating package script '/home/vboxuser/ros2_ws/install/turtle_control/share/turtle_control/package.zsh'
[11.432s] Level 1:colcon.colcon_core.environment:create_file_with_runtime_dependencies(/home/vboxuser/ros2_ws/install/turtle_control/share/colcon-core/packages/turtle_control)
[11.433s] INFO:colcon.colcon_ros.task.ament_python.build:Building ROS package in '/home/vboxuser/ros2_ws/src/turtle_sim_pkg' with build type 'ament_python'
[11.434s] Level 1:colcon.colcon_core.shell:create_environment_hook('turtle_sim_pkg', 'ament_prefix_path')
[11.434s] INFO:colcon.colcon_core.shell:Creating environment hook '/home/vboxuser/ros2_ws/install/turtle_sim_pkg/share/turtle_sim_pkg/hook/ament_prefix_path.ps1'
[11.435s] INFO:colcon.colcon_core.shell:Creating environment descriptor '/home/vboxuser/ros2_ws/install/turtle_sim_pkg/share/turtle_sim_pkg/hook/ament_prefix_path.dsv'
[11.436s] INFO:colcon.colcon_core.shell:Creating environment hook '/home/vboxuser/ros2_ws/install/turtle_sim_pkg/share/turtle_sim_pkg/hook/ament_prefix_path.sh'
[11.439s] INFO:colcon.colcon_core.shell:Skip shell extension 'powershell' for command environment: Not usable outside of PowerShell
[11.439s] DEBUG:colcon.colcon_core.shell:Skip shell extension 'dsv' for command environment
[12.174s] INFO:colcon.colcon_core.task.python.build:Building Python package in '/home/vboxuser/ros2_ws/src/turtle_sim_pkg'
[12.177s] INFO:colcon.colcon_core.shell:Skip shell extension 'powershell' for command environment: Not usable outside of PowerShell
[12.177s] DEBUG:colcon.colcon_core.shell:Skip shell extension 'dsv' for command environment
[12.199s] Level 1:colcon.colcon_core.environment:checking '/home/vboxuser/ros2_ws/install/lidar_turtlebot_activity' for CMake module files
[12.202s] DEBUG:colcon.colcon_core.event_handler.log_command:Invoked command in '/home/vboxuser/ros2_ws/src/lidar_turtlebot_activity' returned '0': PYTHONPATH=/home/vboxuser/ros2_ws/build/lidar_turtlebot_activity/prefix_override:/usr/lib/python3/dist-packages/colcon_core/task/python/colcon_distutils_commands:/home/vboxuser/ros2_ws/install/lidar_turtlebot_activity/lib/python3.10/site-packages:${PYTHONPATH} /usr/bin/python3 -W ignore:setup.py install is deprecated -W ignore:easy_install command is deprecated setup.py egg_info --egg-base ../../build/lidar_turtlebot_activity build --build-base /home/vboxuser/ros2_ws/build/lidar_turtlebot_activity/build install --record /home/vboxuser/ros2_ws/build/lidar_turtlebot_activity/install.log --single-version-externally-managed install_data
[12.206s] Level 1:colcon.colcon_core.environment:checking '/home/vboxuser/ros2_ws/install/lidar_turtlebot_activity' for CMake config files
[12.207s] Level 1:colcon.colcon_core.environment:checking '/home/vboxuser/ros2_ws/install/lidar_turtlebot_activity/lib'
[12.207s] Level 1:colcon.colcon_core.environment:checking '/home/vboxuser/ros2_ws/install/lidar_turtlebot_activity/bin'
[12.207s] Level 1:colcon.colcon_core.environment:checking '/home/vboxuser/ros2_ws/install/lidar_turtlebot_activity/lib/pkgconfig/lidar_turtlebot_activity.pc'
[12.210s] Level 1:colcon.colcon_core.environment:checking '/home/vboxuser/ros2_ws/install/lidar_turtlebot_activity/lib/python3.10/site-packages'
[12.211s] Level 1:colcon.colcon_core.shell:create_environment_hook('lidar_turtlebot_activity', 'pythonpath')
[12.220s] INFO:colcon.colcon_core.shell:Creating environment hook '/home/vboxuser/ros2_ws/install/lidar_turtlebot_activity/share/lidar_turtlebot_activity/hook/pythonpath.ps1'
[12.221s] INFO:colcon.colcon_core.shell:Creating environment descriptor '/home/vboxuser/ros2_ws/install/lidar_turtlebot_activity/share/lidar_turtlebot_activity/hook/pythonpath.dsv'
[12.221s] INFO:colcon.colcon_core.shell:Creating environment hook '/home/vboxuser/ros2_ws/install/lidar_turtlebot_activity/share/lidar_turtlebot_activity/hook/pythonpath.sh'
[12.229s] Level 1:colcon.colcon_core.environment:checking '/home/vboxuser/ros2_ws/install/lidar_turtlebot_activity/bin'
[12.229s] Level 1:colcon.colcon_core.environment:create_environment_scripts_only(lidar_turtlebot_activity)
[12.230s] INFO:colcon.colcon_core.shell:Creating package script '/home/vboxuser/ros2_ws/install/lidar_turtlebot_activity/share/lidar_turtlebot_activity/package.ps1'
[12.231s] INFO:colcon.colcon_core.shell:Creating package descriptor '/home/vboxuser/ros2_ws/install/lidar_turtlebot_activity/share/lidar_turtlebot_activity/package.dsv'
[12.236s] INFO:colcon.colcon_core.shell:Creating package script '/home/vboxuser/ros2_ws/install/lidar_turtlebot_activity/share/lidar_turtlebot_activity/package.sh'
[12.248s] INFO:colcon.colcon_core.shell:Creating package script '/home/vboxuser/ros2_ws/install/lidar_turtlebot_activity/share/lidar_turtlebot_activity/package.bash'
[12.255s] INFO:colcon.colcon_core.shell:Creating package script '/home/vboxuser/ros2_ws/install/lidar_turtlebot_activity/share/lidar_turtlebot_activity/package.zsh'
[12.256s] Level 1:colcon.colcon_core.environment:create_file_with_runtime_dependencies(/home/vboxuser/ros2_ws/install/lidar_turtlebot_activity/share/colcon-core/packages/lidar_turtlebot_activity)
[12.259s] INFO:colcon.colcon_ros.task.ament_python.build:Building ROS package in '/home/vboxuser/ros2_ws/src/waypoint_navigator' with build type 'ament_python'
[12.268s] Level 1:colcon.colcon_core.shell:create_environment_hook('waypoint_navigator', 'ament_prefix_path')
[12.271s] INFO:colcon.colcon_core.shell:Creating environment hook '/home/vboxuser/ros2_ws/install/waypoint_navigator/share/waypoint_navigator/hook/ament_prefix_path.ps1'
[12.275s] INFO:colcon.colcon_core.shell:Creating environment descriptor '/home/vboxuser/ros2_ws/install/waypoint_navigator/share/waypoint_navigator/hook/ament_prefix_path.dsv'
[12.276s] INFO:colcon.colcon_core.shell:Creating environment hook '/home/vboxuser/ros2_ws/install/waypoint_navigator/share/waypoint_navigator/hook/ament_prefix_path.sh'
[12.279s] INFO:colcon.colcon_core.shell:Skip shell extension 'powershell' for command environment: Not usable outside of PowerShell
[12.279s] DEBUG:colcon.colcon_core.shell:Skip shell extension 'dsv' for command environment
[13.898s] INFO:colcon.colcon_core.task.python.build:Building Python package in '/home/vboxuser/ros2_ws/src/waypoint_navigator'
[13.899s] INFO:colcon.colcon_core.shell:Skip shell extension 'powershell' for command environment: Not usable outside of PowerShell
[13.899s] DEBUG:colcon.colcon_core.shell:Skip shell extension 'dsv' for command environment
[14.036s] DEBUG:colcon.colcon_core.event_handler.log_command:Invoking command in '/home/vboxuser/ros2_ws/src/turtle_sim_pkg': PYTHONPATH=/home/vboxuser/ros2_ws/build/turtle_sim_pkg/prefix_override:/usr/lib/python3/dist-packages/colcon_core/task/python/colcon_distutils_commands:/home/vboxuser/ros2_ws/install/turtle_sim_pkg/lib/python3.10/site-packages:${PYTHONPATH} /usr/bin/python3 -W ignore:setup.py install is deprecated -W ignore:easy_install command is deprecated setup.py egg_info --egg-base ../../build/turtle_sim_pkg build --build-base /home/vboxuser/ros2_ws/build/turtle_sim_pkg/build install --record /home/vboxuser/ros2_ws/build/turtle_sim_pkg/install.log --single-version-externally-managed install_data
[14.664s] DEBUG:colcon.colcon_core.event_handler.log_command:Invoking command in '/home/vboxuser/ros2_ws/src/waypoint_navigator': PYTHONPATH=/home/vboxuser/ros2_ws/build/waypoint_navigator/prefix_override:/usr/lib/python3/dist-packages/colcon_core/task/python/colcon_distutils_commands:/home/vboxuser/ros2_ws/install/waypoint_navigator/lib/python3.10/site-packages:${PYTHONPATH} /usr/bin/python3 -W ignore:setup.py install is deprecated -W ignore:easy_install command is deprecated setup.py egg_info --egg-base ../../build/waypoint_navigator build --build-base /home/vboxuser/ros2_ws/build/waypoint_navigator/build install --record /home/vboxuser/ros2_ws/build/waypoint_navigator/install.log --single-version-externally-managed install_data
[14.727s] Level 1:colcon.colcon_core.environment:checking '/home/vboxuser/ros2_ws/install/turtle_sim_pkg' for CMake module files
[14.727s] DEBUG:colcon.colcon_core.event_handler.log_command:Invoked command in '/home/vboxuser/ros2_ws/src/turtle_sim_pkg' returned '0': PYTHONPATH=/home/vboxuser/ros2_ws/build/turtle_sim_pkg/prefix_override:/usr/lib/python3/dist-packages/colcon_core/task/python/colcon_distutils_commands:/home/vboxuser/ros2_ws/install/turtle_sim_pkg/lib/python3.10/site-packages:${PYTHONPATH} /usr/bin/python3 -W ignore:setup.py install is deprecated -W ignore:easy_install command is deprecated setup.py egg_info --egg-base ../../build/turtle_sim_pkg build --build-base /home/vboxuser/ros2_ws/build/turtle_sim_pkg/build install --record /home/vboxuser/ros2_ws/build/turtle_sim_pkg/install.log --single-version-externally-managed install_data
[14.728s] Level 1:colcon.colcon_core.environment:checking '/home/vboxuser/ros2_ws/install/turtle_sim_pkg' for CMake config files
[14.729s] Level 1:colcon.colcon_core.environment:checking '/home/vboxuser/ros2_ws/install/turtle_sim_pkg/lib'
[14.730s] Level 1:colcon.colcon_core.environment:checking '/home/vboxuser/ros2_ws/install/turtle_sim_pkg/bin'
[14.730s] Level 1:colcon.colcon_core.environment:checking '/home/vboxuser/ros2_ws/install/turtle_sim_pkg/lib/pkgconfig/turtle_sim_pkg.pc'
[14.731s] Level 1:colcon.colcon_core.environment:checking '/home/vboxuser/ros2_ws/install/turtle_sim_pkg/lib/python3.10/site-packages'
[14.731s] Level 1:colcon.colcon_core.shell:create_environment_hook('turtle_sim_pkg', 'pythonpath')
[14.732s] INFO:colcon.colcon_core.shell:Creating environment hook '/home/vboxuser/ros2_ws/install/turtle_sim_pkg/share/turtle_sim_pkg/hook/pythonpath.ps1'
[14.733s] INFO:colcon.colcon_core.shell:Creating environment descriptor '/home/vboxuser/ros2_ws/install/turtle_sim_pkg/share/turtle_sim_pkg/hook/pythonpath.dsv'
[14.733s] INFO:colcon.colcon_core.shell:Creating environment hook '/home/vboxuser/ros2_ws/install/turtle_sim_pkg/share/turtle_sim_pkg/hook/pythonpath.sh'
[14.735s] Level 1:colcon.colcon_core.environment:checking '/home/vboxuser/ros2_ws/install/turtle_sim_pkg/bin'
[14.735s] Level 1:colcon.colcon_core.environment:create_environment_scripts_only(turtle_sim_pkg)
[14.735s] INFO:colcon.colcon_core.shell:Creating package script '/home/vboxuser/ros2_ws/install/turtle_sim_pkg/share/turtle_sim_pkg/package.ps1'
[14.740s] INFO:colcon.colcon_core.shell:Creating package descriptor '/home/vboxuser/ros2_ws/install/turtle_sim_pkg/share/turtle_sim_pkg/package.dsv'
[14.743s] INFO:colcon.colcon_core.shell:Creating package script '/home/vboxuser/ros2_ws/install/turtle_sim_pkg/share/turtle_sim_pkg/package.sh'
[14.744s] INFO:colcon.colcon_core.shell:Creating package script '/home/vboxuser/ros2_ws/install/turtle_sim_pkg/share/turtle_sim_pkg/package.bash'
[14.746s] INFO:colcon.colcon_core.shell:Creating package script '/home/vboxuser/ros2_ws/install/turtle_sim_pkg/share/turtle_sim_pkg/package.zsh'
[14.747s] Level 1:colcon.colcon_core.environment:create_file_with_runtime_dependencies(/home/vboxuser/ros2_ws/install/turtle_sim_pkg/share/colcon-core/packages/turtle_sim_pkg)
[15.418s] Level 1:colcon.colcon_core.environment:checking '/home/vboxuser/ros2_ws/install/waypoint_navigator' for CMake module files
[15.419s] DEBUG:colcon.colcon_core.event_handler.log_command:Invoked command in '/home/vboxuser/ros2_ws/src/waypoint_navigator' returned '0': PYTHONPATH=/home/vboxuser/ros2_ws/build/waypoint_navigator/prefix_override:/usr/lib/python3/dist-packages/colcon_core/task/python/colcon_distutils_commands:/home/vboxuser/ros2_ws/install/waypoint_navigator/lib/python3.10/site-packages:${PYTHONPATH} /usr/bin/python3 -W ignore:setup.py install is deprecated -W ignore:easy_install command is deprecated setup.py egg_info --egg-base ../../build/waypoint_navigator build --build-base /home/vboxuser/ros2_ws/build/waypoint_navigator/build install --record /home/vboxuser/ros2_ws/build/waypoint_navigator/install.log --single-version-externally-managed install_data
[15.420s] Level 1:colcon.colcon_core.environment:checking '/home/vboxuser/ros2_ws/install/waypoint_navigator' for CMake config files
[15.429s] Level 1:colcon.colcon_core.environment:checking '/home/vboxuser/ros2_ws/install/waypoint_navigator/lib'
[15.431s] Level 1:colcon.colcon_core.environment:checking '/home/vboxuser/ros2_ws/install/waypoint_navigator/bin'
[15.433s] Level 1:colcon.colcon_core.environment:checking '/home/vboxuser/ros2_ws/install/waypoint_navigator/lib/pkgconfig/waypoint_navigator.pc'
[15.436s] Level 1:colcon.colcon_core.environment:checking '/home/vboxuser/ros2_ws/install/waypoint_navigator/lib/python3.10/site-packages'
[15.437s] Level 1:colcon.colcon_core.shell:create_environment_hook('waypoint_navigator', 'pythonpath')
[15.440s] INFO:colcon.colcon_core.shell:Creating environment hook '/home/vboxuser/ros2_ws/install/waypoint_navigator/share/waypoint_navigator/hook/pythonpath.ps1'
[15.443s] INFO:colcon.colcon_core.shell:Creating environment descriptor '/home/vboxuser/ros2_ws/install/waypoint_navigator/share/waypoint_navigator/hook/pythonpath.dsv'
[15.445s] INFO:colcon.colcon_core.shell:Creating environment hook '/home/vboxuser/ros2_ws/install/waypoint_navigator/share/waypoint_navigator/hook/pythonpath.sh'
[15.451s] Level 1:colcon.colcon_core.environment:checking '/home/vboxuser/ros2_ws/install/waypoint_navigator/bin'
[15.452s] Level 1:colcon.colcon_core.environment:create_environment_scripts_only(waypoint_navigator)
[15.456s] INFO:colcon.colcon_core.shell:Creating package script '/home/vboxuser/ros2_ws/install/waypoint_navigator/share/waypoint_navigator/package.ps1'
[15.464s] INFO:colcon.colcon_core.shell:Creating package descriptor '/home/vboxuser/ros2_ws/install/waypoint_navigator/share/waypoint_navigator/package.dsv'
[15.469s] INFO:colcon.colcon_core.shell:Creating package script '/home/vboxuser/ros2_ws/install/waypoint_navigator/share/waypoint_navigator/package.sh'
[15.474s] INFO:colcon.colcon_core.shell:Creating package script '/home/vboxuser/ros2_ws/install/waypoint_navigator/share/waypoint_navigator/package.bash'
[15.480s] INFO:colcon.colcon_core.shell:Creating package script '/home/vboxuser/ros2_ws/install/waypoint_navigator/share/waypoint_navigator/package.zsh'
[15.489s] Level 1:colcon.colcon_core.environment:create_file_with_runtime_dependencies(/home/vboxuser/ros2_ws/install/waypoint_navigator/share/colcon-core/packages/waypoint_navigator)
[15.490s] DEBUG:colcon.colcon_parallel_executor.executor.parallel:closing loop
[15.492s] DEBUG:colcon.colcon_parallel_executor.executor.parallel:loop closed
[15.493s] DEBUG:colcon.colcon_parallel_executor.executor.parallel:run_until_complete finished with '0'
[15.493s] DEBUG:colcon.colcon_core.event_reactor:joining thread
[15.518s] INFO:colcon.colcon_core.plugin_system:Skipping extension 'colcon_notification.desktop_notification.terminal_notifier': Not used on non-Darwin systems
[15.519s] INFO:colcon.colcon_core.plugin_system:Skipping extension 'colcon_notification.desktop_notification.win32': Not used on non-Windows systems
[15.519s] INFO:colcon.colcon_notification.desktop_notification:Sending desktop notification using 'notify2'
[15.587s] DEBUG:colcon.colcon_core.event_reactor:joined thread
[15.588s] INFO:colcon.colcon_core.shell:Creating prefix script '/home/vboxuser/ros2_ws/install/local_setup.ps1'
[15.592s] INFO:colcon.colcon_core.shell:Creating prefix util module '/home/vboxuser/ros2_ws/install/_local_setup_util_ps1.py'
[15.597s] INFO:colcon.colcon_core.shell:Creating prefix chain script '/home/vboxuser/ros2_ws/install/setup.ps1'
[15.618s] INFO:colcon.colcon_core.shell:Creating prefix script '/home/vboxuser/ros2_ws/install/local_setup.sh'
[15.620s] INFO:colcon.colcon_core.shell:Creating prefix util module '/home/vboxuser/ros2_ws/install/_local_setup_util_sh.py'
[15.621s] INFO:colcon.colcon_core.shell:Creating prefix chain script '/home/vboxuser/ros2_ws/install/setup.sh'
[15.634s] INFO:colcon.colcon_core.shell:Creating prefix script '/home/vboxuser/ros2_ws/install/local_setup.bash'
[15.636s] INFO:colcon.colcon_core.shell:Creating prefix chain script '/home/vboxuser/ros2_ws/install/setup.bash'
[15.640s] INFO:colcon.colcon_core.shell:Creating prefix script '/home/vboxuser/ros2_ws/install/local_setup.zsh'
[15.659s] INFO:colcon.colcon_core.shell:Creating prefix chain script '/home/vboxuser/ros2_ws/install/setup.zsh'
