[4.201s] Invoking command in '/home/vboxuser/ros2_ws/src/turtle_sim_pkg': PYTHONPATH=/home/vboxuser/ros2_ws/build/turtle_sim_pkg/prefix_override:/usr/lib/python3/dist-packages/colcon_core/task/python/colcon_distutils_commands:/home/vboxuser/ros2_ws/install/turtle_sim_pkg/lib/python3.10/site-packages:${PYTHONPATH} /usr/bin/python3 -W ignore:setup.py install is deprecated -W ignore:easy_install command is deprecated setup.py egg_info --egg-base ../../build/turtle_sim_pkg build --build-base /home/vboxuser/ros2_ws/build/turtle_sim_pkg/build install --record /home/vboxuser/ros2_ws/build/turtle_sim_pkg/install.log --single-version-externally-managed install_data
[5.089s] running egg_info
[5.089s] creating ../../build/turtle_sim_pkg/turtle_sim_pkg.egg-info
[5.090s] writing ../../build/turtle_sim_pkg/turtle_sim_pkg.egg-info/PKG-INFO
[5.090s] writing dependency_links to ../../build/turtle_sim_pkg/turtle_sim_pkg.egg-info/dependency_links.txt
[5.090s] writing entry points to ../../build/turtle_sim_pkg/turtle_sim_pkg.egg-info/entry_points.txt
[5.090s] writing requirements to ../../build/turtle_sim_pkg/turtle_sim_pkg.egg-info/requires.txt
[5.091s] writing top-level names to ../../build/turtle_sim_pkg/turtle_sim_pkg.egg-info/top_level.txt
[5.091s] writing manifest file '../../build/turtle_sim_pkg/turtle_sim_pkg.egg-info/SOURCES.txt'
[5.097s] reading manifest file '../../build/turtle_sim_pkg/turtle_sim_pkg.egg-info/SOURCES.txt'
[5.097s] adding license file 'LICENSE'
[5.099s] writing manifest file '../../build/turtle_sim_pkg/turtle_sim_pkg.egg-info/SOURCES.txt'
[5.103s] running build
[5.103s] running build_py
[5.103s] creating /home/vboxuser/ros2_ws/build/turtle_sim_pkg/build
[5.104s] creating /home/vboxuser/ros2_ws/build/turtle_sim_pkg/build/lib
[5.104s] creating /home/vboxuser/ros2_ws/build/turtle_sim_pkg/build/lib/turtle_sim_pkg
[5.105s] copying turtle_sim_pkg/draw_sqaure.py -> /home/vboxuser/ros2_ws/build/turtle_sim_pkg/build/lib/turtle_sim_pkg
[5.105s] copying turtle_sim_pkg/go_to_goal.py -> /home/vboxuser/ros2_ws/build/turtle_sim_pkg/build/lib/turtle_sim_pkg
[5.105s] copying turtle_sim_pkg/pose_subscriber.py -> /home/vboxuser/ros2_ws/build/turtle_sim_pkg/build/lib/turtle_sim_pkg
[5.105s] copying turtle_sim_pkg/__init__.py -> /home/vboxuser/ros2_ws/build/turtle_sim_pkg/build/lib/turtle_sim_pkg
[5.106s] running install
[5.110s] running install_lib
[5.121s] creating /home/vboxuser/ros2_ws/install/turtle_sim_pkg/lib/python3.10/site-packages/turtle_sim_pkg
[5.121s] copying /home/vboxuser/ros2_ws/build/turtle_sim_pkg/build/lib/turtle_sim_pkg/draw_sqaure.py -> /home/vboxuser/ros2_ws/install/turtle_sim_pkg/lib/python3.10/site-packages/turtle_sim_pkg
[5.121s] copying /home/vboxuser/ros2_ws/build/turtle_sim_pkg/build/lib/turtle_sim_pkg/go_to_goal.py -> /home/vboxuser/ros2_ws/install/turtle_sim_pkg/lib/python3.10/site-packages/turtle_sim_pkg
[5.122s] copying /home/vboxuser/ros2_ws/build/turtle_sim_pkg/build/lib/turtle_sim_pkg/pose_subscriber.py -> /home/vboxuser/ros2_ws/install/turtle_sim_pkg/lib/python3.10/site-packages/turtle_sim_pkg
[5.122s] copying /home/vboxuser/ros2_ws/build/turtle_sim_pkg/build/lib/turtle_sim_pkg/__init__.py -> /home/vboxuser/ros2_ws/install/turtle_sim_pkg/lib/python3.10/site-packages/turtle_sim_pkg
[5.122s] byte-compiling /home/vboxuser/ros2_ws/install/turtle_sim_pkg/lib/python3.10/site-packages/turtle_sim_pkg/draw_sqaure.py to draw_sqaure.cpython-310.pyc
[5.126s] byte-compiling /home/vboxuser/ros2_ws/install/turtle_sim_pkg/lib/python3.10/site-packages/turtle_sim_pkg/go_to_goal.py to go_to_goal.cpython-310.pyc
[5.127s] byte-compiling /home/vboxuser/ros2_ws/install/turtle_sim_pkg/lib/python3.10/site-packages/turtle_sim_pkg/pose_subscriber.py to pose_subscriber.cpython-310.pyc
[5.129s] byte-compiling /home/vboxuser/ros2_ws/install/turtle_sim_pkg/lib/python3.10/site-packages/turtle_sim_pkg/__init__.py to __init__.cpython-310.pyc
[5.139s] running install_data
[5.139s] creating /home/vboxuser/ros2_ws/install/turtle_sim_pkg/share/ament_index
[5.139s] creating /home/vboxuser/ros2_ws/install/turtle_sim_pkg/share/ament_index/resource_index
[5.139s] creating /home/vboxuser/ros2_ws/install/turtle_sim_pkg/share/ament_index/resource_index/packages
[5.139s] copying resource/turtle_sim_pkg -> /home/vboxuser/ros2_ws/install/turtle_sim_pkg/share/ament_index/resource_index/packages
[5.139s] copying package.xml -> /home/vboxuser/ros2_ws/install/turtle_sim_pkg/share/turtle_sim_pkg
[5.139s] running install_egg_info
[5.140s] Copying ../../build/turtle_sim_pkg/turtle_sim_pkg.egg-info to /home/vboxuser/ros2_ws/install/turtle_sim_pkg/lib/python3.10/site-packages/turtle_sim_pkg-0.0.0-py3.10.egg-info
[5.147s] running install_scripts
[5.206s] Installing draw_square script to /home/vboxuser/ros2_ws/install/turtle_sim_pkg/lib/turtle_sim_pkg
[5.206s] Installing go_to_goal script to /home/vboxuser/ros2_ws/install/turtle_sim_pkg/lib/turtle_sim_pkg
[5.209s] Installing pose_subscriber script to /home/vboxuser/ros2_ws/install/turtle_sim_pkg/lib/turtle_sim_pkg
[5.212s] writing list of installed files to '/home/vboxuser/ros2_ws/build/turtle_sim_pkg/install.log'
[5.278s] Invoked command in '/home/vboxuser/ros2_ws/src/turtle_sim_pkg' returned '0': PYTHONPATH=/home/vboxuser/ros2_ws/build/turtle_sim_pkg/prefix_override:/usr/lib/python3/dist-packages/colcon_core/task/python/colcon_distutils_commands:/home/vboxuser/ros2_ws/install/turtle_sim_pkg/lib/python3.10/site-packages:${PYTHONPATH} /usr/bin/python3 -W ignore:setup.py install is deprecated -W ignore:easy_install command is deprecated setup.py egg_info --egg-base ../../build/turtle_sim_pkg build --build-base /home/vboxuser/ros2_ws/build/turtle_sim_pkg/build install --record /home/vboxuser/ros2_ws/build/turtle_sim_pkg/install.log --single-version-externally-managed install_data
