running egg_info
creating ../../build/turtle_sim_pkg/turtle_sim_pkg.egg-info
writing ../../build/turtle_sim_pkg/turtle_sim_pkg.egg-info/PKG-INFO
writing dependency_links to ../../build/turtle_sim_pkg/turtle_sim_pkg.egg-info/dependency_links.txt
writing entry points to ../../build/turtle_sim_pkg/turtle_sim_pkg.egg-info/entry_points.txt
writing requirements to ../../build/turtle_sim_pkg/turtle_sim_pkg.egg-info/requires.txt
writing top-level names to ../../build/turtle_sim_pkg/turtle_sim_pkg.egg-info/top_level.txt
writing manifest file '../../build/turtle_sim_pkg/turtle_sim_pkg.egg-info/SOURCES.txt'
reading manifest file '../../build/turtle_sim_pkg/turtle_sim_pkg.egg-info/SOURCES.txt'
adding license file 'LICENSE'
writing manifest file '../../build/turtle_sim_pkg/turtle_sim_pkg.egg-info/SOURCES.txt'
running build
running build_py
creating /home/vboxuser/ros2_ws/build/turtle_sim_pkg/build
creating /home/vboxuser/ros2_ws/build/turtle_sim_pkg/build/lib
creating /home/vboxuser/ros2_ws/build/turtle_sim_pkg/build/lib/turtle_sim_pkg
copying turtle_sim_pkg/go_to_goal.py -> /home/vboxuser/ros2_ws/build/turtle_sim_pkg/build/lib/turtle_sim_pkg
copying turtle_sim_pkg/draw_square.py -> /home/vboxuser/ros2_ws/build/turtle_sim_pkg/build/lib/turtle_sim_pkg
copying turtle_sim_pkg/pose_subscriber.py -> /home/vboxuser/ros2_ws/build/turtle_sim_pkg/build/lib/turtle_sim_pkg
copying turtle_sim_pkg/__init__.py -> /home/vboxuser/ros2_ws/build/turtle_sim_pkg/build/lib/turtle_sim_pkg
running install
running install_lib
creating /home/vboxuser/ros2_ws/install/turtle_sim_pkg/lib/python3.10/site-packages/turtle_sim_pkg
copying /home/vboxuser/ros2_ws/build/turtle_sim_pkg/build/lib/turtle_sim_pkg/go_to_goal.py -> /home/vboxuser/ros2_ws/install/turtle_sim_pkg/lib/python3.10/site-packages/turtle_sim_pkg
copying /home/vboxuser/ros2_ws/build/turtle_sim_pkg/build/lib/turtle_sim_pkg/draw_square.py -> /home/vboxuser/ros2_ws/install/turtle_sim_pkg/lib/python3.10/site-packages/turtle_sim_pkg
copying /home/vboxuser/ros2_ws/build/turtle_sim_pkg/build/lib/turtle_sim_pkg/pose_subscriber.py -> /home/vboxuser/ros2_ws/install/turtle_sim_pkg/lib/python3.10/site-packages/turtle_sim_pkg
copying /home/vboxuser/ros2_ws/build/turtle_sim_pkg/build/lib/turtle_sim_pkg/__init__.py -> /home/vboxuser/ros2_ws/install/turtle_sim_pkg/lib/python3.10/site-packages/turtle_sim_pkg
byte-compiling /home/vboxuser/ros2_ws/install/turtle_sim_pkg/lib/python3.10/site-packages/turtle_sim_pkg/go_to_goal.py to go_to_goal.cpython-310.pyc
byte-compiling /home/vboxuser/ros2_ws/install/turtle_sim_pkg/lib/python3.10/site-packages/turtle_sim_pkg/draw_square.py to draw_square.cpython-310.pyc
byte-compiling /home/vboxuser/ros2_ws/install/turtle_sim_pkg/lib/python3.10/site-packages/turtle_sim_pkg/pose_subscriber.py to pose_subscriber.cpython-310.pyc
byte-compiling /home/vboxuser/ros2_ws/install/turtle_sim_pkg/lib/python3.10/site-packages/turtle_sim_pkg/__init__.py to __init__.cpython-310.pyc
running install_data
creating /home/vboxuser/ros2_ws/install/turtle_sim_pkg/share/ament_index
creating /home/vboxuser/ros2_ws/install/turtle_sim_pkg/share/ament_index/resource_index
creating /home/vboxuser/ros2_ws/install/turtle_sim_pkg/share/ament_index/resource_index/packages
copying resource/turtle_sim_pkg -> /home/vboxuser/ros2_ws/install/turtle_sim_pkg/share/ament_index/resource_index/packages
copying package.xml -> /home/vboxuser/ros2_ws/install/turtle_sim_pkg/share/turtle_sim_pkg
running install_egg_info
Copying ../../build/turtle_sim_pkg/turtle_sim_pkg.egg-info to /home/vboxuser/ros2_ws/install/turtle_sim_pkg/lib/python3.10/site-packages/turtle_sim_pkg-0.0.0-py3.10.egg-info
running install_scripts
Installing draw_square script to /home/vboxuser/ros2_ws/install/turtle_sim_pkg/lib/turtle_sim_pkg
Installing go_to_goal script to /home/vboxuser/ros2_ws/install/turtle_sim_pkg/lib/turtle_sim_pkg
Installing pose_subscriber script to /home/vboxuser/ros2_ws/install/turtle_sim_pkg/lib/turtle_sim_pkg
writing list of installed files to '/home/vboxuser/ros2_ws/build/turtle_sim_pkg/install.log'
