[3.263s] Invoking command in '/home/vboxuser/ros2_ws/src/turtle_sim_pkg': PYTHONPATH=/home/vboxuser/ros2_ws/build/turtle_sim_pkg/prefix_override:/usr/lib/python3/dist-packages/colcon_core/task/python/colcon_distutils_commands:/home/vboxuser/ros2_ws/install/turtle_sim_pkg/lib/python3.10/site-packages:${PYTHONPATH} /usr/bin/python3 -W ignore:setup.py install is deprecated -W ignore:easy_install command is deprecated setup.py egg_info --egg-base ../../build/turtle_sim_pkg build --build-base /home/vboxuser/ros2_ws/build/turtle_sim_pkg/build install --record /home/vboxuser/ros2_ws/build/turtle_sim_pkg/install.log --single-version-externally-managed install_data
[4.571s] running egg_info
[4.572s] writing ../../build/turtle_sim_pkg/turtle_sim_pkg.egg-info/PKG-INFO
[4.572s] writing dependency_links to ../../build/turtle_sim_pkg/turtle_sim_pkg.egg-info/dependency_links.txt
[4.572s] writing entry points to ../../build/turtle_sim_pkg/turtle_sim_pkg.egg-info/entry_points.txt
[4.572s] writing requirements to ../../build/turtle_sim_pkg/turtle_sim_pkg.egg-info/requires.txt
[4.573s] writing top-level names to ../../build/turtle_sim_pkg/turtle_sim_pkg.egg-info/top_level.txt
[4.599s] reading manifest file '../../build/turtle_sim_pkg/turtle_sim_pkg.egg-info/SOURCES.txt'
[4.600s] adding license file 'LICENSE'
[4.600s] writing manifest file '../../build/turtle_sim_pkg/turtle_sim_pkg.egg-info/SOURCES.txt'
[4.600s] running build
[4.600s] running build_py
[4.600s] running install
[4.601s] running install_lib
[4.604s] running install_data
[4.615s] running install_egg_info
[4.635s] removing '/home/vboxuser/ros2_ws/install/turtle_sim_pkg/lib/python3.10/site-packages/turtle_sim_pkg-0.0.0-py3.10.egg-info' (and everything under it)
[4.635s] Copying ../../build/turtle_sim_pkg/turtle_sim_pkg.egg-info to /home/vboxuser/ros2_ws/install/turtle_sim_pkg/lib/python3.10/site-packages/turtle_sim_pkg-0.0.0-py3.10.egg-info
[4.635s] running install_scripts
[4.772s] Installing draw_square script to /home/vboxuser/ros2_ws/install/turtle_sim_pkg/lib/turtle_sim_pkg
[4.779s] Installing go_to_goal script to /home/vboxuser/ros2_ws/install/turtle_sim_pkg/lib/turtle_sim_pkg
[4.782s] Installing pose_subscriber script to /home/vboxuser/ros2_ws/install/turtle_sim_pkg/lib/turtle_sim_pkg
[4.782s] writing list of installed files to '/home/vboxuser/ros2_ws/build/turtle_sim_pkg/install.log'
[4.913s] Invoked command in '/home/vboxuser/ros2_ws/src/turtle_sim_pkg' returned '0': PYTHONPATH=/home/vboxuser/ros2_ws/build/turtle_sim_pkg/prefix_override:/usr/lib/python3/dist-packages/colcon_core/task/python/colcon_distutils_commands:/home/vboxuser/ros2_ws/install/turtle_sim_pkg/lib/python3.10/site-packages:${PYTHONPATH} /usr/bin/python3 -W ignore:setup.py install is deprecated -W ignore:easy_install command is deprecated setup.py egg_info --egg-base ../../build/turtle_sim_pkg build --build-base /home/vboxuser/ros2_ws/build/turtle_sim_pkg/build install --record /home/vboxuser/ros2_ws/build/turtle_sim_pkg/install.log --single-version-externally-managed install_data
