running egg_info
creating ../../build/waypoint_navigator/waypoint_navigator.egg-info
writing ../../build/waypoint_navigator/waypoint_navigator.egg-info/PKG-INFO
writing dependency_links to ../../build/waypoint_navigator/waypoint_navigator.egg-info/dependency_links.txt
writing entry points to ../../build/waypoint_navigator/waypoint_navigator.egg-info/entry_points.txt
writing requirements to ../../build/waypoint_navigator/waypoint_navigator.egg-info/requires.txt
writing top-level names to ../../build/waypoint_navigator/waypoint_navigator.egg-info/top_level.txt
writing manifest file '../../build/waypoint_navigator/waypoint_navigator.egg-info/SOURCES.txt'
reading manifest file '../../build/waypoint_navigator/waypoint_navigator.egg-info/SOURCES.txt'
writing manifest file '../../build/waypoint_navigator/waypoint_navigator.egg-info/SOURCES.txt'
running build
running build_py
creating /home/vboxuser/ros2_ws/build/waypoint_navigator/build
creating /home/vboxuser/ros2_ws/build/waypoint_navigator/build/lib
creating /home/vboxuser/ros2_ws/build/waypoint_navigator/build/lib/waypoint_navigator
copying waypoint_navigator/waypoint_navigator_node.py -> /home/vboxuser/ros2_ws/build/waypoint_navigator/build/lib/waypoint_navigator
copying waypoint_navigator/__init__.py -> /home/vboxuser/ros2_ws/build/waypoint_navigator/build/lib/waypoint_navigator
running install
running install_lib
creating /home/vboxuser/ros2_ws/install/waypoint_navigator/lib/python3.10/site-packages/waypoint_navigator
copying /home/vboxuser/ros2_ws/build/waypoint_navigator/build/lib/waypoint_navigator/waypoint_navigator_node.py -> /home/vboxuser/ros2_ws/install/waypoint_navigator/lib/python3.10/site-packages/waypoint_navigator
copying /home/vboxuser/ros2_ws/build/waypoint_navigator/build/lib/waypoint_navigator/__init__.py -> /home/vboxuser/ros2_ws/install/waypoint_navigator/lib/python3.10/site-packages/waypoint_navigator
byte-compiling /home/vboxuser/ros2_ws/install/waypoint_navigator/lib/python3.10/site-packages/waypoint_navigator/waypoint_navigator_node.py to waypoint_navigator_node.cpython-310.pyc
byte-compiling /home/vboxuser/ros2_ws/install/waypoint_navigator/lib/python3.10/site-packages/waypoint_navigator/__init__.py to __init__.cpython-310.pyc
running install_data
creating /home/vboxuser/ros2_ws/install/waypoint_navigator/share/ament_index
creating /home/vboxuser/ros2_ws/install/waypoint_navigator/share/ament_index/resource_index
creating /home/vboxuser/ros2_ws/install/waypoint_navigator/share/ament_index/resource_index/packages
copying resource/waypoint_navigator -> /home/vboxuser/ros2_ws/install/waypoint_navigator/share/ament_index/resource_index/packages
copying package.xml -> /home/vboxuser/ros2_ws/install/waypoint_navigator/share/waypoint_navigator
running install_egg_info
Copying ../../build/waypoint_navigator/waypoint_navigator.egg-info to /home/vboxuser/ros2_ws/install/waypoint_navigator/lib/python3.10/site-packages/waypoint_navigator-0.0.0-py3.10.egg-info
running install_scripts
Installing waypoint_navigator_node script to /home/vboxuser/ros2_ws/install/waypoint_navigator/lib/waypoint_navigator
writing list of installed files to '/home/vboxuser/ros2_ws/build/waypoint_navigator/install.log'
