[5.036s] Invoking command in '/home/vboxuser/ros2_ws/src/waypoint_navigator': PYTHONPATH=/home/vboxuser/ros2_ws/build/waypoint_navigator/prefix_override:/usr/lib/python3/dist-packages/colcon_core/task/python/colcon_distutils_commands:/home/vboxuser/ros2_ws/install/waypoint_navigator/lib/python3.10/site-packages:${PYTHONPATH} /usr/bin/python3 -W ignore:setup.py install is deprecated -W ignore:easy_install command is deprecated setup.py egg_info --egg-base ../../build/waypoint_navigator build --build-base /home/vboxuser/ros2_ws/build/waypoint_navigator/build install --record /home/vboxuser/ros2_ws/build/waypoint_navigator/install.log --single-version-externally-managed install_data
[6.743s] running egg_info
[6.744s] creating ../../build/waypoint_navigator/waypoint_navigator.egg-info
[6.757s] writing ../../build/waypoint_navigator/waypoint_navigator.egg-info/PKG-INFO
[6.757s] writing dependency_links to ../../build/waypoint_navigator/waypoint_navigator.egg-info/dependency_links.txt
[6.757s] writing entry points to ../../build/waypoint_navigator/waypoint_navigator.egg-info/entry_points.txt
[6.757s] writing requirements to ../../build/waypoint_navigator/waypoint_navigator.egg-info/requires.txt
[6.758s] writing top-level names to ../../build/waypoint_navigator/waypoint_navigator.egg-info/top_level.txt
[6.758s] writing manifest file '../../build/waypoint_navigator/waypoint_navigator.egg-info/SOURCES.txt'
[6.767s] reading manifest file '../../build/waypoint_navigator/waypoint_navigator.egg-info/SOURCES.txt'
[6.769s] writing manifest file '../../build/waypoint_navigator/waypoint_navigator.egg-info/SOURCES.txt'
[6.781s] running build
[6.783s] running build_py
[6.783s] creating /home/vboxuser/ros2_ws/build/waypoint_navigator/build
[6.783s] creating /home/vboxuser/ros2_ws/build/waypoint_navigator/build/lib
[6.783s] creating /home/vboxuser/ros2_ws/build/waypoint_navigator/build/lib/waypoint_navigator
[6.783s] copying waypoint_navigator/waypoint_navigator_node.py -> /home/vboxuser/ros2_ws/build/waypoint_navigator/build/lib/waypoint_navigator
[6.783s] copying waypoint_navigator/__init__.py -> /home/vboxuser/ros2_ws/build/waypoint_navigator/build/lib/waypoint_navigator
[6.800s] running install
[6.800s] running install_lib
[6.800s] creating /home/vboxuser/ros2_ws/install/waypoint_navigator/lib/python3.10/site-packages/waypoint_navigator
[6.800s] copying /home/vboxuser/ros2_ws/build/waypoint_navigator/build/lib/waypoint_navigator/waypoint_navigator_node.py -> /home/vboxuser/ros2_ws/install/waypoint_navigator/lib/python3.10/site-packages/waypoint_navigator
[6.800s] copying /home/vboxuser/ros2_ws/build/waypoint_navigator/build/lib/waypoint_navigator/__init__.py -> /home/vboxuser/ros2_ws/install/waypoint_navigator/lib/python3.10/site-packages/waypoint_navigator
[6.801s] byte-compiling /home/vboxuser/ros2_ws/install/waypoint_navigator/lib/python3.10/site-packages/waypoint_navigator/waypoint_navigator_node.py to waypoint_navigator_node.cpython-310.pyc
[6.801s] byte-compiling /home/vboxuser/ros2_ws/install/waypoint_navigator/lib/python3.10/site-packages/waypoint_navigator/__init__.py to __init__.cpython-310.pyc
[6.801s] running install_data
[6.801s] creating /home/vboxuser/ros2_ws/install/waypoint_navigator/share/ament_index
[6.801s] creating /home/vboxuser/ros2_ws/install/waypoint_navigator/share/ament_index/resource_index
[6.801s] creating /home/vboxuser/ros2_ws/install/waypoint_navigator/share/ament_index/resource_index/packages
[6.801s] copying resource/waypoint_navigator -> /home/vboxuser/ros2_ws/install/waypoint_navigator/share/ament_index/resource_index/packages
[6.801s] copying package.xml -> /home/vboxuser/ros2_ws/install/waypoint_navigator/share/waypoint_navigator
[6.802s] running install_egg_info
[6.802s] Copying ../../build/waypoint_navigator/waypoint_navigator.egg-info to /home/vboxuser/ros2_ws/install/waypoint_navigator/lib/python3.10/site-packages/waypoint_navigator-0.0.0-py3.10.egg-info
[6.802s] running install_scripts
[6.878s] Installing waypoint_navigator_node script to /home/vboxuser/ros2_ws/install/waypoint_navigator/lib/waypoint_navigator
[6.902s] writing list of installed files to '/home/vboxuser/ros2_ws/build/waypoint_navigator/install.log'
[7.000s] Invoked command in '/home/vboxuser/ros2_ws/src/waypoint_navigator' returned '0': PYTHONPATH=/home/vboxuser/ros2_ws/build/waypoint_navigator/prefix_override:/usr/lib/python3/dist-packages/colcon_core/task/python/colcon_distutils_commands:/home/vboxuser/ros2_ws/install/waypoint_navigator/lib/python3.10/site-packages:${PYTHONPATH} /usr/bin/python3 -W ignore:setup.py install is deprecated -W ignore:easy_install command is deprecated setup.py egg_info --egg-base ../../build/waypoint_navigator build --build-base /home/vboxuser/ros2_ws/build/waypoint_navigator/build install --record /home/vboxuser/ros2_ws/build/waypoint_navigator/install.log --single-version-externally-managed install_data
